[2025-07-08 04:56:27,346][train_val_withOT_btad.py][line: 112][    INFO] args: Namespace(config='./config_btad_withOT.yaml', evaluate=True, lamda=0.02, local_rank=None, train_only_four_decoder=False)
[2025-07-08 04:56:27,348][train_val_withOT_btad.py][line: 113][    INFO] config: {'criterion': [{'kwargs': {'weight': 1.0},
                'name': 'FeatureMSELoss',
                'type': 'FeatureMSELoss'}],
 'dataset': {'batch_size': 16,
             'image_reader': {'kwargs': {'color_mode': 'RGB',
                                         'image_dir': '/home/sysmanager/customer/Desktop/ZZ/anomaly/GLAD-main/hdd/Datasets/BTAD'},
                              'type': 'opencv'},
             'input_size': [224, 224],
             'pixel_mean': [0.485, 0.456, 0.406],
             'pixel_std': [0.229, 0.224, 0.225],
             'test': {'meta_file': '../../data/BTAD/test.json'},
             'train': {'hflip': False,
                       'meta_file': '../../data/BTAD/train.json',
                       'rebalance': False,
                       'rotate': False,
                       'vflip': False},
             'type': 'custom',
             'workers': 4},
 'evaluator': {'eval_dir': './result_eval_temp_BTAD_from0_withOT',
               'key_metric': 'mean_max_auc',
               'metrics': {'auc': [{'name': 'std'},
                                   {'kwargs': {'avgpool_size': [16, 16]},
                                    'name': 'max'},
                                   {'name': 'pixel'},
                                   {'name': 'top250'},
                                   {'name': 'IImageap'},
                                   {'name': 'IImagef1max'},
                                   {'name': 'IImageauroc'},
                                   {'name': 'PPixelap'},
                                   {'name': 'PPixelf1max'},
                                   {'name': 'PPixelpro'},
                                   {'name': 'PPixelauroc'}]},
               'save_dir': 'result_eval_temp_BTAD_from0_withOT',
               'vis_compound': {'max_score': None,
                                'min_score': None,
                                'save_dir': 'checkpoints/HVQ_TR_switch_BTAD_from0/vis_compound_HVQ_TR_switch/visual_BTAD_from0_withOT'}},
 'exp_path': '.',
 'frozen_layers': ['backbone'],
 'log_path': './log/',
 'net': [{'frozen': True,
          'kwargs': {'outlayers': [1, 2, 3, 4], 'pretrained': True},
          'name': 'backbone',
          'type': 'models.backbones.efficientnet_b4'},
         {'kwargs': {'outstrides': [16]},
          'name': 'neck',
          'prev': 'backbone',
          'type': 'models.necks.MFCN'},
         {'kwargs': {'activation': 'relu',
                     'dim_feedforward': 1024,
                     'dropout': 0.1,
                     'feature_jitter': {'prob': 1.0, 'scale': 20.0},
                     'hidden_dim': 256,
                     'initializer': {'method': 'xavier_uniform'},
                     'neighbor_mask': {'mask': [True, True, True],
                                       'neighbor_size': [7, 7]},
                     'nhead': 8,
                     'normalize_before': False,
                     'num_decoder_layers': 4,
                     'num_encoder_layers': 4,
                     'pos_embed_type': 'learned',
                     'save_recon': {'save_dir': 'result_recon_BTAD_from0_withOT'}},
          'name': 'reconstruction',
          'prev': 'neck',
          'type': 'models.reconstructions.HVQ_TR_switch_OT'}],
 'port': 11111,
 'random_seed': 1234,
 'save_path': './checkpoints/HVQ_TR_switch_BTAD_from0_withOT',
 'saver': {'always_save': False,
           'auto_resume': False,
           'load_path': 'checkpoints',
           'log_dir': 'log/',
           'resume_model': '/home/sysmanager/customer/Desktop/ZZ/anomaly/CostFilterAD/Costfilter_hvqtrans/Costfilter_HVQ_btad/experiments/MVTec-AD/checkpoints/HVQ_TR_switch_BTAD_from0_withOT/ckpt_best.pth.tar',
           'save_dir': 'checkpoints/HVQ_TR_switch_BTAD_from0_withOT'},
 'trainer': {'clip_max_norm': 0.1,
             'lr_scheduler': {'kwargs': {'gamma': 0.1, 'step_size': 800},
                              'type': 'StepLR'},
             'max_epoch': 200,
             'optimizer': {'kwargs': {'betas': [0.9, 0.999],
                                      'lr': 0.0001,
                                      'weight_decay': 0.0001},
                           'type': 'AdamW'},
             'print_freq_step': 50,
             'tb_freq_step': 1,
             'val_freq_epoch': 10},
 'version': 'v1.0.0'}
[2025-07-08 04:56:32,261][       utils.py][line: 719][    INFO]  not exist, load from https://github.com/lukemelas/EfficientNet-PyTorch/releases/download/1.0/efficientnet-b4-6ed6700e.pth
[2025-07-08 04:56:32,561][       utils.py][line: 740][    INFO] Loaded ImageNet pretrained efficientnet-b4
[2025-07-08 04:56:37,417][train_val_withOT_btad.py][line: 142][    INFO] layers: ['backbone', 'neck', 'reconstruction']
[2025-07-08 04:56:37,417][train_val_withOT_btad.py][line: 143][    INFO] active layers: ['reconstruction', 'neck']
[2025-07-08 04:56:48,294][custom_dataset.py][line:  56][    INFO] building CustomDataset from: ../../data/BTAD/train.json
[2025-07-08 04:56:48,309][custom_dataset.py][line:  56][    INFO] building CustomDataset from: ../../data/BTAD/test.json
[2025-07-08 05:00:30,795][train_val_withOT_btad.py][line: 630][    INFO] Test: [100/741]	Time 0.270 (0.395)
[2025-07-08 05:00:54,887][train_val_withOT_btad.py][line: 630][    INFO] Test: [200/741]	Time 0.341 (0.318)
[2025-07-08 05:01:22,525][train_val_withOT_btad.py][line: 630][    INFO] Test: [300/741]	Time 0.322 (0.304)
[2025-07-08 05:01:52,186][train_val_withOT_btad.py][line: 630][    INFO] Test: [400/741]	Time 0.370 (0.302)
[2025-07-08 05:02:23,931][train_val_withOT_btad.py][line: 630][    INFO] Test: [500/741]	Time 0.450 (0.305)
[2025-07-08 05:02:56,200][train_val_withOT_btad.py][line: 630][    INFO] Test: [600/741]	Time 0.137 (0.308)
[2025-07-08 05:03:29,471][train_val_withOT_btad.py][line: 630][    INFO] Test: [700/741]	Time 0.329 (0.312)
[2025-07-08 05:03:42,366][train_val_withOT_btad.py][line: 657][    INFO] Gathering final results ...
