[2025-07-09 14:10:18,653][train_val_withOT_btad.py][line: 112][    INFO] args: Namespace(config='./config_btad_withOT.yaml', evaluate=True, lamda=0.02, local_rank=None, train_only_four_decoder=False)
[2025-07-09 14:10:18,655][train_val_withOT_btad.py][line: 113][    INFO] config: {'criterion': [{'kwargs': {'weight': 1.0},
                'name': 'FeatureMSELoss',
                'type': 'FeatureMSELoss'}],
 'dataset': {'batch_size': 16,
             'image_reader': {'kwargs': {'color_mode': 'RGB',
                                         'image_dir': '/home/sysmanager/customer/Desktop/ZZ/anomaly/GLAD-main/hdd/Datasets/BTAD'},
                              'type': 'opencv'},
             'input_size': [224, 224],
             'pixel_mean': [0.485, 0.456, 0.406],
             'pixel_std': [0.229, 0.224, 0.225],
             'test': {'meta_file': '../../data/BTAD/test.json'},
             'train': {'hflip': False,
                       'meta_file': '../../data/BTAD/train.json',
                       'rebalance': False,
                       'rotate': False,
                       'vflip': False},
             'type': 'custom',
             'workers': 4},
 'evaluator': {'eval_dir': './result_eval_temp_BTAD_from0_withOT',
               'key_metric': 'mean_max_auc',
               'metrics': {'auc': [{'name': 'std'},
                                   {'kwargs': {'avgpool_size': [16, 16]},
                                    'name': 'max'},
                                   {'name': 'pixel'},
                                   {'name': 'top250'},
                                   {'name': 'IImageap'},
                                   {'name': 'IImagef1max'},
                                   {'name': 'PPixelap'},
                                   {'name': 'PPixelf1max'},
                                   {'name': 'PPixelpro'}]},
               'save_dir': 'result_eval_temp_BTAD_from0_withOT',
               'vis_compound': {'max_score': None,
                                'min_score': None,
                                'save_dir': 'checkpoints/HVQ_TR_switch_BTAD_from0/vis_compound_HVQ_TR_switch/visual_BTAD_from0_withOT'}},
 'exp_path': '.',
 'frozen_layers': ['backbone'],
 'log_path': './log/',
 'net': [{'frozen': True,
          'kwargs': {'outlayers': [1, 2, 3, 4], 'pretrained': True},
          'name': 'backbone',
          'type': 'models.backbones.efficientnet_b4'},
         {'kwargs': {'outstrides': [16]},
          'name': 'neck',
          'prev': 'backbone',
          'type': 'models.necks.MFCN'},
         {'kwargs': {'activation': 'relu',
                     'dim_feedforward': 1024,
                     'dropout': 0.1,
                     'feature_jitter': {'prob': 1.0, 'scale': 20.0},
                     'hidden_dim': 256,
                     'initializer': {'method': 'xavier_uniform'},
                     'neighbor_mask': {'mask': [True, True, True],
                                       'neighbor_size': [7, 7]},
                     'nhead': 8,
                     'normalize_before': False,
                     'num_decoder_layers': 4,
                     'num_encoder_layers': 4,
                     'pos_embed_type': 'learned',
                     'save_recon': {'save_dir': 'result_recon_BTAD_from0_withOT'}},
          'name': 'reconstruction',
          'prev': 'neck',
          'type': 'models.reconstructions.HVQ_TR_switch_OT'}],
 'port': 11111,
 'random_seed': 1234,
 'save_path': './checkpoints/HVQ_TR_switch_BTAD_from0_withOT',
 'saver': {'always_save': False,
           'auto_resume': False,
           'load_path': 'checkpoints',
           'log_dir': 'log/',
           'resume_model': '/home/sysmanager/customer/Desktop/ZZ/anomaly/CostFilterAD/Costfilter_hvqtrans/Costfilter_HVQ_btad/experiments/MVTec-AD/checkpoints/HVQ_TR_switch_BTAD_from0_withOT/ckpt_best.pth.tar',
           'save_dir': 'checkpoints/HVQ_TR_switch_BTAD_from0_withOT'},
 'trainer': {'clip_max_norm': 0.1,
             'lr_scheduler': {'kwargs': {'gamma': 0.1, 'step_size': 800},
                              'type': 'StepLR'},
             'max_epoch': 5,
             'optimizer': {'kwargs': {'betas': [0.9, 0.999],
                                      'lr': 0.0001,
                                      'weight_decay': 0.0001},
                           'type': 'AdamW'},
             'print_freq_step': 50,
             'tb_freq_step': 1,
             'val_freq_epoch': 10},
 'version': 'v1.0.0'}
[2025-07-09 14:10:24,574][       utils.py][line: 719][    INFO]  not exist, load from https://github.com/lukemelas/EfficientNet-PyTorch/releases/download/1.0/efficientnet-b4-6ed6700e.pth
[2025-07-09 14:10:25,014][       utils.py][line: 740][    INFO] Loaded ImageNet pretrained efficientnet-b4
[2025-07-09 14:10:30,345][train_val_withOT_btad.py][line: 142][    INFO] layers: ['backbone', 'neck', 'reconstruction']
[2025-07-09 14:10:30,345][train_val_withOT_btad.py][line: 143][    INFO] active layers: ['neck', 'reconstruction']
[2025-07-09 14:10:41,052][custom_dataset.py][line:  56][    INFO] building CustomDataset from: ../../data/BTAD/train.json
[2025-07-09 14:10:41,066][custom_dataset.py][line:  56][    INFO] building CustomDataset from: ../../data/BTAD/test.json
[2025-07-09 14:11:11,757][train_val_withOT_btad.py][line: 630][    INFO] Test: [100/741]	Time 0.091 (0.280)
[2025-07-09 14:11:25,304][train_val_withOT_btad.py][line: 630][    INFO] Test: [200/741]	Time 0.123 (0.208)
[2025-07-09 14:11:39,936][train_val_withOT_btad.py][line: 630][    INFO] Test: [300/741]	Time 0.120 (0.187)
[2025-07-09 14:11:53,214][train_val_withOT_btad.py][line: 630][    INFO] Test: [400/741]	Time 0.097 (0.174)
[2025-07-09 14:12:07,555][train_val_withOT_btad.py][line: 630][    INFO] Test: [500/741]	Time 0.159 (0.168)
[2025-07-09 14:12:20,597][train_val_withOT_btad.py][line: 630][    INFO] Test: [600/741]	Time 0.096 (0.161)
[2025-07-09 14:12:33,541][train_val_withOT_btad.py][line: 630][    INFO] Test: [700/741]	Time 0.165 (0.157)
[2025-07-09 14:12:39,078][train_val_withOT_btad.py][line: 657][    INFO] Gathering final results ...
[2025-07-09 14:17:18,075][eval_helper1.py][line: 445][    INFO] 
|  clsname  |   std    |   max    |  IImageap  |  pixel   |  PPixelf1max  |  PPixelpro  |  IImagef1max  |  top250  |  PPixelap  |
|:---------:|:--------:|:--------:|:----------:|:--------:|:-------------:|:-----------:|:-------------:|:--------:|:----------:|
|    03     | 0.999528 | 0.999685 |  0.995764  | 0.994542 |    0.45664    |  0.977905   |   0.984127    | 0.999685 |  0.45548   |
|    02     | 0.783271 | 0.814881 |  0.969818  | 0.946062 |   0.512456    |  0.513589   |   0.927739    | 0.817637 |  0.440728  |
|    01     | 0.952381 | 0.980564 |  0.993679  | 0.966945 |   0.537678    |  0.739058   |   0.969072    | 0.983479 |  0.513356  |
|   mean    | 0.911727 | 0.93171  |  0.98642   | 0.969183 |   0.502258    |  0.743517   |   0.960313    |  0.9336  |  0.469855  |
