nohup: ignoring input
/home/ZZ/anomaly/Dinomaly-master/dinov2/layers/swiglu_ffn.py:51: UserWarning: xFormers is not available (SwiGLU)
  warnings.warn("xFormers is not available (SwiGLU)")
/home/ZZ/anomaly/Dinomaly-master/dinov2/layers/attention.py:33: UserWarning: xFormers is not available (Attention)
  warnings.warn("xFormers is not available (Attention)")
/home/ZZ/anomaly/Dinomaly-master/dinov2/layers/block.py:38: UserWarning: xFormers is not available (Block)
  warnings.warn("xFormers is not available (Block)")
/root/anaconda3/envs/Glad/lib/python3.8/site-packages/timm/models/layers/__init__.py:48: FutureWarning: Importing from timm.models.layers is deprecated, please import via timm.layers
  warnings.warn(f"Importing from {__name__} is deprecated, please import via timm.layers", FutureWarning)
cuda:0
train image number:8659
iter [99/10000], loss:0.2591
iter [199/10000], loss:0.0959
iter [299/10000], loss:0.0744
iter [399/10000], loss:0.0661
iter [499/10000], loss:0.0624
iter [599/10000], loss:0.0578
iter [699/10000], loss:0.0562
iter [799/10000], loss:0.0551
iter [899/10000], loss:0.0542
iter [999/10000], loss:0.0526
candle: I-Auroc:0.9812, I-AP:0.9819, I-F1:0.9453, P-AUROC:0.9934, P-AP:0.3996, P-F1:0.4778, P-AUPRO:0.9518
capsules: I-Auroc:0.9775, I-AP:0.9837, I-F1:0.9474, P-AUROC:0.9947, P-AP:0.6150, P-F1:0.6359, P-AUPRO:0.9711
cashew: I-Auroc:0.9658, I-AP:0.9838, I-F1:0.9327, P-AUROC:0.9304, P-AP:0.5586, P-F1:0.5642, P-AUPRO:0.9211
chewinggum: I-Auroc:0.9924, I-AP:0.9964, I-F1:0.9655, P-AUROC:0.9889, P-AP:0.5363, P-F1:0.6310, P-AUPRO:0.8601
fryum: I-Auroc:0.9806, I-AP:0.9908, I-F1:0.9500, P-AUROC:0.9634, P-AP:0.5175, P-F1:0.5259, P-AUPRO:0.9349
macaroni1: I-Auroc:0.9615, I-AP:0.9542, I-F1:0.9135, P-AUROC:0.9950, P-AP:0.2813, P-F1:0.3770, P-AUPRO:0.9570
macaroni2: I-Auroc:0.9169, I-AP:0.9050, I-F1:0.8649, P-AUROC:0.9962, P-AP:0.2309, P-F1:0.3407, P-AUPRO:0.9808
pcb1: I-Auroc:0.9790, I-AP:0.9739, I-F1:0.9500, P-AUROC:0.9929, P-AP:0.8765, P-F1:0.8004, P-AUPRO:0.9400
pcb2: I-Auroc:0.9752, I-AP:0.9700, I-F1:0.9458, P-AUROC:0.9730, P-AP:0.4791, P-F1:0.5378, P-AUPRO:0.8922
pcb3: I-Auroc:0.9652, I-AP:0.9651, I-F1:0.9208, P-AUROC:0.9767, P-AP:0.4530, P-F1:0.4927, P-AUPRO:0.9263
pcb4: I-Auroc:0.9944, I-AP:0.9938, I-F1:0.9804, P-AUROC:0.9853, P-AP:0.4993, P-F1:0.5401, P-AUPRO:0.9446
pipe_fryum: I-Auroc:0.9794, I-AP:0.9891, I-F1:0.9592, P-AUROC:0.9900, P-AP:0.6042, P-F1:0.6221, P-AUPRO:0.9604
Mean: I-Auroc:0.9724, I-AP:0.9740, I-F1:0.9396, P-AUROC:0.9817, P-AP:0.5043, P-F1:0.5455, P-AUPRO:0.9367
[INFO] Best model saved with P-AUROC 0.9817
iter [1099/10000], loss:0.0515
iter [1199/10000], loss:0.0508
iter [1299/10000], loss:0.0505
iter [1399/10000], loss:0.0503
iter [1499/10000], loss:0.0501
iter [1599/10000], loss:0.0495
iter [1699/10000], loss:0.0493
iter [1799/10000], loss:0.0489
iter [1899/10000], loss:0.0488
iter [1999/10000], loss:0.0486
candle: I-Auroc:0.9827, I-AP:0.9832, I-F1:0.9412, P-AUROC:0.9936, P-AP:0.4056, P-F1:0.4761, P-AUPRO:0.9530
capsules: I-Auroc:0.9827, I-AP:0.9879, I-F1:0.9596, P-AUROC:0.9953, P-AP:0.6398, P-F1:0.6549, P-AUPRO:0.9733
cashew: I-Auroc:0.9818, I-AP:0.9916, I-F1:0.9561, P-AUROC:0.9514, P-AP:0.5978, P-F1:0.5905, P-AUPRO:0.9337
chewinggum: I-Auroc:0.9956, I-AP:0.9979, I-F1:0.9796, P-AUROC:0.9905, P-AP:0.5563, P-F1:0.6404, P-AUPRO:0.8688
fryum: I-Auroc:0.9816, I-AP:0.9912, I-F1:0.9552, P-AUROC:0.9640, P-AP:0.5196, P-F1:0.5295, P-AUPRO:0.9371
macaroni1: I-Auroc:0.9719, I-AP:0.9663, I-F1:0.9353, P-AUROC:0.9956, P-AP:0.2830, P-F1:0.3852, P-AUPRO:0.9592
macaroni2: I-Auroc:0.9242, I-AP:0.9172, I-F1:0.8732, P-AUROC:0.9966, P-AP:0.2342, P-F1:0.3502, P-AUPRO:0.9816
pcb1: I-Auroc:0.9866, I-AP:0.9856, I-F1:0.9561, P-AUROC:0.9936, P-AP:0.8790, P-F1:0.8022, P-AUPRO:0.9454
pcb2: I-Auroc:0.9836, I-AP:0.9816, I-F1:0.9557, P-AUROC:0.9763, P-AP:0.4616, P-F1:0.5260, P-AUPRO:0.9007
pcb3: I-Auroc:0.9798, I-AP:0.9805, I-F1:0.9378, P-AUROC:0.9789, P-AP:0.4367, P-F1:0.4803, P-AUPRO:0.9392
pcb4: I-Auroc:0.9952, I-AP:0.9948, I-F1:0.9852, P-AUROC:0.9872, P-AP:0.5111, P-F1:0.5511, P-AUPRO:0.9469
pipe_fryum: I-Auroc:0.9826, I-AP:0.9911, I-F1:0.9592, P-AUROC:0.9911, P-AP:0.6156, P-F1:0.6384, P-AUPRO:0.9564
Mean: I-Auroc:0.9790, I-AP:0.9807, I-F1:0.9495, P-AUROC:0.9845, P-AP:0.5117, P-F1:0.5521, P-AUPRO:0.9413
[INFO] Best model saved with P-AUROC 0.9845
iter [2099/10000], loss:0.0484
iter [2199/10000], loss:0.0476
iter [2299/10000], loss:0.0478
iter [2399/10000], loss:0.0477
iter [2499/10000], loss:0.0476
iter [2599/10000], loss:0.0467
iter [2699/10000], loss:0.0467
iter [2799/10000], loss:0.0469
iter [2899/10000], loss:0.0462
iter [2999/10000], loss:0.0461
candle: I-Auroc:0.9866, I-AP:0.9866, I-F1:0.9600, P-AUROC:0.9936, P-AP:0.3991, P-F1:0.4692, P-AUPRO:0.9501
capsules: I-Auroc:0.9835, I-AP:0.9884, I-F1:0.9608, P-AUROC:0.9957, P-AP:0.6497, P-F1:0.6634, P-AUPRO:0.9728
cashew: I-Auroc:0.9786, I-AP:0.9904, I-F1:0.9469, P-AUROC:0.9529, P-AP:0.5997, P-F1:0.5969, P-AUPRO:0.9322
chewinggum: I-Auroc:0.9958, I-AP:0.9980, I-F1:0.9796, P-AUROC:0.9898, P-AP:0.5763, P-F1:0.6479, P-AUPRO:0.8704
fryum: I-Auroc:0.9816, I-AP:0.9910, I-F1:0.9505, P-AUROC:0.9639, P-AP:0.5158, P-F1:0.5294, P-AUPRO:0.9317
macaroni1: I-Auroc:0.9759, I-AP:0.9714, I-F1:0.9372, P-AUROC:0.9960, P-AP:0.2990, P-F1:0.3848, P-AUPRO:0.9642
macaroni2: I-Auroc:0.9418, I-AP:0.9390, I-F1:0.8889, P-AUROC:0.9969, P-AP:0.2480, P-F1:0.3624, P-AUPRO:0.9833
pcb1: I-Auroc:0.9874, I-AP:0.9861, I-F1:0.9659, P-AUROC:0.9940, P-AP:0.8782, P-F1:0.8010, P-AUPRO:0.9516
pcb2: I-Auroc:0.9854, I-AP:0.9838, I-F1:0.9557, P-AUROC:0.9762, P-AP:0.4662, P-F1:0.5162, P-AUPRO:0.9055
pcb3: I-Auroc:0.9810, I-AP:0.9822, I-F1:0.9406, P-AUROC:0.9799, P-AP:0.4354, P-F1:0.4731, P-AUPRO:0.9390
pcb4: I-Auroc:0.9956, I-AP:0.9952, I-F1:0.9802, P-AUROC:0.9877, P-AP:0.5182, P-F1:0.5580, P-AUPRO:0.9493
pipe_fryum: I-Auroc:0.9832, I-AP:0.9917, I-F1:0.9548, P-AUROC:0.9916, P-AP:0.6304, P-F1:0.6482, P-AUPRO:0.9580
Mean: I-Auroc:0.9814, I-AP:0.9837, I-F1:0.9517, P-AUROC:0.9848, P-AP:0.5180, P-F1:0.5542, P-AUPRO:0.9423
[INFO] Best model saved with P-AUROC 0.9848
iter [3099/10000], loss:0.0461
iter [3199/10000], loss:0.0458
iter [3299/10000], loss:0.0457
iter [3399/10000], loss:0.0452
iter [3499/10000], loss:0.0450
iter [3599/10000], loss:0.0450
iter [3699/10000], loss:0.0448
iter [3799/10000], loss:0.0438
iter [3899/10000], loss:0.0445
iter [3999/10000], loss:0.0444
candle: I-Auroc:0.9868, I-AP:0.9871, I-F1:0.9500, P-AUROC:0.9936, P-AP:0.4091, P-F1:0.4736, P-AUPRO:0.9508
capsules: I-Auroc:0.9852, I-AP:0.9894, I-F1:0.9700, P-AUROC:0.9955, P-AP:0.6401, P-F1:0.6587, P-AUPRO:0.9747
cashew: I-Auroc:0.9812, I-AP:0.9917, I-F1:0.9505, P-AUROC:0.9606, P-AP:0.6152, P-F1:0.6037, P-AUPRO:0.9365
chewinggum: I-Auroc:0.9964, I-AP:0.9983, I-F1:0.9796, P-AUROC:0.9907, P-AP:0.5980, P-F1:0.6608, P-AUPRO:0.8689
fryum: I-Auroc:0.9830, I-AP:0.9919, I-F1:0.9565, P-AUROC:0.9642, P-AP:0.5146, P-F1:0.5288, P-AUPRO:0.9350
macaroni1: I-Auroc:0.9721, I-AP:0.9678, I-F1:0.9314, P-AUROC:0.9956, P-AP:0.2959, P-F1:0.3850, P-AUPRO:0.9604
macaroni2: I-Auroc:0.9438, I-AP:0.9398, I-F1:0.8909, P-AUROC:0.9969, P-AP:0.2424, P-F1:0.3573, P-AUPRO:0.9834
pcb1: I-Auroc:0.9889, I-AP:0.9882, I-F1:0.9604, P-AUROC:0.9939, P-AP:0.8774, P-F1:0.7989, P-AUPRO:0.9464
pcb2: I-Auroc:0.9885, I-AP:0.9867, I-F1:0.9648, P-AUROC:0.9773, P-AP:0.4602, P-F1:0.5039, P-AUPRO:0.9096
pcb3: I-Auroc:0.9838, I-AP:0.9835, I-F1:0.9515, P-AUROC:0.9811, P-AP:0.4438, P-F1:0.4722, P-AUPRO:0.9427
pcb4: I-Auroc:0.9955, I-AP:0.9952, I-F1:0.9804, P-AUROC:0.9881, P-AP:0.5160, P-F1:0.5514, P-AUPRO:0.9472
pipe_fryum: I-Auroc:0.9822, I-AP:0.9910, I-F1:0.9592, P-AUROC:0.9912, P-AP:0.6240, P-F1:0.6395, P-AUPRO:0.9583
Mean: I-Auroc:0.9823, I-AP:0.9842, I-F1:0.9538, P-AUROC:0.9857, P-AP:0.5197, P-F1:0.5528, P-AUPRO:0.9428
[INFO] Best model saved with P-AUROC 0.9857
iter [4099/10000], loss:0.0441
iter [4199/10000], loss:0.0441
iter [4299/10000], loss:0.0439
iter [4399/10000], loss:0.0439
iter [4499/10000], loss:0.0437
iter [4599/10000], loss:0.0436
iter [4699/10000], loss:0.0431
iter [4799/10000], loss:0.0434
iter [4899/10000], loss:0.0431
iter [4999/10000], loss:0.0427
candle: I-Auroc:0.9883, I-AP:0.9886, I-F1:0.9538, P-AUROC:0.9937, P-AP:0.4214, P-F1:0.4778, P-AUPRO:0.9503
capsules: I-Auroc:0.9842, I-AP:0.9886, I-F1:0.9659, P-AUROC:0.9958, P-AP:0.6500, P-F1:0.6641, P-AUPRO:0.9737
cashew: I-Auroc:0.9830, I-AP:0.9923, I-F1:0.9548, P-AUROC:0.9635, P-AP:0.6112, P-F1:0.6000, P-AUPRO:0.9374
chewinggum: I-Auroc:0.9962, I-AP:0.9982, I-F1:0.9796, P-AUROC:0.9906, P-AP:0.5878, P-F1:0.6541, P-AUPRO:0.8812
fryum: I-Auroc:0.9874, I-AP:0.9940, I-F1:0.9652, P-AUROC:0.9643, P-AP:0.5155, P-F1:0.5307, P-AUPRO:0.9400
macaroni1: I-Auroc:0.9781, I-AP:0.9736, I-F1:0.9447, P-AUROC:0.9963, P-AP:0.2978, P-F1:0.3872, P-AUPRO:0.9665
macaroni2: I-Auroc:0.9509, I-AP:0.9489, I-F1:0.9020, P-AUROC:0.9970, P-AP:0.2404, P-F1:0.3579, P-AUPRO:0.9850
pcb1: I-Auroc:0.9900, I-AP:0.9893, I-F1:0.9659, P-AUROC:0.9945, P-AP:0.8771, P-F1:0.8007, P-AUPRO:0.9542
pcb2: I-Auroc:0.9896, I-AP:0.9885, I-F1:0.9652, P-AUROC:0.9787, P-AP:0.4537, P-F1:0.4978, P-AUPRO:0.9106
pcb3: I-Auroc:0.9827, I-AP:0.9832, I-F1:0.9557, P-AUROC:0.9827, P-AP:0.4242, P-F1:0.4642, P-AUPRO:0.9434
pcb4: I-Auroc:0.9959, I-AP:0.9956, I-F1:0.9804, P-AUROC:0.9883, P-AP:0.5217, P-F1:0.5544, P-AUPRO:0.9475
pipe_fryum: I-Auroc:0.9880, I-AP:0.9942, I-F1:0.9652, P-AUROC:0.9916, P-AP:0.6373, P-F1:0.6484, P-AUPRO:0.9577
Mean: I-Auroc:0.9845, I-AP:0.9863, I-F1:0.9582, P-AUROC:0.9864, P-AP:0.5198, P-F1:0.5531, P-AUPRO:0.9456
[INFO] Best model saved with P-AUROC 0.9864
iter [5099/10000], loss:0.0430
iter [5199/10000], loss:0.0423
iter [5299/10000], loss:0.0429
iter [5399/10000], loss:0.0428
iter [5499/10000], loss:0.0423
iter [5599/10000], loss:0.0421
iter [5699/10000], loss:0.0420
iter [5799/10000], loss:0.0421
iter [5899/10000], loss:0.0420
iter [5999/10000], loss:0.0422
candle: I-Auroc:0.9884, I-AP:0.9887, I-F1:0.9596, P-AUROC:0.9935, P-AP:0.4201, P-F1:0.4804, P-AUPRO:0.9532
capsules: I-Auroc:0.9847, I-AP:0.9889, I-F1:0.9659, P-AUROC:0.9958, P-AP:0.6506, P-F1:0.6628, P-AUPRO:0.9747
cashew: I-Auroc:0.9858, I-AP:0.9937, I-F1:0.9608, P-AUROC:0.9607, P-AP:0.6140, P-F1:0.6032, P-AUPRO:0.9365
chewinggum: I-Auroc:0.9958, I-AP:0.9980, I-F1:0.9796, P-AUROC:0.9908, P-AP:0.6380, P-F1:0.6704, P-AUPRO:0.8795
fryum: I-Auroc:0.9872, I-AP:0.9939, I-F1:0.9652, P-AUROC:0.9651, P-AP:0.5164, P-F1:0.5340, P-AUPRO:0.9339
macaroni1: I-Auroc:0.9775, I-AP:0.9727, I-F1:0.9406, P-AUROC:0.9964, P-AP:0.2957, P-F1:0.3866, P-AUPRO:0.9666
macaroni2: I-Auroc:0.9493, I-AP:0.9463, I-F1:0.8952, P-AUROC:0.9972, P-AP:0.2441, P-F1:0.3595, P-AUPRO:0.9849
pcb1: I-Auroc:0.9893, I-AP:0.9887, I-F1:0.9604, P-AUROC:0.9941, P-AP:0.8755, P-F1:0.8020, P-AUPRO:0.9513
pcb2: I-Auroc:0.9904, I-AP:0.9895, I-F1:0.9700, P-AUROC:0.9785, P-AP:0.4639, P-F1:0.5019, P-AUPRO:0.9080
pcb3: I-Auroc:0.9854, I-AP:0.9858, I-F1:0.9495, P-AUROC:0.9835, P-AP:0.4265, P-F1:0.4604, P-AUPRO:0.9464
pcb4: I-Auroc:0.9962, I-AP:0.9960, I-F1:0.9756, P-AUROC:0.9874, P-AP:0.5056, P-F1:0.5416, P-AUPRO:0.9455
pipe_fryum: I-Auroc:0.9876, I-AP:0.9941, I-F1:0.9608, P-AUROC:0.9916, P-AP:0.6357, P-F1:0.6476, P-AUPRO:0.9544
Mean: I-Auroc:0.9848, I-AP:0.9864, I-F1:0.9569, P-AUROC:0.9862, P-AP:0.5238, P-F1:0.5542, P-AUPRO:0.9446
[INFO] Best model saved with P-AUROC 0.9862
iter [6099/10000], loss:0.0414
iter [6199/10000], loss:0.0416
iter [6299/10000], loss:0.0413
iter [6399/10000], loss:0.0416
iter [6499/10000], loss:0.0422
iter [6599/10000], loss:0.0413
iter [6699/10000], loss:0.0411
iter [6799/10000], loss:0.0410
iter [6899/10000], loss:0.0411
iter [6999/10000], loss:0.0410
candle: I-Auroc:0.9878, I-AP:0.9881, I-F1:0.9548, P-AUROC:0.9936, P-AP:0.4273, P-F1:0.4808, P-AUPRO:0.9486
capsules: I-Auroc:0.9840, I-AP:0.9888, I-F1:0.9648, P-AUROC:0.9958, P-AP:0.6511, P-F1:0.6624, P-AUPRO:0.9720
cashew: I-Auroc:0.9844, I-AP:0.9933, I-F1:0.9604, P-AUROC:0.9658, P-AP:0.6197, P-F1:0.6071, P-AUPRO:0.9389
chewinggum: I-Auroc:0.9964, I-AP:0.9983, I-F1:0.9796, P-AUROC:0.9910, P-AP:0.6451, P-F1:0.6773, P-AUPRO:0.8673
fryum: I-Auroc:0.9880, I-AP:0.9941, I-F1:0.9652, P-AUROC:0.9653, P-AP:0.5170, P-F1:0.5324, P-AUPRO:0.9397
macaroni1: I-Auroc:0.9763, I-AP:0.9709, I-F1:0.9400, P-AUROC:0.9961, P-AP:0.3004, P-F1:0.3876, P-AUPRO:0.9620
macaroni2: I-Auroc:0.9525, I-AP:0.9497, I-F1:0.8962, P-AUROC:0.9972, P-AP:0.2426, P-F1:0.3579, P-AUPRO:0.9853
pcb1: I-Auroc:0.9896, I-AP:0.9891, I-F1:0.9655, P-AUROC:0.9945, P-AP:0.8798, P-F1:0.8025, P-AUPRO:0.9477
pcb2: I-Auroc:0.9918, I-AP:0.9910, I-F1:0.9703, P-AUROC:0.9802, P-AP:0.4601, P-F1:0.4954, P-AUPRO:0.9122
pcb3: I-Auroc:0.9845, I-AP:0.9848, I-F1:0.9505, P-AUROC:0.9843, P-AP:0.4151, P-F1:0.4561, P-AUPRO:0.9424
pcb4: I-Auroc:0.9971, I-AP:0.9970, I-F1:0.9802, P-AUROC:0.9872, P-AP:0.5014, P-F1:0.5346, P-AUPRO:0.9474
pipe_fryum: I-Auroc:0.9902, I-AP:0.9954, I-F1:0.9652, P-AUROC:0.9916, P-AP:0.6324, P-F1:0.6463, P-AUPRO:0.9570
Mean: I-Auroc:0.9852, I-AP:0.9867, I-F1:0.9577, P-AUROC:0.9869, P-AP:0.5243, P-F1:0.5534, P-AUPRO:0.9434
[INFO] Best model saved with P-AUROC 0.9869
iter [7099/10000], loss:0.0405
iter [7199/10000], loss:0.0408
iter [7299/10000], loss:0.0409
iter [7399/10000], loss:0.0409
iter [7499/10000], loss:0.0404
iter [7599/10000], loss:0.0401
iter [7699/10000], loss:0.0407
iter [7799/10000], loss:0.0402
iter [7899/10000], loss:0.0403
iter [7999/10000], loss:0.0402
candle: I-Auroc:0.9878, I-AP:0.9880, I-F1:0.9596, P-AUROC:0.9937, P-AP:0.4324, P-F1:0.4819, P-AUPRO:0.9515
capsules: I-Auroc:0.9847, I-AP:0.9892, I-F1:0.9659, P-AUROC:0.9960, P-AP:0.6551, P-F1:0.6662, P-AUPRO:0.9734
cashew: I-Auroc:0.9830, I-AP:0.9926, I-F1:0.9557, P-AUROC:0.9660, P-AP:0.6284, P-F1:0.6121, P-AUPRO:0.9324
chewinggum: I-Auroc:0.9962, I-AP:0.9982, I-F1:0.9796, P-AUROC:0.9910, P-AP:0.6536, P-F1:0.6718, P-AUPRO:0.8853
fryum: I-Auroc:0.9876, I-AP:0.9940, I-F1:0.9652, P-AUROC:0.9658, P-AP:0.5191, P-F1:0.5355, P-AUPRO:0.9354
macaroni1: I-Auroc:0.9773, I-AP:0.9721, I-F1:0.9406, P-AUROC:0.9963, P-AP:0.3012, P-F1:0.3889, P-AUPRO:0.9649
macaroni2: I-Auroc:0.9549, I-AP:0.9529, I-F1:0.8995, P-AUROC:0.9973, P-AP:0.2435, P-F1:0.3592, P-AUPRO:0.9861
pcb1: I-Auroc:0.9898, I-AP:0.9894, I-F1:0.9608, P-AUROC:0.9945, P-AP:0.8772, P-F1:0.8022, P-AUPRO:0.9511
pcb2: I-Auroc:0.9926, I-AP:0.9919, I-F1:0.9700, P-AUROC:0.9800, P-AP:0.4655, P-F1:0.4940, P-AUPRO:0.9142
pcb3: I-Auroc:0.9865, I-AP:0.9866, I-F1:0.9561, P-AUROC:0.9840, P-AP:0.4154, P-F1:0.4553, P-AUPRO:0.9459
pcb4: I-Auroc:0.9972, I-AP:0.9971, I-F1:0.9804, P-AUROC:0.9872, P-AP:0.5077, P-F1:0.5382, P-AUPRO:0.9477
pipe_fryum: I-Auroc:0.9916, I-AP:0.9961, I-F1:0.9697, P-AUROC:0.9916, P-AP:0.6355, P-F1:0.6479, P-AUPRO:0.9574
Mean: I-Auroc:0.9858, I-AP:0.9873, I-F1:0.9586, P-AUROC:0.9869, P-AP:0.5279, P-F1:0.5544, P-AUPRO:0.9454
[INFO] Best model saved with P-AUROC 0.9869
iter [8099/10000], loss:0.0400
iter [8199/10000], loss:0.0401
iter [8299/10000], loss:0.0401
iter [8399/10000], loss:0.0399
iter [8499/10000], loss:0.0398
iter [8599/10000], loss:0.0401
iter [8699/10000], loss:0.0400
iter [8799/10000], loss:0.0399
iter [8899/10000], loss:0.0397
iter [8999/10000], loss:0.0400
candle: I-Auroc:0.9876, I-AP:0.9876, I-F1:0.9552, P-AUROC:0.9937, P-AP:0.4304, P-F1:0.4848, P-AUPRO:0.9531
capsules: I-Auroc:0.9860, I-AP:0.9899, I-F1:0.9706, P-AUROC:0.9960, P-AP:0.6605, P-F1:0.6683, P-AUPRO:0.9714
cashew: I-Auroc:0.9852, I-AP:0.9936, I-F1:0.9652, P-AUROC:0.9672, P-AP:0.6250, P-F1:0.6090, P-AUPRO:0.9430
chewinggum: I-Auroc:0.9970, I-AP:0.9985, I-F1:0.9796, P-AUROC:0.9910, P-AP:0.6348, P-F1:0.6737, P-AUPRO:0.8843
fryum: I-Auroc:0.9900, I-AP:0.9951, I-F1:0.9659, P-AUROC:0.9660, P-AP:0.5202, P-F1:0.5368, P-AUPRO:0.9351
macaroni1: I-Auroc:0.9776, I-AP:0.9722, I-F1:0.9453, P-AUROC:0.9964, P-AP:0.3019, P-F1:0.3889, P-AUPRO:0.9639
macaroni2: I-Auroc:0.9567, I-AP:0.9553, I-F1:0.9038, P-AUROC:0.9973, P-AP:0.2447, P-F1:0.3617, P-AUPRO:0.9855
pcb1: I-Auroc:0.9897, I-AP:0.9891, I-F1:0.9659, P-AUROC:0.9945, P-AP:0.8777, P-F1:0.8023, P-AUPRO:0.9515
pcb2: I-Auroc:0.9924, I-AP:0.9916, I-F1:0.9700, P-AUROC:0.9802, P-AP:0.4559, P-F1:0.4876, P-AUPRO:0.9128
pcb3: I-Auroc:0.9875, I-AP:0.9876, I-F1:0.9557, P-AUROC:0.9844, P-AP:0.4101, P-F1:0.4560, P-AUPRO:0.9473
pcb4: I-Auroc:0.9974, I-AP:0.9974, I-F1:0.9802, P-AUROC:0.9868, P-AP:0.5008, P-F1:0.5282, P-AUPRO:0.9412
pipe_fryum: I-Auroc:0.9918, I-AP:0.9961, I-F1:0.9703, P-AUROC:0.9917, P-AP:0.6378, P-F1:0.6514, P-AUPRO:0.9559
Mean: I-Auroc:0.9866, I-AP:0.9878, I-F1:0.9606, P-AUROC:0.9871, P-AP:0.5250, P-F1:0.5541, P-AUPRO:0.9454
[INFO] Best model saved with P-AUROC 0.9871
iter [9099/10000], loss:0.0396
iter [9199/10000], loss:0.0397
iter [9299/10000], loss:0.0396
iter [9399/10000], loss:0.0396
iter [9499/10000], loss:0.0396
iter [9599/10000], loss:0.0396
iter [9699/10000], loss:0.0398
iter [9799/10000], loss:0.0391
iter [9899/10000], loss:0.0398
iter [9999/10000], loss:0.0396
candle: I-Auroc:0.9880, I-AP:0.9881, I-F1:0.9552, P-AUROC:0.9939, P-AP:0.4351, P-F1:0.4859, P-AUPRO:0.9521
capsules: I-Auroc:0.9863, I-AP:0.9901, I-F1:0.9754, P-AUROC:0.9959, P-AP:0.6570, P-F1:0.6661, P-AUPRO:0.9732
cashew: I-Auroc:0.9826, I-AP:0.9923, I-F1:0.9557, P-AUROC:0.9676, P-AP:0.6268, P-F1:0.6112, P-AUPRO:0.9361
chewinggum: I-Auroc:0.9960, I-AP:0.9981, I-F1:0.9796, P-AUROC:0.9911, P-AP:0.6643, P-F1:0.6840, P-AUPRO:0.8808
fryum: I-Auroc:0.9892, I-AP:0.9947, I-F1:0.9703, P-AUROC:0.9655, P-AP:0.5163, P-F1:0.5334, P-AUPRO:0.9330
macaroni1: I-Auroc:0.9793, I-AP:0.9741, I-F1:0.9500, P-AUROC:0.9965, P-AP:0.3058, P-F1:0.3915, P-AUPRO:0.9660
macaroni2: I-Auroc:0.9550, I-AP:0.9529, I-F1:0.9048, P-AUROC:0.9974, P-AP:0.2450, P-F1:0.3616, P-AUPRO:0.9866
pcb1: I-Auroc:0.9898, I-AP:0.9893, I-F1:0.9659, P-AUROC:0.9947, P-AP:0.8785, P-F1:0.8039, P-AUPRO:0.9514
pcb2: I-Auroc:0.9925, I-AP:0.9918, I-F1:0.9700, P-AUROC:0.9803, P-AP:0.4604, P-F1:0.4884, P-AUPRO:0.9122
pcb3: I-Auroc:0.9873, I-AP:0.9875, I-F1:0.9557, P-AUROC:0.9844, P-AP:0.4109, P-F1:0.4571, P-AUPRO:0.9472
pcb4: I-Auroc:0.9976, I-AP:0.9975, I-F1:0.9804, P-AUROC:0.9870, P-AP:0.5038, P-F1:0.5304, P-AUPRO:0.9464
pipe_fryum: I-Auroc:0.9922, I-AP:0.9964, I-F1:0.9697, P-AUROC:0.9918, P-AP:0.6377, P-F1:0.6513, P-AUPRO:0.9543
Mean: I-Auroc:0.9863, I-AP:0.9877, I-F1:0.9610, P-AUROC:0.9872, P-AP:0.5285, P-F1:0.5554, P-AUPRO:0.9449
[INFO] Best model saved with P-AUROC 0.9872
