nohup: ignoring input
/home/ZZ/anomaly/Dinomaly-master/dinov2/layers/swiglu_ffn.py:51: UserWarning: xFormers is not available (SwiGLU)
  warnings.warn("xFormers is not available (SwiGLU)")
/home/ZZ/anomaly/Dinomaly-master/dinov2/layers/attention.py:33: UserWarning: xFormers is not available (Attention)
  warnings.warn("xFormers is not available (Attention)")
/home/ZZ/anomaly/Dinomaly-master/dinov2/layers/block.py:38: UserWarning: xFormers is not available (Block)
  warnings.warn("xFormers is not available (Block)")
/root/anaconda3/envs/Glad/lib/python3.8/site-packages/timm/models/layers/__init__.py:48: FutureWarning: Importing from timm.models.layers is deprecated, please import via timm.layers
  warnings.warn(f"Importing from {__name__} is deprecated, please import via timm.layers", FutureWarning)
cuda:0
train image number:1799
iter [112/10000], loss:0.2315
iter [224/10000], loss:0.0763
iter [336/10000], loss:0.0592
iter [448/10000], loss:0.0522
iter [560/10000], loss:0.0482
iter [672/10000], loss:0.0457
iter [784/10000], loss:0.0437
iter [896/10000], loss:0.0423
01: I-Auroc:0.9660, I-AP:0.9871, I-F1:0.9474, P-AUROC:0.9715, P-AP:0.6659, P-F1:0.6566, P-AUPRO:0.7142
02: I-Auroc:0.8945, I-AP:0.9835, I-F1:0.9409, P-AUROC:0.9713, P-AP:0.7823, P-F1:0.7101, P-AUPRO:0.6192
03: I-Auroc:0.9986, I-AP:0.9823, I-F1:0.9762, P-AUROC:0.9987, P-AP:0.7850, P-F1:0.7356, P-AUPRO:0.9928
Mean: I-Auroc:0.9530, I-AP:0.9843, I-F1:0.9548, P-AUROC:0.9805, P-AP:0.7444, P-F1:0.7008, P-AUPRO:0.7754
[INFO] Best model saved with I-AUROC 0.9805
iter [1008/10000], loss:0.0409
iter [1120/10000], loss:0.0400
iter [1232/10000], loss:0.0859
iter [1344/10000], loss:0.0495
iter [1456/10000], loss:0.0434
iter [1568/10000], loss:0.0414
iter [1680/10000], loss:0.0404
iter [1792/10000], loss:0.0397
iter [1904/10000], loss:0.0391
01: I-Auroc:0.9611, I-AP:0.9855, I-F1:0.9474, P-AUROC:0.9709, P-AP:0.6616, P-F1:0.6529, P-AUPRO:0.7186
02: I-Auroc:0.8897, I-AP:0.9826, I-F1:0.9368, P-AUROC:0.9702, P-AP:0.7697, P-F1:0.7004, P-AUPRO:0.5962
03: I-Auroc:0.9985, I-AP:0.9811, I-F1:0.9762, P-AUROC:0.9987, P-AP:0.7863, P-F1:0.7352, P-AUPRO:0.9934
Mean: I-Auroc:0.9498, I-AP:0.9831, I-F1:0.9534, P-AUROC:0.9799, P-AP:0.7392, P-F1:0.6962, P-AUPRO:0.7694
[INFO] Best model saved with I-AUROC 0.9799
iter [2016/10000], loss:0.0387
iter [2128/10000], loss:0.0383
iter [2240/10000], loss:0.0379
iter [2352/10000], loss:0.0377
iter [2464/10000], loss:0.0373
iter [2576/10000], loss:0.0370
iter [2688/10000], loss:0.0368
iter [2800/10000], loss:0.0365
iter [2912/10000], loss:0.0363
01: I-Auroc:0.9650, I-AP:0.9866, I-F1:0.9375, P-AUROC:0.9724, P-AP:0.6660, P-F1:0.6551, P-AUPRO:0.7240
02: I-Auroc:0.8970, I-AP:0.9838, I-F1:0.9387, P-AUROC:0.9697, P-AP:0.7665, P-F1:0.7007, P-AUPRO:0.5956
03: I-Auroc:0.9987, I-AP:0.9834, I-F1:0.9756, P-AUROC:0.9987, P-AP:0.7833, P-F1:0.7315, P-AUPRO:0.9937
Mean: I-Auroc:0.9536, I-AP:0.9846, I-F1:0.9506, P-AUROC:0.9803, P-AP:0.7386, P-F1:0.6958, P-AUPRO:0.7711
[INFO] Best model saved with I-AUROC 0.9803
iter [3024/10000], loss:0.0360
iter [3136/10000], loss:0.0359
iter [3248/10000], loss:0.0369
iter [3360/10000], loss:0.0359
iter [3472/10000], loss:0.0354
iter [3584/10000], loss:0.0352
iter [3696/10000], loss:0.0350
iter [3808/10000], loss:0.0348
iter [3920/10000], loss:0.0347
01: I-Auroc:0.9679, I-AP:0.9879, I-F1:0.9474, P-AUROC:0.9722, P-AP:0.6639, P-F1:0.6512, P-AUPRO:0.7215
02: I-Auroc:0.8927, I-AP:0.9831, I-F1:0.9383, P-AUROC:0.9699, P-AP:0.7683, P-F1:0.6987, P-AUPRO:0.5899
03: I-Auroc:0.9988, I-AP:0.9845, I-F1:0.9880, P-AUROC:0.9988, P-AP:0.7897, P-F1:0.7366, P-AUPRO:0.9936
Mean: I-Auroc:0.9531, I-AP:0.9852, I-F1:0.9579, P-AUROC:0.9803, P-AP:0.7406, P-F1:0.6955, P-AUPRO:0.7683
[INFO] Best model saved with I-AUROC 0.9803
iter [4032/10000], loss:0.0346
iter [4144/10000], loss:0.0343
iter [4256/10000], loss:0.0342
iter [4368/10000], loss:0.0341
iter [4480/10000], loss:0.0339
iter [4592/10000], loss:0.0338
iter [4704/10000], loss:0.0337
iter [4816/10000], loss:0.0348
iter [4928/10000], loss:0.0343
01: I-Auroc:0.9660, I-AP:0.9874, I-F1:0.9474, P-AUROC:0.9722, P-AP:0.6635, P-F1:0.6531, P-AUPRO:0.7347
02: I-Auroc:0.8923, I-AP:0.9831, I-F1:0.9390, P-AUROC:0.9704, P-AP:0.7752, P-F1:0.7079, P-AUPRO:0.6019
03: I-Auroc:0.9988, I-AP:0.9845, I-F1:0.9880, P-AUROC:0.9988, P-AP:0.7891, P-F1:0.7354, P-AUPRO:0.9928
Mean: I-Auroc:0.9524, I-AP:0.9850, I-F1:0.9581, P-AUROC:0.9805, P-AP:0.7426, P-F1:0.6988, P-AUPRO:0.7764
[INFO] Best model saved with I-AUROC 0.9805
iter [5040/10000], loss:0.0336
iter [5152/10000], loss:0.0333
iter [5264/10000], loss:0.0331
iter [5376/10000], loss:0.0330
iter [5488/10000], loss:0.0329
iter [5600/10000], loss:0.0328
iter [5712/10000], loss:0.0327
iter [5824/10000], loss:0.0326
iter [5936/10000], loss:0.0325
01: I-Auroc:0.9670, I-AP:0.9876, I-F1:0.9485, P-AUROC:0.9726, P-AP:0.6672, P-F1:0.6546, P-AUPRO:0.7239
02: I-Auroc:0.8985, I-AP:0.9840, I-F1:0.9412, P-AUROC:0.9702, P-AP:0.7735, P-F1:0.7042, P-AUPRO:0.6095
03: I-Auroc:0.9987, I-AP:0.9839, I-F1:0.9762, P-AUROC:0.9987, P-AP:0.7875, P-F1:0.7345, P-AUPRO:0.9930
Mean: I-Auroc:0.9547, I-AP:0.9852, I-F1:0.9553, P-AUROC:0.9805, P-AP:0.7427, P-F1:0.6977, P-AUPRO:0.7755
[INFO] Best model saved with I-AUROC 0.9805
iter [6048/10000], loss:0.0324
iter [6160/10000], loss:0.0323
iter [6272/10000], loss:0.0322
iter [6384/10000], loss:0.0321
iter [6496/10000], loss:0.0320
iter [6608/10000], loss:0.0319
iter [6720/10000], loss:0.0319
iter [6832/10000], loss:0.0318
iter [6944/10000], loss:0.0317
01: I-Auroc:0.9660, I-AP:0.9874, I-F1:0.9485, P-AUROC:0.9731, P-AP:0.6697, P-F1:0.6561, P-AUPRO:0.7288
02: I-Auroc:0.9002, I-AP:0.9844, I-F1:0.9412, P-AUROC:0.9703, P-AP:0.7748, P-F1:0.7063, P-AUPRO:0.6080
03: I-Auroc:0.9987, I-AP:0.9828, I-F1:0.9762, P-AUROC:0.9987, P-AP:0.7850, P-F1:0.7328, P-AUPRO:0.9928
Mean: I-Auroc:0.9549, I-AP:0.9849, I-F1:0.9553, P-AUROC:0.9807, P-AP:0.7431, P-F1:0.6984, P-AUPRO:0.7765
[INFO] Best model saved with I-AUROC 0.9807
iter [7056/10000], loss:0.0316
iter [7168/10000], loss:0.0315
iter [7280/10000], loss:0.0315
iter [7392/10000], loss:0.0314
iter [7504/10000], loss:0.0314
iter [7616/10000], loss:0.0313
iter [7728/10000], loss:0.0312
iter [7840/10000], loss:0.0312
iter [7952/10000], loss:0.0311
01: I-Auroc:0.9670, I-AP:0.9877, I-F1:0.9485, P-AUROC:0.9732, P-AP:0.6699, P-F1:0.6556, P-AUPRO:0.7269
02: I-Auroc:0.8962, I-AP:0.9838, I-F1:0.9390, P-AUROC:0.9699, P-AP:0.7699, P-F1:0.7024, P-AUPRO:0.6042
03: I-Auroc:0.9988, I-AP:0.9845, I-F1:0.9880, P-AUROC:0.9987, P-AP:0.7876, P-F1:0.7353, P-AUPRO:0.9936
Mean: I-Auroc:0.9540, I-AP:0.9853, I-F1:0.9585, P-AUROC:0.9806, P-AP:0.7425, P-F1:0.6978, P-AUPRO:0.7749
[INFO] Best model saved with I-AUROC 0.9806
iter [8064/10000], loss:0.0311
iter [8176/10000], loss:0.0310
iter [8288/10000], loss:0.0310
iter [8400/10000], loss:0.0309
iter [8512/10000], loss:0.0309
iter [8624/10000], loss:0.0308
iter [8736/10000], loss:0.0308
iter [8848/10000], loss:0.0307
iter [8960/10000], loss:0.0307
01: I-Auroc:0.9699, I-AP:0.9888, I-F1:0.9583, P-AUROC:0.9731, P-AP:0.6694, P-F1:0.6555, P-AUPRO:0.7336
02: I-Auroc:0.8972, I-AP:0.9839, I-F1:0.9387, P-AUROC:0.9698, P-AP:0.7704, P-F1:0.7035, P-AUPRO:0.5973
03: I-Auroc:0.9987, I-AP:0.9839, I-F1:0.9762, P-AUROC:0.9987, P-AP:0.7878, P-F1:0.7346, P-AUPRO:0.9932
Mean: I-Auroc:0.9553, I-AP:0.9856, I-F1:0.9577, P-AUROC:0.9806, P-AP:0.7425, P-F1:0.6979, P-AUPRO:0.7747
[INFO] Best model saved with I-AUROC 0.9806
iter [9072/10000], loss:0.0307
iter [9184/10000], loss:0.0307
iter [9296/10000], loss:0.0306
iter [9408/10000], loss:0.0306
iter [9520/10000], loss:0.0306
iter [9632/10000], loss:0.0306
iter [9744/10000], loss:0.0305
iter [9856/10000], loss:0.0305
iter [9968/10000], loss:0.0305
01: I-Auroc:0.9679, I-AP:0.9880, I-F1:0.9485, P-AUROC:0.9733, P-AP:0.6696, P-F1:0.6560, P-AUPRO:0.7389
02: I-Auroc:0.8967, I-AP:0.9839, I-F1:0.9390, P-AUROC:0.9696, P-AP:0.7672, P-F1:0.7007, P-AUPRO:0.6091
03: I-Auroc:0.9987, I-AP:0.9839, I-F1:0.9762, P-AUROC:0.9987, P-AP:0.7863, P-F1:0.7345, P-AUPRO:0.9933
Mean: I-Auroc:0.9544, I-AP:0.9853, I-F1:0.9545, P-AUROC:0.9806, P-AP:0.7410, P-F1:0.6971, P-AUPRO:0.7804
[INFO] Best model saved with I-AUROC 0.9806
iter [10000/10000], loss:0.0307
