nohup: ignoring input
/home/ZZ/anomaly/Dinomaly-master/dinov2/layers/swiglu_ffn.py:51: UserWarning: xFormers is not available (SwiGLU)
  warnings.warn("xFormers is not available (SwiGLU)")
/home/ZZ/anomaly/Dinomaly-master/dinov2/layers/attention.py:33: UserWarning: xFormers is not available (Attention)
  warnings.warn("xFormers is not available (Attention)")
/home/ZZ/anomaly/Dinomaly-master/dinov2/layers/block.py:38: UserWarning: xFormers is not available (Block)
  warnings.warn("xFormers is not available (Block)")
/root/anaconda3/envs/Glad/lib/python3.8/site-packages/timm/models/layers/__init__.py:48: FutureWarning: Importing from timm.models.layers is deprecated, please import via timm.layers
  warnings.warn(f"Importing from {__name__} is deprecated, please import via timm.layers", FutureWarning)
cuda:1
train image number:3629
iter [302/10000], loss:0.1865
iter [604/10000], loss:0.0852
iter [906/10000], loss:0.0753
carpet: I-Auroc:0.9984, I-AP:0.9995, I-F1:0.9888, P-AUROC:0.9945, P-AP:0.7514, P-F1:0.7399, P-AUPRO:0.9790
grid: I-Auroc:0.9975, I-AP:0.9991, I-F1:0.9912, P-AUROC:0.9938, P-AP:0.5380, P-F1:0.5813, P-AUPRO:0.9723
leather: I-Auroc:1.0000, I-AP:1.0000, I-F1:1.0000, P-AUROC:0.9947, P-AP:0.6251, P-F1:0.5911, P-AUPRO:0.9782
tile: I-Auroc:1.0000, I-AP:1.0000, I-F1:1.0000, P-AUROC:0.9858, P-AP:0.8492, P-F1:0.7899, P-AUPRO:0.9175
wood: I-Auroc:0.9947, I-AP:0.9984, I-F1:0.9836, P-AUROC:0.9764, P-AP:0.7691, P-F1:0.7045, P-AUPRO:0.9386
bottle: I-Auroc:1.0000, I-AP:1.0000, I-F1:1.0000, P-AUROC:0.9897, P-AP:0.8811, P-F1:0.8298, P-AUPRO:0.9655
cable: I-Auroc:0.9899, I-AP:0.9945, I-F1:0.9778, P-AUROC:0.9562, P-AP:0.5435, P-F1:0.5595, P-AUPRO:0.8965
capsule: I-Auroc:0.9517, I-AP:0.9891, I-F1:0.9554, P-AUROC:0.9852, P-AP:0.5847, P-F1:0.5836, P-AUPRO:0.9695
hazelnut: I-Auroc:1.0000, I-AP:1.0000, I-F1:1.0000, P-AUROC:0.9943, P-AP:0.8200, P-F1:0.7674, P-AUPRO:0.9691
metal_nut: I-Auroc:1.0000, I-AP:1.0000, I-F1:1.0000, P-AUROC:0.9651, P-AP:0.8135, P-F1:0.8444, P-AUPRO:0.9479
pill: I-Auroc:0.9855, I-AP:0.9974, I-F1:0.9789, P-AUROC:0.9750, P-AP:0.7627, P-F1:0.7088, P-AUPRO:0.9739
screw: I-Auroc:0.9410, I-AP:0.9813, I-F1:0.9277, P-AUROC:0.9934, P-AP:0.5114, P-F1:0.5557, P-AUPRO:0.9688
toothbrush: I-Auroc:1.0000, I-AP:1.0000, I-F1:1.0000, P-AUROC:0.9898, P-AP:0.5619, P-F1:0.6421, P-AUPRO:0.9499
transistor: I-Auroc:0.9829, I-AP:0.9639, I-F1:0.9620, P-AUROC:0.8993, P-AP:0.5143, P-F1:0.4979, P-AUPRO:0.7116
zipper: I-Auroc:0.9997, I-AP:0.9999, I-F1:0.9958, P-AUROC:0.9889, P-AP:0.7632, P-F1:0.7226, P-AUPRO:0.9635
Mean: I-Auroc:0.9894, I-AP:0.9949, I-F1:0.9841, P-AUROC:0.9788, P-AP:0.6859, P-F1:0.6746, P-AUPRO:0.9401
[INFO] Best model saved with P-AUROC 0.9788
iter [1208/10000], loss:0.0661
iter [1510/10000], loss:0.0635
iter [1812/10000], loss:0.0618
carpet: I-Auroc:0.9984, I-AP:0.9995, I-F1:0.9888, P-AUROC:0.9942, P-AP:0.7320, P-F1:0.7316, P-AUPRO:0.9802
grid: I-Auroc:0.9967, I-AP:0.9988, I-F1:0.9912, P-AUROC:0.9937, P-AP:0.5444, P-F1:0.5755, P-AUPRO:0.9717
leather: I-Auroc:1.0000, I-AP:1.0000, I-F1:1.0000, P-AUROC:0.9941, P-AP:0.5842, P-F1:0.5713, P-AUPRO:0.9774
tile: I-Auroc:1.0000, I-AP:1.0000, I-F1:1.0000, P-AUROC:0.9853, P-AP:0.8363, P-F1:0.7868, P-AUPRO:0.9099
wood: I-Auroc:0.9982, I-AP:0.9995, I-F1:0.9916, P-AUROC:0.9765, P-AP:0.7614, P-F1:0.7011, P-AUPRO:0.9397
bottle: I-Auroc:1.0000, I-AP:1.0000, I-F1:1.0000, P-AUROC:0.9904, P-AP:0.8829, P-F1:0.8344, P-AUPRO:0.9635
cable: I-Auroc:0.9994, I-AP:0.9997, I-F1:0.9945, P-AUROC:0.9719, P-AP:0.5993, P-F1:0.6222, P-AUPRO:0.9188
capsule: I-Auroc:0.9697, I-AP:0.9931, I-F1:0.9732, P-AUROC:0.9861, P-AP:0.5963, P-F1:0.5965, P-AUPRO:0.9718
hazelnut: I-Auroc:1.0000, I-AP:1.0000, I-F1:1.0000, P-AUROC:0.9941, P-AP:0.8134, P-F1:0.7644, P-AUPRO:0.9695
metal_nut: I-Auroc:1.0000, I-AP:1.0000, I-F1:1.0000, P-AUROC:0.9699, P-AP:0.8252, P-F1:0.8640, P-AUPRO:0.9488
pill: I-Auroc:0.9883, I-AP:0.9979, I-F1:0.9822, P-AUROC:0.9772, P-AP:0.7760, P-F1:0.7177, P-AUPRO:0.9735
screw: I-Auroc:0.9580, I-AP:0.9876, I-F1:0.9478, P-AUROC:0.9944, P-AP:0.5492, P-F1:0.5708, P-AUPRO:0.9736
toothbrush: I-Auroc:0.9861, I-AP:0.9952, I-F1:0.9831, P-AUROC:0.9871, P-AP:0.5318, P-F1:0.6146, P-AUPRO:0.9371
transistor: I-Auroc:0.9846, I-AP:0.9729, I-F1:0.9620, P-AUROC:0.9096, P-AP:0.5386, P-F1:0.5202, P-AUPRO:0.7248
zipper: I-Auroc:1.0000, I-AP:1.0000, I-F1:1.0000, P-AUROC:0.9904, P-AP:0.7783, P-F1:0.7371, P-AUPRO:0.9660
Mean: I-Auroc:0.9920, I-AP:0.9963, I-F1:0.9876, P-AUROC:0.9810, P-AP:0.6900, P-F1:0.6805, P-AUPRO:0.9417
[INFO] Best model saved with P-AUROC 0.9810
iter [2114/10000], loss:0.0605
iter [2416/10000], loss:0.0593
iter [2718/10000], loss:0.0582
carpet: I-Auroc:0.9984, I-AP:0.9995, I-F1:0.9888, P-AUROC:0.9938, P-AP:0.7162, P-F1:0.7243, P-AUPRO:0.9755
grid: I-Auroc:0.9967, I-AP:0.9988, I-F1:0.9912, P-AUROC:0.9938, P-AP:0.5487, P-F1:0.5767, P-AUPRO:0.9689
leather: I-Auroc:1.0000, I-AP:1.0000, I-F1:1.0000, P-AUROC:0.9943, P-AP:0.5836, P-F1:0.5767, P-AUPRO:0.9751
tile: I-Auroc:1.0000, I-AP:1.0000, I-F1:1.0000, P-AUROC:0.9848, P-AP:0.8300, P-F1:0.7829, P-AUPRO:0.9142
wood: I-Auroc:0.9974, I-AP:0.9992, I-F1:0.9836, P-AUROC:0.9765, P-AP:0.7540, P-F1:0.6966, P-AUPRO:0.9383
bottle: I-Auroc:1.0000, I-AP:1.0000, I-F1:1.0000, P-AUROC:0.9906, P-AP:0.8816, P-F1:0.8348, P-AUPRO:0.9634
cable: I-Auroc:0.9998, I-AP:0.9999, I-F1:0.9946, P-AUROC:0.9763, P-AP:0.6273, P-F1:0.6476, P-AUPRO:0.9304
capsule: I-Auroc:0.9741, I-AP:0.9942, I-F1:0.9732, P-AUROC:0.9864, P-AP:0.6001, P-F1:0.5980, P-AUPRO:0.9716
hazelnut: I-Auroc:1.0000, I-AP:1.0000, I-F1:1.0000, P-AUROC:0.9943, P-AP:0.8166, P-F1:0.7681, P-AUPRO:0.9705
metal_nut: I-Auroc:1.0000, I-AP:1.0000, I-F1:1.0000, P-AUROC:0.9698, P-AP:0.8150, P-F1:0.8672, P-AUPRO:0.9483
pill: I-Auroc:0.9896, I-AP:0.9982, I-F1:0.9825, P-AUROC:0.9768, P-AP:0.7743, P-F1:0.7159, P-AUPRO:0.9727
screw: I-Auroc:0.9766, I-AP:0.9927, I-F1:0.9655, P-AUROC:0.9950, P-AP:0.5405, P-F1:0.5592, P-AUPRO:0.9765
toothbrush: I-Auroc:1.0000, I-AP:1.0000, I-F1:1.0000, P-AUROC:0.9894, P-AP:0.5399, P-F1:0.6340, P-AUPRO:0.9489
transistor: I-Auroc:0.9850, I-AP:0.9741, I-F1:0.9620, P-AUROC:0.9161, P-AP:0.5563, P-F1:0.5398, P-AUPRO:0.7403
zipper: I-Auroc:1.0000, I-AP:1.0000, I-F1:1.0000, P-AUROC:0.9907, P-AP:0.7807, P-F1:0.7401, P-AUPRO:0.9677
Mean: I-Auroc:0.9945, I-AP:0.9971, I-F1:0.9894, P-AUROC:0.9819, P-AP:0.6910, P-F1:0.6841, P-AUPRO:0.9442
[INFO] Best model saved with P-AUROC 0.9819
iter [3020/10000], loss:0.0573
iter [3322/10000], loss:0.0565
iter [3624/10000], loss:0.0557
iter [3926/10000], loss:0.0549
carpet: I-Auroc:0.9988, I-AP:0.9996, I-F1:0.9944, P-AUROC:0.9934, P-AP:0.6937, P-F1:0.7180, P-AUPRO:0.9785
grid: I-Auroc:0.9967, I-AP:0.9988, I-F1:0.9912, P-AUROC:0.9936, P-AP:0.5419, P-F1:0.5706, P-AUPRO:0.9691
leather: I-Auroc:1.0000, I-AP:1.0000, I-F1:1.0000, P-AUROC:0.9938, P-AP:0.5515, P-F1:0.5587, P-AUPRO:0.9778
tile: I-Auroc:1.0000, I-AP:1.0000, I-F1:1.0000, P-AUROC:0.9845, P-AP:0.8306, P-F1:0.7805, P-AUPRO:0.9082
wood: I-Auroc:0.9982, I-AP:0.9994, I-F1:0.9917, P-AUROC:0.9757, P-AP:0.7467, P-F1:0.6944, P-AUPRO:0.9381
bottle: I-Auroc:1.0000, I-AP:1.0000, I-F1:1.0000, P-AUROC:0.9909, P-AP:0.8832, P-F1:0.8374, P-AUPRO:0.9661
cable: I-Auroc:1.0000, I-AP:1.0000, I-F1:1.0000, P-AUROC:0.9799, P-AP:0.6491, P-F1:0.6744, P-AUPRO:0.9324
capsule: I-Auroc:0.9729, I-AP:0.9939, I-F1:0.9689, P-AUROC:0.9868, P-AP:0.5989, P-F1:0.6018, P-AUPRO:0.9723
hazelnut: I-Auroc:1.0000, I-AP:1.0000, I-F1:1.0000, P-AUROC:0.9943, P-AP:0.8155, P-F1:0.7669, P-AUPRO:0.9704
metal_nut: I-Auroc:1.0000, I-AP:1.0000, I-F1:1.0000, P-AUROC:0.9697, P-AP:0.8105, P-F1:0.8687, P-AUPRO:0.9488
pill: I-Auroc:0.9905, I-AP:0.9983, I-F1:0.9825, P-AUROC:0.9771, P-AP:0.7718, P-F1:0.7155, P-AUPRO:0.9749
screw: I-Auroc:0.9736, I-AP:0.9919, I-F1:0.9565, P-AUROC:0.9954, P-AP:0.5663, P-F1:0.5835, P-AUPRO:0.9786
toothbrush: I-Auroc:1.0000, I-AP:1.0000, I-F1:1.0000, P-AUROC:0.9897, P-AP:0.5485, P-F1:0.6405, P-AUPRO:0.9513
transistor: I-Auroc:0.9867, I-AP:0.9758, I-F1:0.9620, P-AUROC:0.9230, P-AP:0.5722, P-F1:0.5559, P-AUPRO:0.7447
zipper: I-Auroc:1.0000, I-AP:1.0000, I-F1:1.0000, P-AUROC:0.9909, P-AP:0.7789, P-F1:0.7450, P-AUPRO:0.9695
Mean: I-Auroc:0.9945, I-AP:0.9972, I-F1:0.9898, P-AUROC:0.9826, P-AP:0.6906, P-F1:0.6875, P-AUPRO:0.9454
[INFO] Best model saved with P-AUROC 0.9826
iter [4228/10000], loss:0.0542
iter [4530/10000], loss:0.0537
iter [4832/10000], loss:0.0531
carpet: I-Auroc:0.9984, I-AP:0.9995, I-F1:0.9888, P-AUROC:0.9934, P-AP:0.6976, P-F1:0.7162, P-AUPRO:0.9769
grid: I-Auroc:0.9975, I-AP:0.9991, I-F1:0.9912, P-AUROC:0.9937, P-AP:0.5424, P-F1:0.5746, P-AUPRO:0.9687
leather: I-Auroc:1.0000, I-AP:1.0000, I-F1:1.0000, P-AUROC:0.9936, P-AP:0.5476, P-F1:0.5505, P-AUPRO:0.9747
tile: I-Auroc:1.0000, I-AP:1.0000, I-F1:1.0000, P-AUROC:0.9832, P-AP:0.8105, P-F1:0.7719, P-AUPRO:0.9115
wood: I-Auroc:0.9974, I-AP:0.9992, I-F1:0.9917, P-AUROC:0.9759, P-AP:0.7439, P-F1:0.6903, P-AUPRO:0.9360
bottle: I-Auroc:1.0000, I-AP:1.0000, I-F1:1.0000, P-AUROC:0.9908, P-AP:0.8826, P-F1:0.8352, P-AUPRO:0.9648
cable: I-Auroc:0.9998, I-AP:0.9999, I-F1:0.9946, P-AUROC:0.9799, P-AP:0.6523, P-F1:0.6747, P-AUPRO:0.9352
capsule: I-Auroc:0.9753, I-AP:0.9946, I-F1:0.9725, P-AUROC:0.9866, P-AP:0.6018, P-F1:0.6021, P-AUPRO:0.9707
hazelnut: I-Auroc:1.0000, I-AP:1.0000, I-F1:1.0000, P-AUROC:0.9944, P-AP:0.8155, P-F1:0.7671, P-AUPRO:0.9701
metal_nut: I-Auroc:1.0000, I-AP:1.0000, I-F1:1.0000, P-AUROC:0.9711, P-AP:0.8127, P-F1:0.8733, P-AUPRO:0.9480
pill: I-Auroc:0.9896, I-AP:0.9982, I-F1:0.9825, P-AUROC:0.9782, P-AP:0.7771, P-F1:0.7174, P-AUPRO:0.9745
screw: I-Auroc:0.9746, I-AP:0.9919, I-F1:0.9528, P-AUROC:0.9955, P-AP:0.5724, P-F1:0.5844, P-AUPRO:0.9792
toothbrush: I-Auroc:1.0000, I-AP:1.0000, I-F1:1.0000, P-AUROC:0.9898, P-AP:0.5489, P-F1:0.6406, P-AUPRO:0.9518
transistor: I-Auroc:0.9871, I-AP:0.9763, I-F1:0.9620, P-AUROC:0.9273, P-AP:0.5828, P-F1:0.5668, P-AUPRO:0.7477
zipper: I-Auroc:1.0000, I-AP:1.0000, I-F1:1.0000, P-AUROC:0.9914, P-AP:0.7903, P-F1:0.7504, P-AUPRO:0.9693
Mean: I-Auroc:0.9946, I-AP:0.9972, I-F1:0.9891, P-AUROC:0.9830, P-AP:0.6919, P-F1:0.6877, P-AUPRO:0.9453
[INFO] Best model saved with P-AUROC 0.9830
iter [5134/10000], loss:0.0525
iter [5436/10000], loss:0.0522
iter [5738/10000], loss:0.0517
carpet: I-Auroc:0.9988, I-AP:0.9996, I-F1:0.9944, P-AUROC:0.9934, P-AP:0.6967, P-F1:0.7171, P-AUPRO:0.9753
grid: I-Auroc:0.9967, I-AP:0.9988, I-F1:0.9912, P-AUROC:0.9937, P-AP:0.5447, P-F1:0.5722, P-AUPRO:0.9697
leather: I-Auroc:1.0000, I-AP:1.0000, I-F1:1.0000, P-AUROC:0.9934, P-AP:0.5290, P-F1:0.5439, P-AUPRO:0.9743
tile: I-Auroc:1.0000, I-AP:1.0000, I-F1:1.0000, P-AUROC:0.9832, P-AP:0.8110, P-F1:0.7715, P-AUPRO:0.9069
wood: I-Auroc:0.9991, I-AP:0.9997, I-F1:0.9917, P-AUROC:0.9759, P-AP:0.7417, P-F1:0.6910, P-AUPRO:0.9364
bottle: I-Auroc:1.0000, I-AP:1.0000, I-F1:1.0000, P-AUROC:0.9909, P-AP:0.8830, P-F1:0.8363, P-AUPRO:0.9661
cable: I-Auroc:1.0000, I-AP:1.0000, I-F1:1.0000, P-AUROC:0.9808, P-AP:0.6608, P-F1:0.6848, P-AUPRO:0.9366
capsule: I-Auroc:0.9733, I-AP:0.9941, I-F1:0.9689, P-AUROC:0.9868, P-AP:0.6016, P-F1:0.6028, P-AUPRO:0.9722
hazelnut: I-Auroc:1.0000, I-AP:1.0000, I-F1:1.0000, P-AUROC:0.9944, P-AP:0.8174, P-F1:0.7683, P-AUPRO:0.9716
metal_nut: I-Auroc:1.0000, I-AP:1.0000, I-F1:1.0000, P-AUROC:0.9705, P-AP:0.8068, P-F1:0.8710, P-AUPRO:0.9517
pill: I-Auroc:0.9913, I-AP:0.9985, I-F1:0.9825, P-AUROC:0.9775, P-AP:0.7671, P-F1:0.7146, P-AUPRO:0.9745
screw: I-Auroc:0.9830, I-AP:0.9945, I-F1:0.9623, P-AUROC:0.9959, P-AP:0.5763, P-F1:0.5886, P-AUPRO:0.9813
toothbrush: I-Auroc:1.0000, I-AP:1.0000, I-F1:1.0000, P-AUROC:0.9894, P-AP:0.5412, P-F1:0.6335, P-AUPRO:0.9504
transistor: I-Auroc:0.9875, I-AP:0.9782, I-F1:0.9620, P-AUROC:0.9244, P-AP:0.5728, P-F1:0.5573, P-AUPRO:0.7513
zipper: I-Auroc:1.0000, I-AP:1.0000, I-F1:1.0000, P-AUROC:0.9917, P-AP:0.7910, P-F1:0.7513, P-AUPRO:0.9711
Mean: I-Auroc:0.9953, I-AP:0.9976, I-F1:0.9902, P-AUROC:0.9828, P-AP:0.6894, P-F1:0.6869, P-AUPRO:0.9460
[INFO] Best model saved with P-AUROC 0.9828
iter [6040/10000], loss:0.0512
iter [6342/10000], loss:0.0508
iter [6644/10000], loss:0.0504
iter [6946/10000], loss:0.0501
carpet: I-Auroc:0.9984, I-AP:0.9995, I-F1:0.9888, P-AUROC:0.9933, P-AP:0.6905, P-F1:0.7160, P-AUPRO:0.9770
grid: I-Auroc:0.9967, I-AP:0.9988, I-F1:0.9912, P-AUROC:0.9937, P-AP:0.5442, P-F1:0.5722, P-AUPRO:0.9684
leather: I-Auroc:1.0000, I-AP:1.0000, I-F1:1.0000, P-AUROC:0.9934, P-AP:0.5308, P-F1:0.5439, P-AUPRO:0.9738
tile: I-Auroc:1.0000, I-AP:1.0000, I-F1:1.0000, P-AUROC:0.9823, P-AP:0.8026, P-F1:0.7655, P-AUPRO:0.9064
wood: I-Auroc:0.9991, I-AP:0.9997, I-F1:0.9917, P-AUROC:0.9753, P-AP:0.7315, P-F1:0.6866, P-AUPRO:0.9375
bottle: I-Auroc:1.0000, I-AP:1.0000, I-F1:1.0000, P-AUROC:0.9910, P-AP:0.8815, P-F1:0.8365, P-AUPRO:0.9640
cable: I-Auroc:0.9998, I-AP:0.9999, I-F1:0.9946, P-AUROC:0.9822, P-AP:0.6701, P-F1:0.6957, P-AUPRO:0.9393
capsule: I-Auroc:0.9793, I-AP:0.9955, I-F1:0.9725, P-AUROC:0.9870, P-AP:0.6054, P-F1:0.6054, P-AUPRO:0.9735
hazelnut: I-Auroc:1.0000, I-AP:1.0000, I-F1:1.0000, P-AUROC:0.9944, P-AP:0.8176, P-F1:0.7689, P-AUPRO:0.9690
metal_nut: I-Auroc:1.0000, I-AP:1.0000, I-F1:1.0000, P-AUROC:0.9704, P-AP:0.8065, P-F1:0.8708, P-AUPRO:0.9524
pill: I-Auroc:0.9907, I-AP:0.9984, I-F1:0.9825, P-AUROC:0.9774, P-AP:0.7611, P-F1:0.7138, P-AUPRO:0.9750
screw: I-Auroc:0.9826, I-AP:0.9944, I-F1:0.9587, P-AUROC:0.9962, P-AP:0.5793, P-F1:0.5933, P-AUPRO:0.9824
toothbrush: I-Auroc:1.0000, I-AP:1.0000, I-F1:1.0000, P-AUROC:0.9893, P-AP:0.5329, P-F1:0.6321, P-AUPRO:0.9509
transistor: I-Auroc:0.9883, I-AP:0.9793, I-F1:0.9620, P-AUROC:0.9310, P-AP:0.5931, P-F1:0.5781, P-AUPRO:0.7571
zipper: I-Auroc:1.0000, I-AP:1.0000, I-F1:1.0000, P-AUROC:0.9918, P-AP:0.7908, P-F1:0.7526, P-AUPRO:0.9687
Mean: I-Auroc:0.9957, I-AP:0.9977, I-F1:0.9895, P-AUROC:0.9832, P-AP:0.6892, P-F1:0.6888, P-AUPRO:0.9464
[INFO] Best model saved with P-AUROC 0.9832
iter [7248/10000], loss:0.0498
iter [7550/10000], loss:0.0495
iter [7852/10000], loss:0.0492
carpet: I-Auroc:0.9984, I-AP:0.9995, I-F1:0.9888, P-AUROC:0.9932, P-AP:0.6859, P-F1:0.7136, P-AUPRO:0.9776
grid: I-Auroc:0.9967, I-AP:0.9988, I-F1:0.9912, P-AUROC:0.9938, P-AP:0.5488, P-F1:0.5767, P-AUPRO:0.9710
leather: I-Auroc:1.0000, I-AP:1.0000, I-F1:1.0000, P-AUROC:0.9933, P-AP:0.5282, P-F1:0.5426, P-AUPRO:0.9775
tile: I-Auroc:1.0000, I-AP:1.0000, I-F1:1.0000, P-AUROC:0.9819, P-AP:0.7977, P-F1:0.7628, P-AUPRO:0.9080
wood: I-Auroc:0.9991, I-AP:0.9997, I-F1:0.9917, P-AUROC:0.9757, P-AP:0.7338, P-F1:0.6875, P-AUPRO:0.9339
bottle: I-Auroc:1.0000, I-AP:1.0000, I-F1:1.0000, P-AUROC:0.9912, P-AP:0.8839, P-F1:0.8378, P-AUPRO:0.9667
cable: I-Auroc:0.9996, I-AP:0.9998, I-F1:0.9945, P-AUROC:0.9823, P-AP:0.6714, P-F1:0.6957, P-AUPRO:0.9392
capsule: I-Auroc:0.9781, I-AP:0.9952, I-F1:0.9725, P-AUROC:0.9870, P-AP:0.6050, P-F1:0.6044, P-AUPRO:0.9745
hazelnut: I-Auroc:1.0000, I-AP:1.0000, I-F1:1.0000, P-AUROC:0.9944, P-AP:0.8178, P-F1:0.7687, P-AUPRO:0.9692
metal_nut: I-Auroc:1.0000, I-AP:1.0000, I-F1:1.0000, P-AUROC:0.9702, P-AP:0.8037, P-F1:0.8704, P-AUPRO:0.9490
pill: I-Auroc:0.9918, I-AP:0.9986, I-F1:0.9825, P-AUROC:0.9779, P-AP:0.7592, P-F1:0.7134, P-AUPRO:0.9737
screw: I-Auroc:0.9830, I-AP:0.9945, I-F1:0.9569, P-AUROC:0.9962, P-AP:0.5897, P-F1:0.5952, P-AUPRO:0.9830
toothbrush: I-Auroc:1.0000, I-AP:1.0000, I-F1:1.0000, P-AUROC:0.9892, P-AP:0.5281, P-F1:0.6296, P-AUPRO:0.9509
transistor: I-Auroc:0.9892, I-AP:0.9803, I-F1:0.9630, P-AUROC:0.9303, P-AP:0.5906, P-F1:0.5734, P-AUPRO:0.7563
zipper: I-Auroc:1.0000, I-AP:1.0000, I-F1:1.0000, P-AUROC:0.9918, P-AP:0.7895, P-F1:0.7524, P-AUPRO:0.9690
Mean: I-Auroc:0.9957, I-AP:0.9978, I-F1:0.9894, P-AUROC:0.9832, P-AP:0.6889, P-F1:0.6883, P-AUPRO:0.9466
[INFO] Best model saved with P-AUROC 0.9832
iter [8154/10000], loss:0.0490
iter [8456/10000], loss:0.0488
iter [8758/10000], loss:0.0486
carpet: I-Auroc:0.9984, I-AP:0.9995, I-F1:0.9888, P-AUROC:0.9932, P-AP:0.6859, P-F1:0.7124, P-AUPRO:0.9770
grid: I-Auroc:0.9967, I-AP:0.9988, I-F1:0.9912, P-AUROC:0.9938, P-AP:0.5449, P-F1:0.5756, P-AUPRO:0.9713
leather: I-Auroc:1.0000, I-AP:1.0000, I-F1:1.0000, P-AUROC:0.9932, P-AP:0.5236, P-F1:0.5386, P-AUPRO:0.9751
tile: I-Auroc:1.0000, I-AP:1.0000, I-F1:1.0000, P-AUROC:0.9817, P-AP:0.7927, P-F1:0.7624, P-AUPRO:0.9070
wood: I-Auroc:0.9991, I-AP:0.9997, I-F1:0.9917, P-AUROC:0.9758, P-AP:0.7324, P-F1:0.6873, P-AUPRO:0.9380
bottle: I-Auroc:1.0000, I-AP:1.0000, I-F1:1.0000, P-AUROC:0.9910, P-AP:0.8818, P-F1:0.8362, P-AUPRO:0.9654
cable: I-Auroc:0.9996, I-AP:0.9998, I-F1:0.9945, P-AUROC:0.9828, P-AP:0.6731, P-F1:0.6984, P-AUPRO:0.9422
capsule: I-Auroc:0.9797, I-AP:0.9956, I-F1:0.9725, P-AUROC:0.9871, P-AP:0.6069, P-F1:0.6051, P-AUPRO:0.9714
hazelnut: I-Auroc:1.0000, I-AP:1.0000, I-F1:1.0000, P-AUROC:0.9944, P-AP:0.8193, P-F1:0.7683, P-AUPRO:0.9693
metal_nut: I-Auroc:1.0000, I-AP:1.0000, I-F1:1.0000, P-AUROC:0.9703, P-AP:0.8017, P-F1:0.8694, P-AUPRO:0.9507
pill: I-Auroc:0.9913, I-AP:0.9985, I-F1:0.9825, P-AUROC:0.9777, P-AP:0.7584, P-F1:0.7129, P-AUPRO:0.9753
screw: I-Auroc:0.9844, I-AP:0.9950, I-F1:0.9607, P-AUROC:0.9962, P-AP:0.5911, P-F1:0.5963, P-AUPRO:0.9832
toothbrush: I-Auroc:1.0000, I-AP:1.0000, I-F1:1.0000, P-AUROC:0.9892, P-AP:0.5281, P-F1:0.6313, P-AUPRO:0.9526
transistor: I-Auroc:0.9900, I-AP:0.9813, I-F1:0.9630, P-AUROC:0.9316, P-AP:0.5951, P-F1:0.5782, P-AUPRO:0.7654
zipper: I-Auroc:1.0000, I-AP:1.0000, I-F1:1.0000, P-AUROC:0.9919, P-AP:0.7923, P-F1:0.7543, P-AUPRO:0.9715
Mean: I-Auroc:0.9959, I-AP:0.9979, I-F1:0.9897, P-AUROC:0.9833, P-AP:0.6885, P-F1:0.6884, P-AUPRO:0.9477
[INFO] Best model saved with P-AUROC 0.9833
iter [9060/10000], loss:0.0485
iter [9362/10000], loss:0.0483
iter [9664/10000], loss:0.0482
iter [9966/10000], loss:0.0482
carpet: I-Auroc:0.9984, I-AP:0.9995, I-F1:0.9888, P-AUROC:0.9932, P-AP:0.6854, P-F1:0.7118, P-AUPRO:0.9754
grid: I-Auroc:0.9967, I-AP:0.9988, I-F1:0.9912, P-AUROC:0.9937, P-AP:0.5454, P-F1:0.5736, P-AUPRO:0.9694
leather: I-Auroc:1.0000, I-AP:1.0000, I-F1:1.0000, P-AUROC:0.9931, P-AP:0.5191, P-F1:0.5356, P-AUPRO:0.9729
tile: I-Auroc:1.0000, I-AP:1.0000, I-F1:1.0000, P-AUROC:0.9812, P-AP:0.7860, P-F1:0.7601, P-AUPRO:0.9089
wood: I-Auroc:0.9991, I-AP:0.9997, I-F1:0.9917, P-AUROC:0.9759, P-AP:0.7300, P-F1:0.6870, P-AUPRO:0.9379
bottle: I-Auroc:1.0000, I-AP:1.0000, I-F1:1.0000, P-AUROC:0.9912, P-AP:0.8833, P-F1:0.8375, P-AUPRO:0.9657
cable: I-Auroc:0.9998, I-AP:0.9999, I-F1:0.9946, P-AUROC:0.9821, P-AP:0.6666, P-F1:0.6908, P-AUPRO:0.9372
capsule: I-Auroc:0.9793, I-AP:0.9955, I-F1:0.9725, P-AUROC:0.9869, P-AP:0.6073, P-F1:0.6052, P-AUPRO:0.9733
hazelnut: I-Auroc:1.0000, I-AP:1.0000, I-F1:1.0000, P-AUROC:0.9944, P-AP:0.8188, P-F1:0.7681, P-AUPRO:0.9679
metal_nut: I-Auroc:1.0000, I-AP:1.0000, I-F1:1.0000, P-AUROC:0.9700, P-AP:0.8005, P-F1:0.8687, P-AUPRO:0.9484
pill: I-Auroc:0.9915, I-AP:0.9985, I-F1:0.9825, P-AUROC:0.9780, P-AP:0.7593, P-F1:0.7142, P-AUPRO:0.9749
screw: I-Auroc:0.9844, I-AP:0.9950, I-F1:0.9587, P-AUROC:0.9962, P-AP:0.5930, P-F1:0.5958, P-AUPRO:0.9834
toothbrush: I-Auroc:1.0000, I-AP:1.0000, I-F1:1.0000, P-AUROC:0.9892, P-AP:0.5274, P-F1:0.6298, P-AUPRO:0.9502
transistor: I-Auroc:0.9908, I-AP:0.9835, I-F1:0.9630, P-AUROC:0.9321, P-AP:0.5951, P-F1:0.5785, P-AUPRO:0.7586
zipper: I-Auroc:1.0000, I-AP:1.0000, I-F1:1.0000, P-AUROC:0.9920, P-AP:0.7924, P-F1:0.7538, P-AUPRO:0.9701
Mean: I-Auroc:0.9960, I-AP:0.9980, I-F1:0.9895, P-AUROC:0.9833, P-AP:0.6873, P-F1:0.6874, P-AUPRO:0.9463
[INFO] Best model saved with P-AUROC 0.9833
iter [10000/10000], loss:0.0481
