[2024-12-28 15:23:13,291][   train_val.py][line:  74][    INFO] args: Namespace(config='./config.yaml', evaluate=True, local_rank=None, train_only_four_decoder=False)
[2024-12-28 15:23:13,292][   train_val.py][line:  75][    INFO] config: {'criterion': [{'kwargs': {'weight': 1.0},
                'name': 'FeatureMSELoss',
                'type': 'FeatureMSELoss'}],
 'dataset': {'batch_size': 16,
             'image_reader': {'kwargs': {'color_mode': 'RGB',
                                         'image_dir': '/home/customer/Desktop/ZZ/anomaly/GLAD-main/hdd/Datasets/MVTec-AD'},
                              'type': 'opencv'},
             'input_size': [224, 224],
             'pixel_mean': [0.485, 0.456, 0.406],
             'pixel_std': [0.229, 0.224, 0.225],
             'test': {'meta_file': '../../data/MVTec-AD/test.json'},
             'train': {'hflip': False,
                       'meta_file': '../../data/MVTec-AD/train.json',
                       'rebalance': False,
                       'rotate': False,
                       'vflip': False},
             'type': 'custom',
             'workers': 4},
 'evaluator': {'eval_dir': './result_eval_temp',
               'key_metric': 'mean_max_auc',
               'metrics': {'auc': [{'name': 'std'},
                                   {'kwargs': {'avgpool_size': [16, 16]},
                                    'name': 'max'},
                                   {'name': 'pixel'}]},
               'save_dir': 'result_eval_temp',
               'vis_compound': {'max_score': None,
                                'min_score': None,
                                'save_dir': 'checkpoints/HVQ_TR_switch/vis_compound_HVQ_TR_switch/visual'}},
 'exp_path': '.',
 'frozen_layers': ['backbone'],
 'log_path': './log/',
 'net': [{'frozen': True,
          'kwargs': {'outlayers': [1, 2, 3, 4], 'pretrained': True},
          'name': 'backbone',
          'type': 'models.backbones.efficientnet_b4'},
         {'kwargs': {'outstrides': [16]},
          'name': 'neck',
          'prev': 'backbone',
          'type': 'models.necks.MFCN'},
         {'kwargs': {'activation': 'relu',
                     'dim_feedforward': 1024,
                     'dropout': 0.1,
                     'feature_jitter': {'prob': 1.0, 'scale': 20.0},
                     'hidden_dim': 256,
                     'initializer': {'method': 'xavier_uniform'},
                     'neighbor_mask': {'mask': [True, True, True],
                                       'neighbor_size': [7, 7]},
                     'nhead': 8,
                     'normalize_before': False,
                     'num_decoder_layers': 4,
                     'num_encoder_layers': 4,
                     'pos_embed_type': 'learned',
                     'save_recon': {'save_dir': 'result_recon'}},
          'name': 'reconstruction',
          'prev': 'neck',
          'type': 'models.reconstructions.HVQ_TR_switch'}],
 'port': 11111,
 'random_seed': 133,
 'save_path': './checkpoints/HVQ_TR_switch',
 'saver': {'always_save': False,
           'auto_resume': False,
           'load_path': 'checkpoints',
           'log_dir': 'log/',
           'resume_model': '/home/customer/Desktop/ZZ/anomaly/HVQ-Trans-master/checkpoints/HVQ_TR_switch/best_/ckpt_best.pth.tar',
           'save_dir': 'checkpoints/HVQ_TR_switch'},
 'trainer': {'clip_max_norm': 0.1,
             'lr_scheduler': {'kwargs': {'gamma': 0.1, 'step_size': 800},
                              'type': 'StepLR'},
             'max_epoch': 1000,
             'optimizer': {'kwargs': {'betas': [0.9, 0.999],
                                      'lr': 0.0001,
                                      'weight_decay': 0.0001},
                           'type': 'AdamW'},
             'print_freq_step': 80,
             'tb_freq_step': 1,
             'val_freq_epoch': 10},
 'version': 'v1.0.0'}
[2024-12-28 15:23:28,754][       utils.py][line: 719][    INFO]  not exist, load from https://github.com/lukemelas/EfficientNet-PyTorch/releases/download/1.0/efficientnet-b4-6ed6700e.pth
[2024-12-28 15:23:29,797][       utils.py][line: 740][    INFO] Loaded ImageNet pretrained efficientnet-b4
[2024-12-28 15:23:37,233][   train_val.py][line: 105][    INFO] layers: ['backbone', 'neck', 'reconstruction']
[2024-12-28 15:23:37,233][   train_val.py][line: 106][    INFO] active layers: ['neck', 'reconstruction']
[2024-12-28 15:23:42,260][custom_dataset.py][line:  38][    INFO] building CustomDataset from: ../../data/MVTec-AD/train.json
[2024-12-28 15:23:42,281][custom_dataset.py][line:  38][    INFO] building CustomDataset from: ../../data/MVTec-AD/test.json
[2024-12-28 15:23:53,965][   train_val.py][line: 296][    INFO] Test: [100/1725]	Time 0.044 (0.065)
[2024-12-28 15:23:59,494][   train_val.py][line: 296][    INFO] Test: [200/1725]	Time 0.051 (0.060)
[2024-12-28 15:24:04,969][   train_val.py][line: 296][    INFO] Test: [300/1725]	Time 0.044 (0.058)
[2024-12-28 15:24:10,578][   train_val.py][line: 296][    INFO] Test: [400/1725]	Time 0.101 (0.058)
[2024-12-28 15:24:15,915][   train_val.py][line: 296][    INFO] Test: [500/1725]	Time 0.049 (0.057)
[2024-12-28 15:24:21,413][   train_val.py][line: 296][    INFO] Test: [600/1725]	Time 0.075 (0.057)
[2024-12-28 15:24:27,260][   train_val.py][line: 296][    INFO] Test: [700/1725]	Time 0.059 (0.057)
[2024-12-28 15:24:32,391][   train_val.py][line: 296][    INFO] Test: [800/1725]	Time 0.063 (0.056)
[2024-12-28 15:24:37,390][   train_val.py][line: 296][    INFO] Test: [900/1725]	Time 0.061 (0.056)
[2024-12-28 15:24:42,412][   train_val.py][line: 296][    INFO] Test: [1000/1725]	Time 0.038 (0.055)
[2024-12-28 15:24:47,982][   train_val.py][line: 296][    INFO] Test: [1100/1725]	Time 0.045 (0.055)
[2024-12-28 15:24:52,957][   train_val.py][line: 296][    INFO] Test: [1200/1725]	Time 0.043 (0.055)
[2024-12-28 15:24:58,090][   train_val.py][line: 296][    INFO] Test: [1300/1725]	Time 0.048 (0.054)
[2024-12-28 15:25:02,957][   train_val.py][line: 296][    INFO] Test: [1400/1725]	Time 0.040 (0.054)
[2024-12-28 15:25:07,922][   train_val.py][line: 296][    INFO] Test: [1500/1725]	Time 0.042 (0.054)
[2024-12-28 15:25:12,840][   train_val.py][line: 296][    INFO] Test: [1600/1725]	Time 0.038 (0.053)
[2024-12-28 15:25:17,930][   train_val.py][line: 296][    INFO] Test: [1700/1725]	Time 0.049 (0.053)
[2024-12-28 15:25:19,127][   train_val.py][line: 317][    INFO] Gathering final results ...
[2024-12-28 15:25:19,127][   train_val.py][line: 319][    INFO]  * Loss 34.94404	total_num=1725
[2024-12-28 15:25:52,580][ eval_helper.py][line: 228][    INFO] 
|  clsname   |   max    |   std    |  pixel   |
|:----------:|:--------:|:--------:|:--------:|
|   bottle   | 0.657937 | 0.653175 | 0.618267 |
|   zipper   | 0.627101 | 0.778887 | 0.709569 |
| transistor | 0.572917 | 0.553333 | 0.532767 |
| toothbrush | 0.580556 | 0.605556 | 0.760049 |
|    grid    | 0.700919 | 0.660819 | 0.618369 |
|    tile    | 0.829004 | 0.921717 | 0.792605 |
|    pill    | 0.578833 | 0.503546 | 0.59096  |
|  capsule   | 0.678101 | 0.621061 | 0.828378 |
|  hazelnut  | 0.864286 | 0.803571 | 0.86645  |
| metal_nut  | 0.591887 | 0.567449 | 0.530409 |
|   screw    | 0.515884 | 0.564972 | 0.876426 |
|  leather   | 0.920516 | 0.992188 | 0.966869 |
|    wood    | 0.944737 | 0.957018 | 0.840935 |
|   cable    | 0.55922  | 0.600075 | 0.59848  |
|   carpet   | 0.927368 | 0.984751 | 0.925687 |
|    mean    | 0.703284 | 0.717874 | 0.737081 |
