[2024-12-28 15:20:00,728][   train_val.py][line:  74][    INFO] args: Namespace(config='./config.yaml', evaluate=True, local_rank=None, train_only_four_decoder=False)
[2024-12-28 15:20:00,730][   train_val.py][line:  75][    INFO] config: {'criterion': [{'kwargs': {'weight': 1.0},
                'name': 'FeatureMSELoss',
                'type': 'FeatureMSELoss'}],
 'dataset': {'batch_size': 16,
             'image_reader': {'kwargs': {'color_mode': 'RGB',
                                         'image_dir': '/home/customer/Desktop/ZZ/anomaly/GLAD-main/hdd/Datasets/MVTec-AD'},
                              'type': 'opencv'},
             'input_size': [224, 224],
             'pixel_mean': [0.485, 0.456, 0.406],
             'pixel_std': [0.229, 0.224, 0.225],
             'test': {'meta_file': '../../data/MVTec-AD/test.json'},
             'train': {'hflip': False,
                       'meta_file': '../../data/MVTec-AD/train.json',
                       'rebalance': False,
                       'rotate': False,
                       'vflip': False},
             'type': 'custom',
             'workers': 4},
 'evaluator': {'eval_dir': './result_eval_temp',
               'key_metric': 'mean_max_auc',
               'metrics': {'auc': [{'name': 'std'},
                                   {'kwargs': {'avgpool_size': [16, 16]},
                                    'name': 'max'},
                                   {'name': 'pixel'}]},
               'save_dir': 'result_eval_temp',
               'vis_compound': {'max_score': None,
                                'min_score': None,
                                'save_dir': 'checkpoints/HVQ_TR_switch/vis_compound_HVQ_TR_switch/visual'}},
 'exp_path': '.',
 'frozen_layers': ['backbone'],
 'log_path': './log/',
 'net': [{'frozen': True,
          'kwargs': {'outlayers': [1, 2, 3, 4], 'pretrained': True},
          'name': 'backbone',
          'type': 'models.backbones.efficientnet_b4'},
         {'kwargs': {'outstrides': [16]},
          'name': 'neck',
          'prev': 'backbone',
          'type': 'models.necks.MFCN'},
         {'kwargs': {'activation': 'relu',
                     'dim_feedforward': 1024,
                     'dropout': 0.1,
                     'feature_jitter': {'prob': 1.0, 'scale': 20.0},
                     'hidden_dim': 256,
                     'initializer': {'method': 'xavier_uniform'},
                     'neighbor_mask': {'mask': [True, True, True],
                                       'neighbor_size': [7, 7]},
                     'nhead': 8,
                     'normalize_before': False,
                     'num_decoder_layers': 4,
                     'num_encoder_layers': 4,
                     'pos_embed_type': 'learned',
                     'save_recon': {'save_dir': 'result_recon'}},
          'name': 'reconstruction',
          'prev': 'neck',
          'type': 'models.reconstructions.HVQ_TR_switch'}],
 'port': 11111,
 'random_seed': 133,
 'save_path': './checkpoints/HVQ_TR_switch',
 'saver': {'always_save': False,
           'auto_resume': False,
           'load_path': 'checkpoints',
           'log_dir': 'log/',
           'resume_model': '/home/customer/Desktop/ZZ/anomaly/HVQ-Trans-master/checkpoints/HVQ_TR_switch/best_/ckpt_best.pth.tar',
           'save_dir': 'checkpoints/HVQ_TR_switch'},
 'trainer': {'clip_max_norm': 0.1,
             'lr_scheduler': {'kwargs': {'gamma': 0.1, 'step_size': 800},
                              'type': 'StepLR'},
             'max_epoch': 1000,
             'optimizer': {'kwargs': {'betas': [0.9, 0.999],
                                      'lr': 0.0001,
                                      'weight_decay': 0.0001},
                           'type': 'AdamW'},
             'print_freq_step': 80,
             'tb_freq_step': 1,
             'val_freq_epoch': 10},
 'version': 'v1.0.0'}
[2024-12-28 15:20:16,401][       utils.py][line: 719][    INFO]  not exist, load from https://github.com/lukemelas/EfficientNet-PyTorch/releases/download/1.0/efficientnet-b4-6ed6700e.pth
[2024-12-28 15:20:17,498][       utils.py][line: 740][    INFO] Loaded ImageNet pretrained efficientnet-b4
[2024-12-28 15:20:24,644][   train_val.py][line: 105][    INFO] layers: ['backbone', 'neck', 'reconstruction']
[2024-12-28 15:20:24,645][   train_val.py][line: 106][    INFO] active layers: ['reconstruction', 'neck']
[2024-12-28 15:20:28,496][custom_dataset.py][line:  38][    INFO] building CustomDataset from: ../../data/MVTec-AD/train.json
[2024-12-28 15:20:28,506][custom_dataset.py][line:  38][    INFO] building CustomDataset from: ../../data/MVTec-AD/test.json
[2024-12-28 15:20:38,969][   train_val.py][line: 296][    INFO] Test: [100/1725]	Time 0.039 (0.062)
[2024-12-28 15:20:44,594][   train_val.py][line: 296][    INFO] Test: [200/1725]	Time 0.051 (0.059)
[2024-12-28 15:20:49,503][   train_val.py][line: 296][    INFO] Test: [300/1725]	Time 0.039 (0.056)
[2024-12-28 15:20:54,557][   train_val.py][line: 296][    INFO] Test: [400/1725]	Time 0.064 (0.054)
[2024-12-28 15:20:59,835][   train_val.py][line: 296][    INFO] Test: [500/1725]	Time 0.044 (0.054)
[2024-12-28 15:21:04,496][   train_val.py][line: 296][    INFO] Test: [600/1725]	Time 0.038 (0.053)
[2024-12-28 15:21:09,559][   train_val.py][line: 296][    INFO] Test: [700/1725]	Time 0.062 (0.053)
[2024-12-28 15:21:14,311][   train_val.py][line: 296][    INFO] Test: [800/1725]	Time 0.037 (0.052)
[2024-12-28 15:21:19,086][   train_val.py][line: 296][    INFO] Test: [900/1725]	Time 0.038 (0.051)
[2024-12-28 15:21:23,855][   train_val.py][line: 296][    INFO] Test: [1000/1725]	Time 0.038 (0.051)
[2024-12-28 15:21:28,782][   train_val.py][line: 296][    INFO] Test: [1100/1725]	Time 0.071 (0.051)
[2024-12-28 15:21:33,945][   train_val.py][line: 296][    INFO] Test: [1200/1725]	Time 0.067 (0.051)
[2024-12-28 15:21:39,549][   train_val.py][line: 296][    INFO] Test: [1300/1725]	Time 0.065 (0.051)
[2024-12-28 15:21:45,556][   train_val.py][line: 296][    INFO] Test: [1400/1725]	Time 0.043 (0.052)
[2024-12-28 15:21:50,939][   train_val.py][line: 296][    INFO] Test: [1500/1725]	Time 0.079 (0.052)
[2024-12-28 15:21:56,374][   train_val.py][line: 296][    INFO] Test: [1600/1725]	Time 0.080 (0.052)
[2024-12-28 15:22:01,715][   train_val.py][line: 296][    INFO] Test: [1700/1725]	Time 0.041 (0.052)
[2024-12-28 15:22:02,990][   train_val.py][line: 317][    INFO] Gathering final results ...
