[2025-03-28 12:17:37,169][train_val_withOT_btad.py][line:  90][    INFO] args: Namespace(config='./config_btad_withOT.yaml', evaluate=True, local_rank=None, train_only_four_decoder=False)
[2025-03-28 12:17:37,171][train_val_withOT_btad.py][line:  91][    INFO] config: {'criterion': [{'kwargs': {'weight': 1.0},
                'name': 'FeatureMSELoss',
                'type': 'FeatureMSELoss'}],
 'dataset': {'batch_size': 16,
             'image_reader': {'kwargs': {'color_mode': 'RGB',
                                         'image_dir': '/home/ZZ/anomaly/GLAD-main/hdd/Datasets/BTAD'},
                              'type': 'opencv'},
             'input_size': [224, 224],
             'pixel_mean': [0.485, 0.456, 0.406],
             'pixel_std': [0.229, 0.224, 0.225],
             'test': {'meta_file': '../../data/BTAD/test.json'},
             'train': {'hflip': False,
                       'meta_file': '../../data/BTAD/train.json',
                       'rebalance': False,
                       'rotate': False,
                       'vflip': False},
             'type': 'custom',
             'workers': 4},
 'evaluator': {'eval_dir': './result_eval_temp_BTAD_from0_withOT',
               'key_metric': 'mean_max_auc',
               'metrics': {'auc': [{'name': 'std'},
                                   {'kwargs': {'avgpool_size': [16, 16]},
                                    'name': 'max'},
                                   {'name': 'pixel'},
                                   {'name': 'top250'},
                                   {'name': 'IImageap'},
                                   {'name': 'IImagef1max'},
                                   {'name': 'IImageauroc'},
                                   {'name': 'PPixelap'},
                                   {'name': 'PPixelf1max'},
                                   {'name': 'PPixelpro'},
                                   {'name': 'PPixelauroc'}]},
               'save_dir': 'result_eval_temp_BTAD_from0_withOT',
               'vis_compound': {'max_score': None,
                                'min_score': None,
                                'save_dir': 'checkpoints/HVQ_TR_switch_BTAD_from0/vis_compound_HVQ_TR_switch/visual_BTAD_from0_withOT'}},
 'exp_path': '.',
 'frozen_layers': ['backbone'],
 'log_path': './log/',
 'net': [{'frozen': True,
          'kwargs': {'outlayers': [1, 2, 3, 4], 'pretrained': True},
          'name': 'backbone',
          'type': 'models.backbones.efficientnet_b4'},
         {'kwargs': {'outstrides': [16]},
          'name': 'neck',
          'prev': 'backbone',
          'type': 'models.necks.MFCN'},
         {'kwargs': {'activation': 'relu',
                     'dim_feedforward': 1024,
                     'dropout': 0.1,
                     'feature_jitter': {'prob': 1.0, 'scale': 20.0},
                     'hidden_dim': 256,
                     'initializer': {'method': 'xavier_uniform'},
                     'neighbor_mask': {'mask': [True, True, True],
                                       'neighbor_size': [7, 7]},
                     'nhead': 8,
                     'normalize_before': False,
                     'num_decoder_layers': 4,
                     'num_encoder_layers': 4,
                     'pos_embed_type': 'learned',
                     'save_recon': {'save_dir': 'result_recon_BTAD_from0_withOT'}},
          'name': 'reconstruction',
          'prev': 'neck',
          'type': 'models.reconstructions.HVQ_TR_switch_OT'}],
 'port': 11111,
 'random_seed': 1234,
 'save_path': './checkpoints/HVQ_TR_switch_BTAD_from0_withOT',
 'saver': {'always_save': False,
           'auto_resume': False,
           'load_path': 'checkpoints',
           'log_dir': 'log/',
           'resume_model': '/home/ZZ/anomaly/HVQ-Trans-master/experiments/MVTec-AD/checkpoints/HVQ_TR_switch_BTAD_from0_withOT/ckpt_best.pth.tar',
           'save_dir': 'checkpoints/HVQ_TR_switch_BTAD_from0_withOT'},
 'trainer': {'clip_max_norm': 0.1,
             'lr_scheduler': {'kwargs': {'gamma': 0.1, 'step_size': 800},
                              'type': 'StepLR'},
             'max_epoch': 1000,
             'optimizer': {'kwargs': {'betas': [0.9, 0.999],
                                      'lr': 0.0001,
                                      'weight_decay': 0.0001},
                           'type': 'AdamW'},
             'print_freq_step': 40,
             'tb_freq_step': 1,
             'val_freq_epoch': 10},
 'version': 'v1.0.0'}
[2025-03-28 12:17:38,174][       utils.py][line: 719][    INFO]  not exist, load from https://github.com/lukemelas/EfficientNet-PyTorch/releases/download/1.0/efficientnet-b4-6ed6700e.pth
[2025-03-28 12:17:38,795][       utils.py][line: 740][    INFO] Loaded ImageNet pretrained efficientnet-b4
[2025-03-28 12:17:44,927][train_val_withOT_btad.py][line: 121][    INFO] layers: ['backbone', 'neck', 'reconstruction']
[2025-03-28 12:17:44,927][train_val_withOT_btad.py][line: 122][    INFO] active layers: ['neck', 'reconstruction']
[2025-03-28 12:17:52,002][custom_dataset.py][line:  47][    INFO] building CustomDataset from: ../../data/BTAD/train.json
[2025-03-28 12:17:52,010][custom_dataset.py][line:  47][    INFO] building CustomDataset from: ../../data/BTAD/test.json
[2025-03-28 12:18:05,856][train_val_withOT_btad.py][line: 372][    INFO] Test: [100/741]	Time 0.123 (0.132)
[2025-03-28 12:18:18,349][train_val_withOT_btad.py][line: 372][    INFO] Test: [200/741]	Time 0.117 (0.128)
[2025-03-28 12:18:31,304][train_val_withOT_btad.py][line: 372][    INFO] Test: [300/741]	Time 0.100 (0.129)
[2025-03-28 12:19:06,612][train_val_withOT_btad.py][line: 372][    INFO] Test: [400/741]	Time 0.100 (0.185)
[2025-03-28 12:19:19,141][train_val_withOT_btad.py][line: 372][    INFO] Test: [500/741]	Time 0.157 (0.173)
[2025-03-28 12:19:31,676][train_val_withOT_btad.py][line: 372][    INFO] Test: [600/741]	Time 0.123 (0.165)
[2025-03-28 12:19:43,032][train_val_withOT_btad.py][line: 372][    INFO] Test: [700/741]	Time 0.100 (0.158)
[2025-03-28 12:19:47,123][train_val_withOT_btad.py][line: 393][    INFO] Gathering final results ...
[2025-03-28 12:19:47,123][train_val_withOT_btad.py][line: 395][    INFO]  * Loss 6.08247	total_num=741
[2025-03-28 12:24:48,151][eval_helper1.py][line: 428][    INFO] 
|  clsname  |  PPixelf1max  |   max    |  IImagef1max  |  pixel   |  IImageauroc  |  PPixelap  |  PPixelauroc  |  top250  |  IImageap  |   std    |  PPixelpro  |
|:---------:|:-------------:|:--------:|:-------------:|:--------:|:-------------:|:----------:|:-------------:|:--------:|:----------:|:--------:|:-----------:|
|    01     |   0.537626    | 0.980564 |   0.969072    | 0.966934 |   0.983479    |  0.513346  |   0.966934    | 0.983479 |  0.993679  | 0.94655  |  0.731842   |
|    03     |   0.456221    | 0.999685 |   0.984127    | 0.994527 |   0.999685    |  0.455515  |   0.994527    | 0.999685 |  0.995764  | 0.999449 |  0.979357   |
|    02     |   0.512421    | 0.813422 |   0.927739    | 0.946031 |   0.816016    |  0.440631  |   0.946031    | 0.816016 |  0.969588  | 0.782136 |  0.533309   |
|   mean    |   0.502089    | 0.931224 |   0.960313    | 0.969164 |    0.93306    |  0.469831  |   0.969164    | 0.93306  |  0.986344  | 0.909379 |  0.748169   |
