[2025-03-28 22:23:25,733][train_val_withOT_mpdd.py][line:  90][    INFO] args: Namespace(config='./config_mpdd_withOT.yaml', evaluate=False, local_rank=None, train_only_four_decoder=False)
[2025-03-28 22:23:25,734][train_val_withOT_mpdd.py][line:  91][    INFO] config: {'criterion': [{'kwargs': {'weight': 1.0},
                'name': 'FeatureMSELoss',
                'type': 'FeatureMSELoss'}],
 'dataset': {'batch_size': 16,
             'image_reader': {'kwargs': {'color_mode': 'RGB',
                                         'image_dir': '/home/ZZ/anomaly/GLAD-main/hdd/Datasets/MPDD'},
                              'type': 'opencv'},
             'input_size': [224, 224],
             'pixel_mean': [0.485, 0.456, 0.406],
             'pixel_std': [0.229, 0.224, 0.225],
             'test': {'meta_file': '../../data/MPDD/test.json'},
             'train': {'hflip': False,
                       'meta_file': '../../data/MPDD/train.json',
                       'rebalance': False,
                       'rotate': False,
                       'vflip': False},
             'type': 'custom',
             'workers': 4},
 'evaluator': {'eval_dir': './result_eval_temp_MPDD_from0_withOT',
               'key_metric': 'mean_max_auc',
               'metrics': {'auc': [{'name': 'std'},
                                   {'kwargs': {'avgpool_size': [16, 16]},
                                    'name': 'max'},
                                   {'name': 'pixel'},
                                   {'name': 'top250'},
                                   {'name': 'IImageap'},
                                   {'name': 'IImagef1max'},
                                   {'name': 'IImageauroc'},
                                   {'name': 'PPixelap'},
                                   {'name': 'PPixelf1max'},
                                   {'name': 'PPixelpro'},
                                   {'name': 'PPixelauroc'}]},
               'save_dir': 'result_eval_temp_MPDD_from0_withOT',
               'vis_compound': {'max_score': None,
                                'min_score': None,
                                'save_dir': 'checkpoints/HVQ_TR_switch_MPDD_from0/vis_compound_HVQ_TR_switch/visual_MPDD_from0_withOT'}},
 'exp_path': '.',
 'frozen_layers': ['backbone'],
 'log_path': './log/',
 'net': [{'frozen': True,
          'kwargs': {'outlayers': [1, 2, 3, 4], 'pretrained': True},
          'name': 'backbone',
          'type': 'models.backbones.efficientnet_b4'},
         {'kwargs': {'outstrides': [16]},
          'name': 'neck',
          'prev': 'backbone',
          'type': 'models.necks.MFCN'},
         {'kwargs': {'activation': 'relu',
                     'dim_feedforward': 1024,
                     'dropout': 0.1,
                     'feature_jitter': {'prob': 1.0, 'scale': 20.0},
                     'hidden_dim': 256,
                     'initializer': {'method': 'xavier_uniform'},
                     'neighbor_mask': {'mask': [True, True, True],
                                       'neighbor_size': [7, 7]},
                     'nhead': 8,
                     'normalize_before': False,
                     'num_decoder_layers': 4,
                     'num_encoder_layers': 4,
                     'pos_embed_type': 'learned',
                     'save_recon': {'save_dir': 'result_recon_MPDD_from0_withOT'}},
          'name': 'reconstruction',
          'prev': 'neck',
          'type': 'models.reconstructions.HVQ_TR_switch_OT'}],
 'port': 11111,
 'random_seed': 1234,
 'save_path': './checkpoints/HVQ_TR_switch_MPDD_from0_withOT',
 'saver': {'always_save': False,
           'auto_resume': False,
           'load_path': 'checkpoints',
           'log_dir': 'log/',
           'resume_model': '/home/ZZ/anomaly/HVQ-Trans-master/experiments/MVTec-AD/checkpoints/HVQ_TR_switch_MPDD_from0_withOT/ckpt_best.pth.tar',
           'save_dir': 'checkpoints/HVQ_TR_switch_MPDD_from0_withOT'},
 'trainer': {'clip_max_norm': 0.1,
             'lr_scheduler': {'kwargs': {'gamma': 0.1, 'step_size': 800},
                              'type': 'StepLR'},
             'max_epoch': 1000,
             'optimizer': {'kwargs': {'betas': [0.9, 0.999],
                                      'lr': 0.0001,
                                      'weight_decay': 0.0001},
                           'type': 'AdamW'},
             'print_freq_step': 50,
             'tb_freq_step': 1,
             'val_freq_epoch': 10},
 'version': 'v1.0.0'}
[2025-03-28 22:23:26,057][       utils.py][line: 719][    INFO]  not exist, load from https://github.com/lukemelas/EfficientNet-PyTorch/releases/download/1.0/efficientnet-b4-6ed6700e.pth
[2025-03-28 22:23:26,157][       utils.py][line: 740][    INFO] Loaded ImageNet pretrained efficientnet-b4
[2025-03-28 22:23:34,178][train_val_withOT_mpdd.py][line: 121][    INFO] layers: ['backbone', 'neck', 'reconstruction']
[2025-03-28 22:23:34,179][train_val_withOT_mpdd.py][line: 122][    INFO] active layers: ['neck', 'reconstruction']
[2025-03-28 22:23:41,909][custom_dataset.py][line:  47][    INFO] building CustomDataset from: ../../data/MPDD/train.json
[2025-03-28 22:23:41,912][custom_dataset.py][line:  47][    INFO] building CustomDataset from: ../../data/MPDD/test.json
[2025-03-28 22:23:44,456][train_val_withOT_mpdd.py][line: 311][    INFO] Epoch: [1/1000]	Iter: [1/56000]	Time 2.54 (2.54)	Data 1.17 (1.17)	Loss 8.88694 (8.88694)	LR 0.00010	
[2025-03-28 22:24:04,119][train_val_withOT_mpdd.py][line: 311][    INFO] Epoch: [1/1000]	Iter: [51/56000]	Time 0.39 (0.39)	Data 0.00 (0.00)	Loss 9.00867 (8.71352)	LR 0.00010	
[2025-03-28 22:24:25,465][train_val_withOT_mpdd.py][line: 311][    INFO] Epoch: [2/1000]	Iter: [101/56000]	Time 0.39 (0.41)	Data 0.00 (0.03)	Loss 8.86029 (8.78172)	LR 0.00010	
[2025-03-28 22:24:46,163][train_val_withOT_mpdd.py][line: 311][    INFO] Epoch: [3/1000]	Iter: [151/56000]	Time 0.40 (0.42)	Data 0.00 (0.03)	Loss 9.36400 (8.84236)	LR 0.00010	
[2025-03-28 22:25:07,036][train_val_withOT_mpdd.py][line: 311][    INFO] Epoch: [4/1000]	Iter: [201/56000]	Time 0.39 (0.43)	Data 0.00 (0.04)	Loss 8.79087 (8.73889)	LR 0.00010	
[2025-03-28 22:25:27,005][train_val_withOT_mpdd.py][line: 311][    INFO] Epoch: [5/1000]	Iter: [251/56000]	Time 0.38 (0.42)	Data 0.00 (0.05)	Loss 9.04749 (8.89038)	LR 0.00010	
[2025-03-28 22:25:47,260][train_val_withOT_mpdd.py][line: 311][    INFO] Epoch: [6/1000]	Iter: [301/56000]	Time 0.39 (0.46)	Data 0.00 (0.06)	Loss 9.50397 (8.73971)	LR 0.00010	
[2025-03-28 22:26:07,986][train_val_withOT_mpdd.py][line: 311][    INFO] Epoch: [7/1000]	Iter: [351/56000]	Time 0.40 (0.47)	Data 0.00 (0.07)	Loss 9.57881 (8.61929)	LR 0.00010	
[2025-03-28 22:26:28,801][train_val_withOT_mpdd.py][line: 311][    INFO] Epoch: [8/1000]	Iter: [401/56000]	Time 0.40 (0.52)	Data 0.00 (0.13)	Loss 8.62827 (8.93228)	LR 0.00010	
[2025-03-28 22:26:49,526][train_val_withOT_mpdd.py][line: 311][    INFO] Epoch: [9/1000]	Iter: [451/56000]	Time 0.34 (0.76)	Data 0.00 (0.38)	Loss 8.96680 (8.85229)	LR 0.00010	
[2025-03-28 22:27:09,204][train_val_withOT_mpdd.py][line: 311][    INFO] Epoch: [9/1000]	Iter: [501/56000]	Time 0.38 (0.39)	Data 0.00 (0.00)	Loss 8.83330 (8.69867)	LR 0.00010	
[2025-03-28 22:27:30,200][train_val_withOT_mpdd.py][line: 311][    INFO] Epoch: [10/1000]	Iter: [551/56000]	Time 0.38 (0.42)	Data 0.00 (0.03)	Loss 8.24531 (8.84421)	LR 0.00010	
[2025-03-28 22:27:51,039][train_val_withOT_mpdd.py][line: 311][    INFO] Epoch: [11/1000]	Iter: [601/56000]	Time 0.38 (0.42)	Data 0.00 (0.03)	Loss 8.45989 (8.77890)	LR 0.00010	
[2025-03-28 22:28:11,607][train_val_withOT_mpdd.py][line: 311][    INFO] Epoch: [12/1000]	Iter: [651/56000]	Time 0.37 (0.42)	Data 0.00 (0.03)	Loss 8.75148 (8.85512)	LR 0.00010	
[2025-03-28 22:28:32,430][train_val_withOT_mpdd.py][line: 311][    INFO] Epoch: [13/1000]	Iter: [701/56000]	Time 0.36 (0.43)	Data 0.00 (0.04)	Loss 8.20625 (8.81130)	LR 0.00010	
[2025-03-28 22:28:53,212][train_val_withOT_mpdd.py][line: 311][    INFO] Epoch: [14/1000]	Iter: [751/56000]	Time 0.39 (0.45)	Data 0.00 (0.06)	Loss 9.32246 (8.88855)	LR 0.00010	
[2025-03-28 22:29:14,328][train_val_withOT_mpdd.py][line: 311][    INFO] Epoch: [15/1000]	Iter: [801/56000]	Time 0.40 (0.48)	Data 0.00 (0.08)	Loss 8.89811 (8.82094)	LR 0.00010	
[2025-03-28 22:29:35,128][train_val_withOT_mpdd.py][line: 311][    INFO] Epoch: [16/1000]	Iter: [851/56000]	Time 0.39 (0.50)	Data 0.00 (0.11)	Loss 8.11399 (8.72414)	LR 0.00010	
[2025-03-28 22:29:55,756][train_val_withOT_mpdd.py][line: 311][    INFO] Epoch: [17/1000]	Iter: [901/56000]	Time 0.40 (0.63)	Data 0.00 (0.22)	Loss 9.81664 (8.76373)	LR 0.00010	
[2025-03-28 22:30:15,176][train_val_withOT_mpdd.py][line: 311][    INFO] Epoch: [17/1000]	Iter: [951/56000]	Time 0.39 (0.39)	Data 0.00 (0.00)	Loss 9.25285 (8.73770)	LR 0.00010	
[2025-03-28 22:30:36,118][train_val_withOT_mpdd.py][line: 311][    INFO] Epoch: [18/1000]	Iter: [1001/56000]	Time 0.37 (0.42)	Data 0.00 (0.03)	Loss 8.46329 (8.75186)	LR 0.00010	
[2025-03-28 22:30:57,009][train_val_withOT_mpdd.py][line: 311][    INFO] Epoch: [19/1000]	Iter: [1051/56000]	Time 0.38 (0.42)	Data 0.00 (0.03)	Loss 8.26566 (8.82815)	LR 0.00010	
[2025-03-28 22:31:17,870][train_val_withOT_mpdd.py][line: 311][    INFO] Epoch: [20/1000]	Iter: [1101/56000]	Time 0.40 (0.43)	Data 0.00 (0.03)	Loss 8.62540 (8.68316)	LR 0.00010	
[2025-03-28 22:31:38,612][train_val_withOT_mpdd.py][line: 311][    INFO] Epoch: [21/1000]	Iter: [1151/56000]	Time 0.38 (0.43)	Data 0.00 (0.04)	Loss 8.46882 (8.61038)	LR 0.00010	
[2025-03-28 22:31:59,607][train_val_withOT_mpdd.py][line: 311][    INFO] Epoch: [22/1000]	Iter: [1201/56000]	Time 0.38 (0.45)	Data 0.00 (0.06)	Loss 9.24686 (8.88167)	LR 0.00010	
[2025-03-28 22:32:20,185][train_val_withOT_mpdd.py][line: 311][    INFO] Epoch: [23/1000]	Iter: [1251/56000]	Time 0.40 (0.45)	Data 0.00 (0.06)	Loss 8.09861 (8.66527)	LR 0.00010	
[2025-03-28 22:32:40,791][train_val_withOT_mpdd.py][line: 311][    INFO] Epoch: [24/1000]	Iter: [1301/56000]	Time 0.39 (0.49)	Data 0.00 (0.09)	Loss 8.46918 (8.61557)	LR 0.00010	
[2025-03-28 22:33:01,627][train_val_withOT_mpdd.py][line: 311][    INFO] Epoch: [25/1000]	Iter: [1351/56000]	Time 0.40 (0.59)	Data 0.00 (0.18)	Loss 8.63453 (8.75261)	LR 0.00010	
[2025-03-28 22:33:22,342][train_val_withOT_mpdd.py][line: 311][    INFO] Epoch: [26/1000]	Iter: [1401/56000]	Time 1.71 (1.71)	Data 1.30 (1.30)	Loss 10.16461 (10.16461)	LR 0.00010	
[2025-03-28 22:33:41,864][train_val_withOT_mpdd.py][line: 311][    INFO] Epoch: [26/1000]	Iter: [1451/56000]	Time 0.39 (0.39)	Data 0.00 (0.00)	Loss 9.23631 (8.76957)	LR 0.00010	
[2025-03-28 22:34:02,646][train_val_withOT_mpdd.py][line: 311][    INFO] Epoch: [27/1000]	Iter: [1501/56000]	Time 0.40 (0.42)	Data 0.00 (0.03)	Loss 8.48009 (8.72705)	LR 0.00010	
[2025-03-28 22:34:23,411][train_val_withOT_mpdd.py][line: 311][    INFO] Epoch: [28/1000]	Iter: [1551/56000]	Time 0.39 (0.42)	Data 0.00 (0.03)	Loss 8.72531 (8.62097)	LR 0.00010	
[2025-03-28 22:34:44,057][train_val_withOT_mpdd.py][line: 311][    INFO] Epoch: [29/1000]	Iter: [1601/56000]	Time 0.39 (0.43)	Data 0.00 (0.03)	Loss 8.19416 (8.75232)	LR 0.00010	
[2025-03-28 22:35:06,350][train_val_withOT_mpdd.py][line: 372][    INFO] Test: [100/458]	Time 0.149 (0.133)
[2025-03-28 22:35:18,401][train_val_withOT_mpdd.py][line: 372][    INFO] Test: [200/458]	Time 0.124 (0.127)
[2025-03-28 22:35:30,125][train_val_withOT_mpdd.py][line: 372][    INFO] Test: [300/458]	Time 0.128 (0.124)
[2025-03-28 22:35:42,517][train_val_withOT_mpdd.py][line: 372][    INFO] Test: [400/458]	Time 0.114 (0.124)
[2025-03-28 22:35:49,499][train_val_withOT_mpdd.py][line: 393][    INFO] Gathering final results ...
[2025-03-28 22:35:49,500][train_val_withOT_mpdd.py][line: 395][    INFO]  * Loss 10.88737	total_num=458
[2025-03-28 22:37:57,305][eval_helper1.py][line: 445][    INFO] 
|    clsname    |  PPixelf1max  |  PPixelap  |   max    |  IImagef1max  |  IImageauroc  |  IImageap  |  pixel   |  PPixelauroc  |  PPixelpro  |   std    |  top250  |
|:-------------:|:-------------:|:----------:|:--------:|:-------------:|:-------------:|:----------:|:--------:|:-------------:|:-----------:|:--------:|:--------:|
|  metal_plate  |   0.739758    |  0.727468  | 0.976165 |   0.958333    |   0.963705    |  0.985012  | 0.965005 |   0.965012    |  0.865035   | 0.989166 | 0.963705 |
|   connector   |   0.284755    |  0.177071  | 0.885714 |    0.83871    |   0.890476    |  0.686713  | 0.975183 |   0.975183    |  0.914379   | 0.609524 | 0.890476 |
| bracket_white |   0.0264317   | 0.00669227 | 0.787778 |   0.736842    |     0.79      |  0.820788  | 0.952525 |   0.952525    |   0.85419   | 0.553333 |   0.79   |
| bracket_brown |    0.3676     |  0.316652  | 0.882353 |   0.910714    |   0.886124    |  0.931432  | 0.983269 |    0.98327    |  0.887413   | 0.573906 | 0.886124 |
|     tubes     |   0.380552    |  0.34519   | 0.617301 |   0.816568    |   0.643116    |  0.839169  | 0.966049 |   0.966061    |  0.870277   | 0.823822 | 0.643116 |
| bracket_black |   0.0336493   | 0.0141541  | 0.928191 |   0.884211    |   0.923537    |  0.951847  | 0.969089 |   0.969089    |  0.899293   | 0.688165 | 0.923537 |
|     mean      |   0.305458    |  0.264538  | 0.84625  |   0.857563    |   0.849493    |  0.86916   | 0.96852  |   0.968523    |  0.881764   | 0.706319 | 0.849493 |
[2025-03-28 22:38:09,871][train_val_withOT_mpdd.py][line: 311][    INFO] Epoch: [30/1000]	Iter: [1651/56000]	Time 0.36 (0.44)	Data 0.00 (0.04)	Loss 8.74595 (8.60509)	LR 0.00010	
[2025-03-28 22:38:30,731][train_val_withOT_mpdd.py][line: 311][    INFO] Epoch: [31/1000]	Iter: [1701/56000]	Time 0.39 (0.46)	Data 0.00 (0.07)	Loss 9.69036 (8.71898)	LR 0.00010	
[2025-03-28 22:38:51,818][train_val_withOT_mpdd.py][line: 311][    INFO] Epoch: [32/1000]	Iter: [1751/56000]	Time 0.39 (0.49)	Data 0.00 (0.09)	Loss 8.35768 (8.59809)	LR 0.00010	
