[2025-01-05 18:08:22,212][train_val_woOT.py][line:  90][    INFO] args: Namespace(config='./config_visa_woOT.yaml', evaluate=True, local_rank=None, train_only_four_decoder=False)
[2025-01-05 18:08:22,213][train_val_woOT.py][line:  91][    INFO] config: {'criterion': [{'kwargs': {'weight': 1.0},
                'name': 'FeatureMSELoss',
                'type': 'FeatureMSELoss'}],
 'dataset': {'batch_size': 16,
             'image_reader': {'kwargs': {'color_mode': 'RGB',
                                         'image_dir': '/home/customer/Desktop/ZZ/anomaly/GLAD-main/hdd/Datasets/VisA_pytorch'},
                              'type': 'opencv'},
             'input_size': [224, 224],
             'pixel_mean': [0.485, 0.456, 0.406],
             'pixel_std': [0.229, 0.224, 0.225],
             'test': {'meta_file': '../../data/VISA/test.json'},
             'train': {'hflip': False,
                       'meta_file': '../../data/VISA/train.json',
                       'rebalance': False,
                       'rotate': False,
                       'vflip': False},
             'type': 'custom',
             'workers': 4},
 'evaluator': {'eval_dir': './result_eval_temp_VisA_from0',
               'key_metric': 'mean_max_auc',
               'metrics': {'auc': [{'name': 'std'},
                                   {'kwargs': {'avgpool_size': [16, 16]},
                                    'name': 'max'},
                                   {'name': 'pixel'}]},
               'save_dir': 'result_eval_temp_VisA_from0',
               'vis_compound': {'max_score': None,
                                'min_score': None,
                                'save_dir': 'checkpoints/HVQ_TR_switch_VisA_from0/vis_compound_HVQ_TR_switch/visual_VisA_from0_woOT'}},
 'exp_path': '.',
 'frozen_layers': ['backbone'],
 'log_path': './log/',
 'net': [{'frozen': True,
          'kwargs': {'outlayers': [1, 2, 3, 4], 'pretrained': True},
          'name': 'backbone',
          'type': 'models.backbones.efficientnet_b4'},
         {'kwargs': {'outstrides': [16]},
          'name': 'neck',
          'prev': 'backbone',
          'type': 'models.necks.MFCN'},
         {'kwargs': {'activation': 'relu',
                     'dim_feedforward': 1024,
                     'dropout': 0.1,
                     'feature_jitter': {'prob': 1.0, 'scale': 20.0},
                     'hidden_dim': 256,
                     'initializer': {'method': 'xavier_uniform'},
                     'neighbor_mask': {'mask': [True, True, True],
                                       'neighbor_size': [7, 7]},
                     'nhead': 8,
                     'normalize_before': False,
                     'num_decoder_layers': 4,
                     'num_encoder_layers': 4,
                     'pos_embed_type': 'learned',
                     'save_recon': {'save_dir': 'result_recon_VisA_from0'}},
          'name': 'reconstruction',
          'prev': 'neck',
          'type': 'models.reconstructions.HVQ_TR_switch'}],
 'port': 11111,
 'random_seed': 1234,
 'save_path': './checkpoints/HVQ_TR_switch_VisA_from0_woOT',
 'saver': {'always_save': False,
           'auto_resume': False,
           'load_path': 'checkpoints',
           'log_dir': 'log/',
           'resume_model': '/home/customer/Desktop/ZZ/anomaly/HVQ-Trans-master/experiments/MVTec-AD/checkpoints/HVQ_TR_switch_VisA_from0_woOT/ckpt_best.pth.tar',
           'save_dir': 'checkpoints/HVQ_TR_switch_VisA_from0_woOT'},
 'trainer': {'clip_max_norm': 0.1,
             'lr_scheduler': {'kwargs': {'gamma': 0.1, 'step_size': 800},
                              'type': 'StepLR'},
             'max_epoch': 1000,
             'optimizer': {'kwargs': {'betas': [0.9, 0.999],
                                      'lr': 0.0001,
                                      'weight_decay': 0.0001},
                           'type': 'AdamW'},
             'print_freq_step': 80,
             'tb_freq_step': 1,
             'val_freq_epoch': 10},
 'version': 'v1.0.0'}
[2025-01-05 18:08:59,405][       utils.py][line: 719][    INFO]  not exist, load from https://github.com/lukemelas/EfficientNet-PyTorch/releases/download/1.0/efficientnet-b4-6ed6700e.pth
[2025-01-05 18:09:02,808][       utils.py][line: 740][    INFO] Loaded ImageNet pretrained efficientnet-b4
[2025-01-05 18:09:18,930][train_val_woOT.py][line: 121][    INFO] layers: ['backbone', 'neck', 'reconstruction']
[2025-01-05 18:09:18,931][train_val_woOT.py][line: 122][    INFO] active layers: ['neck', 'reconstruction']
[2025-01-05 18:09:28,584][custom_dataset.py][line:  41][    INFO] building CustomDataset from: ../../data/VISA/train.json
[2025-01-05 18:09:29,294][custom_dataset.py][line:  41][    INFO] building CustomDataset from: ../../data/VISA/test.json
[2025-01-05 18:09:43,412][train_val_woOT.py][line: 372][    INFO] Test: [100/2162]	Time 0.113 (0.123)
[2025-01-05 18:09:52,598][train_val_woOT.py][line: 372][    INFO] Test: [200/2162]	Time 0.127 (0.107)
[2025-01-05 18:10:02,389][train_val_woOT.py][line: 372][    INFO] Test: [300/2162]	Time 0.133 (0.104)
[2025-01-05 18:10:07,414][train_val_woOT.py][line: 372][    INFO] Test: [400/2162]	Time 0.049 (0.091)
[2025-01-05 18:10:11,998][train_val_woOT.py][line: 372][    INFO] Test: [500/2162]	Time 0.049 (0.082)
[2025-01-05 18:10:16,740][train_val_woOT.py][line: 372][    INFO] Test: [600/2162]	Time 0.053 (0.076)
[2025-01-05 18:10:21,718][train_val_woOT.py][line: 372][    INFO] Test: [700/2162]	Time 0.050 (0.072)
[2025-01-05 18:10:26,494][train_val_woOT.py][line: 372][    INFO] Test: [800/2162]	Time 0.046 (0.069)
[2025-01-05 18:10:30,963][train_val_woOT.py][line: 372][    INFO] Test: [900/2162]	Time 0.049 (0.067)
[2025-01-05 18:10:35,931][train_val_woOT.py][line: 372][    INFO] Test: [1000/2162]	Time 0.039 (0.065)
[2025-01-05 18:10:42,117][train_val_woOT.py][line: 372][    INFO] Test: [1100/2162]	Time 0.037 (0.065)
[2025-01-05 18:10:49,520][train_val_woOT.py][line: 372][    INFO] Test: [1200/2162]	Time 1.117 (0.065)
[2025-01-05 18:10:54,919][train_val_woOT.py][line: 372][    INFO] Test: [1300/2162]	Time 0.061 (0.064)
[2025-01-05 18:10:59,915][train_val_woOT.py][line: 372][    INFO] Test: [1400/2162]	Time 0.047 (0.063)
[2025-01-05 18:11:05,390][train_val_woOT.py][line: 372][    INFO] Test: [1500/2162]	Time 0.041 (0.063)
[2025-01-05 18:11:11,267][train_val_woOT.py][line: 372][    INFO] Test: [1600/2162]	Time 0.056 (0.063)
[2025-01-05 18:11:16,152][train_val_woOT.py][line: 372][    INFO] Test: [1700/2162]	Time 0.060 (0.062)
[2025-01-05 18:11:21,581][train_val_woOT.py][line: 372][    INFO] Test: [1800/2162]	Time 0.052 (0.061)
[2025-01-05 18:11:27,176][train_val_woOT.py][line: 372][    INFO] Test: [1900/2162]	Time 0.047 (0.061)
[2025-01-05 18:11:33,025][train_val_woOT.py][line: 372][    INFO] Test: [2000/2162]	Time 0.046 (0.061)
[2025-01-05 18:11:38,893][train_val_woOT.py][line: 372][    INFO] Test: [2100/2162]	Time 0.042 (0.061)
[2025-01-05 18:11:42,503][train_val_woOT.py][line: 393][    INFO] Gathering final results ...
[2025-01-05 18:11:42,503][train_val_woOT.py][line: 395][    INFO]  * Loss 5.35062	total_num=2162
[2025-01-05 18:12:32,526][ eval_helper.py][line: 228][    INFO] 
|  clsname   |  pixel   |   max    |   std    |
|:----------:|:--------:|:--------:|:--------:|
| chewinggum | 0.98778  |  0.9906  |  0.9034  |
|    pcb2    | 0.980912 |  0.9342  |  0.8764  |
| macaroni2  | 0.981085 |  0.8459  |  0.6958  |
| macaroni1  | 0.990867 |  0.8867  |  0.8451  |
|   candle   | 0.99053  |  0.9556  |  0.9574  |
| pipe_fryum | 0.993599 |  0.9754  |  0.9102  |
|   cashew   | 0.992205 |  0.9218  |  0.8936  |
|    pcb4    | 0.980879 | 0.993069 | 0.994653 |
|    pcb1    | 0.995263 |  0.9513  |  0.9287  |
|  capsules  | 0.984382 | 0.748167 |  0.6595  |
|   fryum    | 0.976859 |  0.8712  |  0.8394  |
|    pcb3    | 0.982194 | 0.88495  | 0.798713 |
|    mean    | 0.98638  | 0.913241 | 0.858572 |
