[2025-01-03 03:21:50,506][train_val_woOT.py][line:  90][    INFO] args: Namespace(config='./config_visa_woOT.yaml', evaluate=False, local_rank=None, train_only_four_decoder=False)
[2025-01-03 03:21:50,508][train_val_woOT.py][line:  91][    INFO] config: {'criterion': [{'kwargs': {'weight': 1.0},
                'name': 'FeatureMSELoss',
                'type': 'FeatureMSELoss'}],
 'dataset': {'batch_size': 16,
             'image_reader': {'kwargs': {'color_mode': 'RGB',
                                         'image_dir': '/home/customer/Desktop/ZZ/anomaly/GLAD-main/hdd/Datasets/VisA_pytorch'},
                              'type': 'opencv'},
             'input_size': [224, 224],
             'pixel_mean': [0.485, 0.456, 0.406],
             'pixel_std': [0.229, 0.224, 0.225],
             'test': {'meta_file': '../../data/VISA/test.json'},
             'train': {'hflip': False,
                       'meta_file': '../../data/VISA/train.json',
                       'rebalance': False,
                       'rotate': False,
                       'vflip': False},
             'type': 'custom',
             'workers': 4},
 'evaluator': {'eval_dir': './result_eval_temp_VisA_from0',
               'key_metric': 'mean_max_auc',
               'metrics': {'auc': [{'name': 'std'},
                                   {'kwargs': {'avgpool_size': [16, 16]},
                                    'name': 'max'},
                                   {'name': 'pixel'}]},
               'save_dir': 'result_eval_temp_VisA_from0',
               'vis_compound': {'max_score': None,
                                'min_score': None,
                                'save_dir': 'checkpoints/HVQ_TR_switch_VisA_from0/vis_compound_HVQ_TR_switch/visual_VisA_from0_woOT'}},
 'exp_path': '.',
 'frozen_layers': ['backbone'],
 'log_path': './log/',
 'net': [{'frozen': True,
          'kwargs': {'outlayers': [1, 2, 3, 4], 'pretrained': True},
          'name': 'backbone',
          'type': 'models.backbones.efficientnet_b4'},
         {'kwargs': {'outstrides': [16]},
          'name': 'neck',
          'prev': 'backbone',
          'type': 'models.necks.MFCN'},
         {'kwargs': {'activation': 'relu',
                     'dim_feedforward': 1024,
                     'dropout': 0.1,
                     'feature_jitter': {'prob': 1.0, 'scale': 20.0},
                     'hidden_dim': 256,
                     'initializer': {'method': 'xavier_uniform'},
                     'neighbor_mask': {'mask': [True, True, True],
                                       'neighbor_size': [7, 7]},
                     'nhead': 8,
                     'normalize_before': False,
                     'num_decoder_layers': 4,
                     'num_encoder_layers': 4,
                     'pos_embed_type': 'learned',
                     'save_recon': {'save_dir': 'result_recon_VisA_from0'}},
          'name': 'reconstruction',
          'prev': 'neck',
          'type': 'models.reconstructions.HVQ_TR_switch'}],
 'port': 11111,
 'random_seed': 1234,
 'save_path': './checkpoints/HVQ_TR_switch_VisA_from0_woOT',
 'saver': {'always_save': False,
           'auto_resume': False,
           'load_path': 'checkpoints',
           'log_dir': 'log/',
           'resume_model': False,
           'save_dir': 'checkpoints/HVQ_TR_switch_VisA_from0_woOT'},
 'trainer': {'clip_max_norm': 0.1,
             'lr_scheduler': {'kwargs': {'gamma': 0.1, 'step_size': 800},
                              'type': 'StepLR'},
             'max_epoch': 1000,
             'optimizer': {'kwargs': {'betas': [0.9, 0.999],
                                      'lr': 0.0001,
                                      'weight_decay': 0.0001},
                           'type': 'AdamW'},
             'print_freq_step': 80,
             'tb_freq_step': 1,
             'val_freq_epoch': 10},
 'version': 'v1.0.0'}
[2025-01-03 03:22:10,917][       utils.py][line: 719][    INFO]  not exist, load from https://github.com/lukemelas/EfficientNet-PyTorch/releases/download/1.0/efficientnet-b4-6ed6700e.pth
[2025-01-03 03:22:12,715][       utils.py][line: 740][    INFO] Loaded ImageNet pretrained efficientnet-b4
[2025-01-03 03:22:24,885][train_val_woOT.py][line: 121][    INFO] layers: ['backbone', 'neck', 'reconstruction']
[2025-01-03 03:22:24,885][train_val_woOT.py][line: 122][    INFO] active layers: ['neck', 'reconstruction']
[2025-01-03 03:22:24,888][custom_dataset.py][line:  41][    INFO] building CustomDataset from: ../../data/VISA/train.json
[2025-01-03 03:22:25,023][custom_dataset.py][line:  41][    INFO] building CustomDataset from: ../../data/VISA/test.json
[2025-01-03 03:22:27,595][train_val_woOT.py][line: 311][    INFO] Epoch: [1/1000]	Iter: [1/542000]	Time 2.36 (2.36)	Data 1.33 (1.33)	Loss 48.21724 (48.21724)	LR 0.00010	
[2025-01-03 03:22:59,291][train_val_woOT.py][line: 311][    INFO] Epoch: [1/1000]	Iter: [81/542000]	Time 0.34 (0.40)	Data 0.00 (0.00)	Loss 32.72249 (37.10203)	LR 0.00010	
[2025-01-03 03:23:29,304][train_val_woOT.py][line: 311][    INFO] Epoch: [1/1000]	Iter: [161/542000]	Time 0.33 (0.37)	Data 0.00 (0.00)	Loss 32.00383 (33.33677)	LR 0.00010	
[2025-01-03 03:24:03,829][train_val_woOT.py][line: 311][    INFO] Epoch: [1/1000]	Iter: [241/542000]	Time 0.62 (0.43)	Data 0.00 (0.00)	Loss 31.82665 (32.67366)	LR 0.00010	
[2025-01-03 03:24:40,457][train_val_woOT.py][line: 311][    INFO] Epoch: [1/1000]	Iter: [321/542000]	Time 0.60 (0.46)	Data 0.00 (0.00)	Loss 32.68185 (32.66254)	LR 0.00010	
[2025-01-03 03:25:17,218][train_val_woOT.py][line: 311][    INFO] Epoch: [1/1000]	Iter: [401/542000]	Time 0.50 (0.46)	Data 0.00 (0.00)	Loss 32.36032 (32.63415)	LR 0.00010	
[2025-01-03 03:25:51,039][train_val_woOT.py][line: 311][    INFO] Epoch: [1/1000]	Iter: [481/542000]	Time 0.32 (0.42)	Data 0.00 (0.00)	Loss 33.58033 (32.45848)	LR 0.00010	
[2025-01-03 03:26:29,081][train_val_woOT.py][line: 311][    INFO] Epoch: [2/1000]	Iter: [561/542000]	Time 0.47 (0.54)	Data 0.00 (0.06)	Loss 32.45692 (32.17649)	LR 0.00010	
[2025-01-03 03:27:06,904][train_val_woOT.py][line: 311][    INFO] Epoch: [2/1000]	Iter: [641/542000]	Time 0.70 (0.47)	Data 0.00 (0.01)	Loss 31.58429 (32.35271)	LR 0.00010	
[2025-01-03 03:27:50,279][train_val_woOT.py][line: 311][    INFO] Epoch: [2/1000]	Iter: [721/542000]	Time 0.56 (0.54)	Data 0.00 (0.01)	Loss 32.85796 (32.45467)	LR 0.00010	
[2025-01-03 03:28:36,817][train_val_woOT.py][line: 311][    INFO] Epoch: [2/1000]	Iter: [801/542000]	Time 0.44 (0.58)	Data 0.02 (0.01)	Loss 32.74898 (32.29555)	LR 0.00010	
[2025-01-03 03:29:32,473][train_val_woOT.py][line: 311][    INFO] Epoch: [2/1000]	Iter: [881/542000]	Time 0.60 (0.70)	Data 0.00 (0.01)	Loss 32.33840 (32.33188)	LR 0.00010	
[2025-01-03 03:30:23,932][train_val_woOT.py][line: 311][    INFO] Epoch: [2/1000]	Iter: [961/542000]	Time 0.59 (0.64)	Data 0.00 (0.01)	Loss 31.11548 (32.29870)	LR 0.00010	
[2025-01-03 03:31:13,837][train_val_woOT.py][line: 311][    INFO] Epoch: [2/1000]	Iter: [1041/542000]	Time 0.82 (0.62)	Data 0.00 (0.01)	Loss 31.94602 (32.27290)	LR 0.00010	
[2025-01-03 03:32:01,485][train_val_woOT.py][line: 311][    INFO] Epoch: [3/1000]	Iter: [1121/542000]	Time 0.47 (0.64)	Data 0.02 (0.06)	Loss 32.97356 (32.38650)	LR 0.00010	
[2025-01-03 03:32:47,283][train_val_woOT.py][line: 311][    INFO] Epoch: [3/1000]	Iter: [1201/542000]	Time 0.61 (0.57)	Data 0.00 (0.01)	Loss 32.08457 (32.31476)	LR 0.00010	
[2025-01-03 03:33:34,354][train_val_woOT.py][line: 311][    INFO] Epoch: [3/1000]	Iter: [1281/542000]	Time 0.69 (0.59)	Data 0.00 (0.01)	Loss 32.24326 (32.22823)	LR 0.00010	
[2025-01-03 03:34:22,158][train_val_woOT.py][line: 311][    INFO] Epoch: [3/1000]	Iter: [1361/542000]	Time 0.42 (0.60)	Data 0.00 (0.01)	Loss 30.86697 (32.25457)	LR 0.00010	
[2025-01-03 03:35:08,428][train_val_woOT.py][line: 311][    INFO] Epoch: [3/1000]	Iter: [1441/542000]	Time 0.44 (0.58)	Data 0.00 (0.01)	Loss 32.62391 (32.28334)	LR 0.00010	
[2025-01-03 03:35:53,311][train_val_woOT.py][line: 311][    INFO] Epoch: [3/1000]	Iter: [1521/542000]	Time 0.62 (0.56)	Data 0.03 (0.01)	Loss 31.61830 (32.18784)	LR 0.00010	
[2025-01-03 03:36:37,824][train_val_woOT.py][line: 311][    INFO] Epoch: [3/1000]	Iter: [1601/542000]	Time 0.58 (0.56)	Data 0.00 (0.00)	Loss 31.91803 (32.27723)	LR 0.00010	
[2025-01-03 03:37:26,843][train_val_woOT.py][line: 311][    INFO] Epoch: [4/1000]	Iter: [1681/542000]	Time 0.56 (0.65)	Data 0.00 (0.04)	Loss 33.12982 (32.25465)	LR 0.00010	
[2025-01-03 03:38:07,582][train_val_woOT.py][line: 311][    INFO] Epoch: [4/1000]	Iter: [1761/542000]	Time 0.48 (0.51)	Data 0.00 (0.01)	Loss 30.35237 (31.33910)	LR 0.00010	
[2025-01-03 03:38:43,375][train_val_woOT.py][line: 311][    INFO] Epoch: [4/1000]	Iter: [1841/542000]	Time 0.33 (0.45)	Data 0.00 (0.00)	Loss 28.98654 (29.48936)	LR 0.00010	
[2025-01-03 03:39:19,548][train_val_woOT.py][line: 311][    INFO] Epoch: [4/1000]	Iter: [1921/542000]	Time 0.56 (0.45)	Data 0.00 (0.00)	Loss 28.14263 (28.64960)	LR 0.00010	
[2025-01-03 03:40:02,261][train_val_woOT.py][line: 311][    INFO] Epoch: [4/1000]	Iter: [2001/542000]	Time 0.54 (0.53)	Data 0.00 (0.01)	Loss 27.70012 (28.01601)	LR 0.00010	
[2025-01-03 03:40:48,930][train_val_woOT.py][line: 311][    INFO] Epoch: [4/1000]	Iter: [2081/542000]	Time 0.52 (0.58)	Data 0.00 (0.01)	Loss 27.25272 (27.44502)	LR 0.00010	
[2025-01-03 03:41:31,783][train_val_woOT.py][line: 311][    INFO] Epoch: [4/1000]	Iter: [2161/542000]	Time 0.48 (0.54)	Data 0.00 (0.01)	Loss 26.07564 (27.00347)	LR 0.00010	
[2025-01-03 03:42:18,068][train_val_woOT.py][line: 311][    INFO] Epoch: [5/1000]	Iter: [2241/542000]	Time 0.38 (0.59)	Data 0.03 (0.03)	Loss 26.10539 (26.33488)	LR 0.00010	
[2025-01-03 03:43:04,381][train_val_woOT.py][line: 311][    INFO] Epoch: [5/1000]	Iter: [2321/542000]	Time 0.38 (0.58)	Data 0.00 (0.00)	Loss 25.06164 (25.69069)	LR 0.00010	
[2025-01-03 03:43:50,571][train_val_woOT.py][line: 311][    INFO] Epoch: [5/1000]	Iter: [2401/542000]	Time 0.81 (0.58)	Data 0.04 (0.01)	Loss 25.87464 (25.28434)	LR 0.00010	
[2025-01-03 03:44:37,312][train_val_woOT.py][line: 311][    INFO] Epoch: [5/1000]	Iter: [2481/542000]	Time 0.49 (0.58)	Data 0.00 (0.01)	Loss 24.66380 (24.67365)	LR 0.00010	
[2025-01-03 03:45:25,130][train_val_woOT.py][line: 311][    INFO] Epoch: [5/1000]	Iter: [2561/542000]	Time 0.73 (0.60)	Data 0.02 (0.01)	Loss 24.36646 (24.30210)	LR 0.00010	
[2025-01-03 03:46:17,019][train_val_woOT.py][line: 311][    INFO] Epoch: [5/1000]	Iter: [2641/542000]	Time 0.37 (0.65)	Data 0.00 (0.01)	Loss 22.84893 (23.67515)	LR 0.00010	
[2025-01-03 03:47:07,749][train_val_woOT.py][line: 311][    INFO] Epoch: [6/1000]	Iter: [2721/542000]	Time 0.57 (0.76)	Data 0.02 (0.14)	Loss 23.50085 (23.30420)	LR 0.00010	
[2025-01-03 03:47:56,181][train_val_woOT.py][line: 311][    INFO] Epoch: [6/1000]	Iter: [2801/542000]	Time 0.76 (0.61)	Data 0.02 (0.01)	Loss 23.41691 (22.98095)	LR 0.00010	
[2025-01-03 03:48:42,588][train_val_woOT.py][line: 311][    INFO] Epoch: [6/1000]	Iter: [2881/542000]	Time 0.48 (0.58)	Data 0.00 (0.01)	Loss 23.95735 (22.54002)	LR 0.00010	
[2025-01-03 03:49:21,949][train_val_woOT.py][line: 311][    INFO] Epoch: [6/1000]	Iter: [2961/542000]	Time 0.52 (0.49)	Data 0.02 (0.00)	Loss 21.09245 (22.10474)	LR 0.00010	
[2025-01-03 03:50:02,124][train_val_woOT.py][line: 311][    INFO] Epoch: [6/1000]	Iter: [3041/542000]	Time 0.56 (0.50)	Data 0.00 (0.00)	Loss 21.29236 (21.63999)	LR 0.00010	
[2025-01-03 03:50:35,717][train_val_woOT.py][line: 311][    INFO] Epoch: [6/1000]	Iter: [3121/542000]	Time 0.38 (0.42)	Data 0.00 (0.00)	Loss 20.31506 (21.44350)	LR 0.00010	
[2025-01-03 03:51:07,637][train_val_woOT.py][line: 311][    INFO] Epoch: [6/1000]	Iter: [3201/542000]	Time 0.36 (0.40)	Data 0.00 (0.00)	Loss 20.44798 (21.19392)	LR 0.00010	
[2025-01-03 03:51:40,937][train_val_woOT.py][line: 311][    INFO] Epoch: [7/1000]	Iter: [3281/542000]	Time 0.34 (0.47)	Data 0.00 (0.03)	Loss 19.99492 (20.80400)	LR 0.00010	
[2025-01-03 03:52:18,653][train_val_woOT.py][line: 311][    INFO] Epoch: [7/1000]	Iter: [3361/542000]	Time 0.56 (0.47)	Data 0.00 (0.00)	Loss 20.58856 (20.55801)	LR 0.00010	
[2025-01-03 03:52:57,335][train_val_woOT.py][line: 311][    INFO] Epoch: [7/1000]	Iter: [3441/542000]	Time 0.43 (0.48)	Data 0.00 (0.01)	Loss 19.38256 (20.35597)	LR 0.00010	
[2025-01-03 03:53:32,183][train_val_woOT.py][line: 311][    INFO] Epoch: [7/1000]	Iter: [3521/542000]	Time 0.41 (0.44)	Data 0.00 (0.00)	Loss 20.81431 (19.96471)	LR 0.00010	
[2025-01-03 03:54:09,680][train_val_woOT.py][line: 311][    INFO] Epoch: [7/1000]	Iter: [3601/542000]	Time 0.37 (0.47)	Data 0.00 (0.00)	Loss 18.73339 (19.88041)	LR 0.00010	
[2025-01-03 03:54:43,343][train_val_woOT.py][line: 311][    INFO] Epoch: [7/1000]	Iter: [3681/542000]	Time 0.39 (0.42)	Data 0.00 (0.00)	Loss 19.75087 (19.43931)	LR 0.00010	
[2025-01-03 03:55:15,092][train_val_woOT.py][line: 311][    INFO] Epoch: [7/1000]	Iter: [3761/542000]	Time 0.45 (0.40)	Data 0.00 (0.00)	Loss 17.77930 (19.17118)	LR 0.00010	
[2025-01-03 03:55:49,705][train_val_woOT.py][line: 311][    INFO] Epoch: [8/1000]	Iter: [3841/542000]	Time 0.41 (0.43)	Data 0.00 (0.02)	Loss 19.82088 (18.80004)	LR 0.00010	
[2025-01-03 03:56:24,884][train_val_woOT.py][line: 311][    INFO] Epoch: [8/1000]	Iter: [3921/542000]	Time 0.35 (0.44)	Data 0.00 (0.00)	Loss 19.18226 (18.79581)	LR 0.00010	
[2025-01-03 03:57:02,159][train_val_woOT.py][line: 311][    INFO] Epoch: [8/1000]	Iter: [4001/542000]	Time 0.53 (0.47)	Data 0.00 (0.00)	Loss 17.52362 (18.49254)	LR 0.00010	
[2025-01-03 03:57:40,385][train_val_woOT.py][line: 311][    INFO] Epoch: [8/1000]	Iter: [4081/542000]	Time 0.42 (0.48)	Data 0.00 (0.00)	Loss 17.60856 (18.63692)	LR 0.00010	
[2025-01-03 03:58:18,015][train_val_woOT.py][line: 311][    INFO] Epoch: [8/1000]	Iter: [4161/542000]	Time 0.48 (0.47)	Data 0.00 (0.00)	Loss 17.41651 (18.26066)	LR 0.00010	
[2025-01-03 03:58:54,426][train_val_woOT.py][line: 311][    INFO] Epoch: [8/1000]	Iter: [4241/542000]	Time 0.45 (0.45)	Data 0.00 (0.00)	Loss 19.36262 (18.17241)	LR 0.00010	
[2025-01-03 03:59:29,277][train_val_woOT.py][line: 311][    INFO] Epoch: [8/1000]	Iter: [4321/542000]	Time 0.38 (0.44)	Data 0.00 (0.00)	Loss 17.05928 (18.01910)	LR 0.00010	
[2025-01-03 04:00:01,139][train_val_woOT.py][line: 311][    INFO] Epoch: [9/1000]	Iter: [4401/542000]	Time 0.36 (0.40)	Data 0.00 (0.02)	Loss 18.96899 (17.68732)	LR 0.00010	
[2025-01-03 04:00:32,167][train_val_woOT.py][line: 311][    INFO] Epoch: [9/1000]	Iter: [4481/542000]	Time 0.37 (0.39)	Data 0.00 (0.00)	Loss 16.65045 (17.73102)	LR 0.00010	
[2025-01-03 04:01:02,130][train_val_woOT.py][line: 311][    INFO] Epoch: [9/1000]	Iter: [4561/542000]	Time 0.41 (0.37)	Data 0.00 (0.00)	Loss 18.33806 (17.33824)	LR 0.00010	
[2025-01-03 04:01:33,262][train_val_woOT.py][line: 311][    INFO] Epoch: [9/1000]	Iter: [4641/542000]	Time 0.36 (0.39)	Data 0.00 (0.00)	Loss 17.66258 (17.43314)	LR 0.00010	
[2025-01-03 04:02:03,958][train_val_woOT.py][line: 311][    INFO] Epoch: [9/1000]	Iter: [4721/542000]	Time 0.52 (0.38)	Data 0.00 (0.00)	Loss 15.49506 (17.23170)	LR 0.00010	
[2025-01-03 04:02:36,993][train_val_woOT.py][line: 311][    INFO] Epoch: [9/1000]	Iter: [4801/542000]	Time 0.38 (0.41)	Data 0.00 (0.00)	Loss 16.87917 (17.12254)	LR 0.00010	
[2025-01-03 04:03:22,498][train_val_woOT.py][line: 372][    INFO] Test: [100/2162]	Time 0.131 (0.138)
[2025-01-03 04:03:36,390][train_val_woOT.py][line: 372][    INFO] Test: [200/2162]	Time 0.072 (0.139)
[2025-01-03 04:03:46,447][train_val_woOT.py][line: 372][    INFO] Test: [300/2162]	Time 0.227 (0.126)
[2025-01-03 04:03:55,492][train_val_woOT.py][line: 372][    INFO] Test: [400/2162]	Time 0.139 (0.117)
[2025-01-03 04:04:03,956][train_val_woOT.py][line: 372][    INFO] Test: [500/2162]	Time 0.202 (0.111)
[2025-01-03 04:04:12,799][train_val_woOT.py][line: 372][    INFO] Test: [600/2162]	Time 0.057 (0.107)
[2025-01-03 04:04:22,496][train_val_woOT.py][line: 372][    INFO] Test: [700/2162]	Time 0.070 (0.105)
[2025-01-03 04:04:32,365][train_val_woOT.py][line: 372][    INFO] Test: [800/2162]	Time 0.057 (0.105)
[2025-01-03 04:04:42,423][train_val_woOT.py][line: 372][    INFO] Test: [900/2162]	Time 0.114 (0.104)
[2025-01-03 04:04:52,886][train_val_woOT.py][line: 372][    INFO] Test: [1000/2162]	Time 0.080 (0.104)
[2025-01-03 04:05:02,697][train_val_woOT.py][line: 372][    INFO] Test: [1100/2162]	Time 0.106 (0.104)
[2025-01-03 04:05:12,827][train_val_woOT.py][line: 372][    INFO] Test: [1200/2162]	Time 0.118 (0.103)
[2025-01-03 04:05:20,813][train_val_woOT.py][line: 372][    INFO] Test: [1300/2162]	Time 0.133 (0.102)
[2025-01-03 04:05:29,345][train_val_woOT.py][line: 372][    INFO] Test: [1400/2162]	Time 0.048 (0.100)
[2025-01-03 04:05:38,557][train_val_woOT.py][line: 372][    INFO] Test: [1500/2162]	Time 0.075 (0.100)
[2025-01-03 04:05:51,675][train_val_woOT.py][line: 372][    INFO] Test: [1600/2162]	Time 0.163 (0.102)
[2025-01-03 04:06:04,126][train_val_woOT.py][line: 372][    INFO] Test: [1700/2162]	Time 0.069 (0.103)
[2025-01-03 04:06:16,050][train_val_woOT.py][line: 372][    INFO] Test: [1800/2162]	Time 0.116 (0.104)
[2025-01-03 04:06:28,812][train_val_woOT.py][line: 372][    INFO] Test: [1900/2162]	Time 0.153 (0.105)
[2025-01-03 04:06:41,680][train_val_woOT.py][line: 372][    INFO] Test: [2000/2162]	Time 0.130 (0.106)
[2025-01-03 04:06:53,771][train_val_woOT.py][line: 372][    INFO] Test: [2100/2162]	Time 0.124 (0.107)
[2025-01-03 04:07:01,579][train_val_woOT.py][line: 393][    INFO] Gathering final results ...
[2025-01-03 04:07:01,579][train_val_woOT.py][line: 395][    INFO]  * Loss 15.67036	total_num=2162
[2025-01-03 04:08:06,998][ eval_helper.py][line: 228][    INFO] 
|  clsname   |  pixel   |   max    |   std    |
|:----------:|:--------:|:--------:|:--------:|
| macaroni1  | 0.952598 |  0.5703  |  0.6028  |
|  capsules  | 0.886722 |  0.6445  | 0.563167 |
| chewinggum | 0.981691 |  0.8876  |  0.8292  |
|    pcb3    | 0.941464 | 0.627822 | 0.546238 |
|    pcb1    | 0.967015 |  0.796   |  0.8175  |
|    pcb4    | 0.89365  | 0.645545 | 0.806535 |
|   fryum    | 0.939957 |  0.6644  |  0.6072  |
| macaroni2  | 0.918446 |  0.5243  |  0.5271  |
|   cashew   | 0.959954 |  0.6936  |  0.6982  |
|   candle   | 0.975721 |  0.8937  |  0.9234  |
| pipe_fryum | 0.978903 |  0.7218  |  0.709   |
|    pcb2    | 0.925546 |  0.6637  |  0.557   |
|    mean    | 0.943472 | 0.694439 | 0.682278 |
[2025-01-03 04:08:16,450][train_val_woOT.py][line: 311][    INFO] Epoch: [10/1000]	Iter: [4881/542000]	Time 0.49 (0.85)	Data 0.00 (0.38)	Loss 16.84384 (16.30992)	LR 0.00010	
[2025-01-03 04:08:47,454][train_val_woOT.py][line: 311][    INFO] Epoch: [10/1000]	Iter: [4961/542000]	Time 0.33 (0.39)	Data 0.01 (0.00)	Loss 18.90256 (16.74497)	LR 0.00010	
[2025-01-03 04:09:19,826][train_val_woOT.py][line: 311][    INFO] Epoch: [10/1000]	Iter: [5041/542000]	Time 0.56 (0.40)	Data 0.02 (0.00)	Loss 15.61482 (16.87717)	LR 0.00010	
[2025-01-03 04:09:56,770][train_val_woOT.py][line: 311][    INFO] Epoch: [10/1000]	Iter: [5121/542000]	Time 0.42 (0.46)	Data 0.00 (0.01)	Loss 17.14581 (16.68916)	LR 0.00010	
[2025-01-03 04:10:33,484][train_val_woOT.py][line: 311][    INFO] Epoch: [10/1000]	Iter: [5201/542000]	Time 0.29 (0.46)	Data 0.00 (0.01)	Loss 15.17603 (16.50533)	LR 0.00010	
[2025-01-03 04:11:09,878][train_val_woOT.py][line: 311][    INFO] Epoch: [10/1000]	Iter: [5281/542000]	Time 0.38 (0.45)	Data 0.00 (0.00)	Loss 16.34864 (16.61783)	LR 0.00010	
[2025-01-03 04:11:43,818][train_val_woOT.py][line: 311][    INFO] Epoch: [10/1000]	Iter: [5361/542000]	Time 0.44 (0.42)	Data 0.00 (0.00)	Loss 14.90455 (16.21930)	LR 0.00010	
[2025-01-03 04:12:17,734][train_val_woOT.py][line: 311][    INFO] Epoch: [11/1000]	Iter: [5441/542000]	Time 0.33 (0.53)	Data 0.01 (0.10)	Loss 15.95388 (16.15211)	LR 0.00010	
[2025-01-03 04:12:51,723][train_val_woOT.py][line: 311][    INFO] Epoch: [11/1000]	Iter: [5521/542000]	Time 0.44 (0.42)	Data 0.00 (0.01)	Loss 17.10779 (16.19242)	LR 0.00010	
[2025-01-03 04:13:12,858][train_val_woOT.py][line: 311][    INFO] Epoch: [11/1000]	Iter: [5601/542000]	Time 0.27 (0.26)	Data 0.02 (0.00)	Loss 16.44350 (16.03332)	LR 0.00010	
[2025-01-03 04:13:37,536][train_val_woOT.py][line: 311][    INFO] Epoch: [11/1000]	Iter: [5681/542000]	Time 0.23 (0.31)	Data 0.00 (0.00)	Loss 15.12915 (15.76571)	LR 0.00010	
[2025-01-03 04:14:06,606][train_val_woOT.py][line: 311][    INFO] Epoch: [11/1000]	Iter: [5761/542000]	Time 0.45 (0.36)	Data 0.00 (0.00)	Loss 15.38052 (15.74217)	LR 0.00010	
[2025-01-03 04:14:37,920][train_val_woOT.py][line: 311][    INFO] Epoch: [11/1000]	Iter: [5841/542000]	Time 0.37 (0.39)	Data 0.00 (0.00)	Loss 14.68924 (15.66212)	LR 0.00010	
[2025-01-03 04:15:10,223][train_val_woOT.py][line: 311][    INFO] Epoch: [11/1000]	Iter: [5921/542000]	Time 0.49 (0.40)	Data 0.00 (0.00)	Loss 15.99312 (15.66248)	LR 0.00010	
[2025-01-03 04:15:45,701][train_val_woOT.py][line: 311][    INFO] Epoch: [12/1000]	Iter: [6001/542000]	Time 0.38 (0.44)	Data 0.00 (0.03)	Loss 14.89205 (15.45702)	LR 0.00010	
[2025-01-03 04:16:21,424][train_val_woOT.py][line: 311][    INFO] Epoch: [12/1000]	Iter: [6081/542000]	Time 0.35 (0.45)	Data 0.00 (0.00)	Loss 13.47886 (15.33686)	LR 0.00010	
[2025-01-03 04:16:58,415][train_val_woOT.py][line: 311][    INFO] Epoch: [12/1000]	Iter: [6161/542000]	Time 0.35 (0.46)	Data 0.00 (0.00)	Loss 17.00981 (15.33572)	LR 0.00010	
[2025-01-03 04:17:30,558][train_val_woOT.py][line: 311][    INFO] Epoch: [12/1000]	Iter: [6241/542000]	Time 0.38 (0.40)	Data 0.00 (0.00)	Loss 14.59899 (15.19170)	LR 0.00010	
[2025-01-03 04:18:02,766][train_val_woOT.py][line: 311][    INFO] Epoch: [12/1000]	Iter: [6321/542000]	Time 0.43 (0.40)	Data 0.01 (0.00)	Loss 17.08932 (15.14157)	LR 0.00010	
[2025-01-03 04:18:35,103][train_val_woOT.py][line: 311][    INFO] Epoch: [12/1000]	Iter: [6401/542000]	Time 0.40 (0.40)	Data 0.00 (0.00)	Loss 15.67672 (14.99871)	LR 0.00010	
[2025-01-03 04:19:08,603][train_val_woOT.py][line: 311][    INFO] Epoch: [12/1000]	Iter: [6481/542000]	Time 0.36 (0.42)	Data 0.00 (0.00)	Loss 14.54310 (14.98999)	LR 0.00010	
[2025-01-03 04:19:40,930][train_val_woOT.py][line: 311][    INFO] Epoch: [13/1000]	Iter: [6561/542000]	Time 0.46 (0.41)	Data 0.00 (0.02)	Loss 13.86193 (14.86673)	LR 0.00010	
[2025-01-03 04:20:16,242][train_val_woOT.py][line: 311][    INFO] Epoch: [13/1000]	Iter: [6641/542000]	Time 0.39 (0.44)	Data 0.00 (0.00)	Loss 14.49714 (14.90358)	LR 0.00010	
[2025-01-03 04:20:51,049][train_val_woOT.py][line: 311][    INFO] Epoch: [13/1000]	Iter: [6721/542000]	Time 0.58 (0.43)	Data 0.00 (0.00)	Loss 14.93973 (14.72209)	LR 0.00010	
[2025-01-03 04:21:26,138][train_val_woOT.py][line: 311][    INFO] Epoch: [13/1000]	Iter: [6801/542000]	Time 0.44 (0.44)	Data 0.00 (0.00)	Loss 15.74062 (14.64466)	LR 0.00010	
[2025-01-03 04:21:59,760][train_val_woOT.py][line: 311][    INFO] Epoch: [13/1000]	Iter: [6881/542000]	Time 0.58 (0.42)	Data 0.00 (0.00)	Loss 15.13956 (14.81110)	LR 0.00010	
[2025-01-03 04:22:32,076][train_val_woOT.py][line: 311][    INFO] Epoch: [13/1000]	Iter: [6961/542000]	Time 0.37 (0.40)	Data 0.00 (0.00)	Loss 14.16933 (14.41438)	LR 0.00010	
[2025-01-03 04:23:04,468][train_val_woOT.py][line: 311][    INFO] Epoch: [13/1000]	Iter: [7041/542000]	Time 0.53 (0.40)	Data 0.00 (0.00)	Loss 14.82582 (14.49185)	LR 0.00010	
[2025-01-03 04:23:37,234][train_val_woOT.py][line: 311][    INFO] Epoch: [14/1000]	Iter: [7121/542000]	Time 0.41 (0.41)	Data 0.00 (0.01)	Loss 15.45119 (14.32063)	LR 0.00010	
[2025-01-03 04:24:08,261][train_val_woOT.py][line: 311][    INFO] Epoch: [14/1000]	Iter: [7201/542000]	Time 0.56 (0.39)	Data 0.00 (0.00)	Loss 12.92360 (14.41000)	LR 0.00010	
[2025-01-03 04:24:39,639][train_val_woOT.py][line: 311][    INFO] Epoch: [14/1000]	Iter: [7281/542000]	Time 0.37 (0.39)	Data 0.00 (0.00)	Loss 15.13107 (14.14155)	LR 0.00010	
[2025-01-03 04:25:10,862][train_val_woOT.py][line: 311][    INFO] Epoch: [14/1000]	Iter: [7361/542000]	Time 0.40 (0.39)	Data 0.00 (0.00)	Loss 12.76864 (14.25085)	LR 0.00010	
[2025-01-03 04:25:43,321][train_val_woOT.py][line: 311][    INFO] Epoch: [14/1000]	Iter: [7441/542000]	Time 0.34 (0.41)	Data 0.00 (0.00)	Loss 14.55362 (14.25162)	LR 0.00010	
[2025-01-03 04:26:14,475][train_val_woOT.py][line: 311][    INFO] Epoch: [14/1000]	Iter: [7521/542000]	Time 0.34 (0.39)	Data 0.00 (0.00)	Loss 12.98652 (14.09989)	LR 0.00010	
[2025-01-03 04:26:47,231][train_val_woOT.py][line: 311][    INFO] Epoch: [15/1000]	Iter: [7601/542000]	Time 0.39 (0.48)	Data 0.02 (0.09)	Loss 13.73179 (13.99797)	LR 0.00010	
[2025-01-03 04:27:20,591][train_val_woOT.py][line: 311][    INFO] Epoch: [15/1000]	Iter: [7681/542000]	Time 0.40 (0.42)	Data 0.00 (0.00)	Loss 13.82498 (13.88551)	LR 0.00010	
[2025-01-03 04:27:56,800][train_val_woOT.py][line: 311][    INFO] Epoch: [15/1000]	Iter: [7761/542000]	Time 0.41 (0.45)	Data 0.00 (0.00)	Loss 13.22171 (13.98631)	LR 0.00010	
[2025-01-03 04:28:32,519][train_val_woOT.py][line: 311][    INFO] Epoch: [15/1000]	Iter: [7841/542000]	Time 0.58 (0.45)	Data 0.00 (0.00)	Loss 13.26520 (13.90315)	LR 0.00010	
[2025-01-03 04:29:09,415][train_val_woOT.py][line: 311][    INFO] Epoch: [15/1000]	Iter: [7921/542000]	Time 0.40 (0.46)	Data 0.00 (0.00)	Loss 11.71595 (13.91071)	LR 0.00010	
[2025-01-03 04:29:41,734][train_val_woOT.py][line: 311][    INFO] Epoch: [15/1000]	Iter: [8001/542000]	Time 0.48 (0.40)	Data 0.00 (0.00)	Loss 14.21918 (13.73782)	LR 0.00010	
[2025-01-03 04:30:13,436][train_val_woOT.py][line: 311][    INFO] Epoch: [15/1000]	Iter: [8081/542000]	Time 0.38 (0.40)	Data 0.00 (0.00)	Loss 14.12857 (13.77324)	LR 0.00010	
[2025-01-03 04:30:46,183][train_val_woOT.py][line: 311][    INFO] Epoch: [16/1000]	Iter: [8161/542000]	Time 0.38 (0.43)	Data 0.00 (0.04)	Loss 12.43841 (13.60113)	LR 0.00010	
[2025-01-03 04:31:18,042][train_val_woOT.py][line: 311][    INFO] Epoch: [16/1000]	Iter: [8241/542000]	Time 0.37 (0.40)	Data 0.00 (0.00)	Loss 14.14104 (13.66167)	LR 0.00010	
[2025-01-03 04:31:48,169][train_val_woOT.py][line: 311][    INFO] Epoch: [16/1000]	Iter: [8321/542000]	Time 0.39 (0.38)	Data 0.00 (0.00)	Loss 13.37300 (13.57373)	LR 0.00010	
[2025-01-03 04:32:18,716][train_val_woOT.py][line: 311][    INFO] Epoch: [16/1000]	Iter: [8401/542000]	Time 0.40 (0.38)	Data 0.00 (0.00)	Loss 12.63041 (13.56350)	LR 0.00010	
[2025-01-03 04:32:54,862][train_val_woOT.py][line: 311][    INFO] Epoch: [16/1000]	Iter: [8481/542000]	Time 0.40 (0.45)	Data 0.00 (0.00)	Loss 13.64764 (13.56121)	LR 0.00010	
[2025-01-03 04:33:35,201][train_val_woOT.py][line: 311][    INFO] Epoch: [16/1000]	Iter: [8561/542000]	Time 0.39 (0.50)	Data 0.00 (0.00)	Loss 13.14164 (13.47891)	LR 0.00010	
[2025-01-03 04:34:17,779][train_val_woOT.py][line: 311][    INFO] Epoch: [16/1000]	Iter: [8641/542000]	Time 0.73 (0.53)	Data 0.02 (0.01)	Loss 13.68067 (13.49448)	LR 0.00010	
[2025-01-03 04:34:59,496][train_val_woOT.py][line: 311][    INFO] Epoch: [17/1000]	Iter: [8721/542000]	Time 0.46 (0.55)	Data 0.00 (0.03)	Loss 13.01540 (13.20940)	LR 0.00010	
[2025-01-03 04:35:40,539][train_val_woOT.py][line: 311][    INFO] Epoch: [17/1000]	Iter: [8801/542000]	Time 0.55 (0.51)	Data 0.00 (0.00)	Loss 13.32314 (13.21499)	LR 0.00010	
[2025-01-03 04:36:22,772][train_val_woOT.py][line: 311][    INFO] Epoch: [17/1000]	Iter: [8881/542000]	Time 0.67 (0.53)	Data 0.00 (0.01)	Loss 14.64755 (13.43461)	LR 0.00010	
[2025-01-03 04:37:00,498][train_val_woOT.py][line: 311][    INFO] Epoch: [17/1000]	Iter: [8961/542000]	Time 0.54 (0.47)	Data 0.00 (0.00)	Loss 12.57575 (13.02864)	LR 0.00010	
[2025-01-03 04:37:39,396][train_val_woOT.py][line: 311][    INFO] Epoch: [17/1000]	Iter: [9041/542000]	Time 0.47 (0.49)	Data 0.00 (0.00)	Loss 13.61793 (13.11794)	LR 0.00010	
[2025-01-03 04:38:18,166][train_val_woOT.py][line: 311][    INFO] Epoch: [17/1000]	Iter: [9121/542000]	Time 0.38 (0.48)	Data 0.01 (0.00)	Loss 13.34568 (13.18183)	LR 0.00010	
[2025-01-03 04:38:56,025][train_val_woOT.py][line: 311][    INFO] Epoch: [17/1000]	Iter: [9201/542000]	Time 0.41 (0.47)	Data 0.00 (0.00)	Loss 14.09172 (13.13299)	LR 0.00010	
[2025-01-03 04:39:34,552][train_val_woOT.py][line: 311][    INFO] Epoch: [18/1000]	Iter: [9281/542000]	Time 0.52 (0.49)	Data 0.01 (0.02)	Loss 12.09527 (12.96513)	LR 0.00010	
[2025-01-03 04:40:11,561][train_val_woOT.py][line: 311][    INFO] Epoch: [18/1000]	Iter: [9361/542000]	Time 0.39 (0.46)	Data 0.00 (0.00)	Loss 12.40131 (12.89932)	LR 0.00010	
[2025-01-03 04:40:48,318][train_val_woOT.py][line: 311][    INFO] Epoch: [18/1000]	Iter: [9441/542000]	Time 0.42 (0.46)	Data 0.00 (0.00)	Loss 12.96069 (13.01164)	LR 0.00010	
[2025-01-03 04:41:20,671][train_val_woOT.py][line: 311][    INFO] Epoch: [18/1000]	Iter: [9521/542000]	Time 0.38 (0.40)	Data 0.00 (0.00)	Loss 12.40893 (12.88288)	LR 0.00010	
[2025-01-03 04:41:53,393][train_val_woOT.py][line: 311][    INFO] Epoch: [18/1000]	Iter: [9601/542000]	Time 0.45 (0.41)	Data 0.00 (0.00)	Loss 13.67506 (12.94778)	LR 0.00010	
[2025-01-03 04:42:27,846][train_val_woOT.py][line: 311][    INFO] Epoch: [18/1000]	Iter: [9681/542000]	Time 0.44 (0.43)	Data 0.00 (0.00)	Loss 12.66109 (12.66480)	LR 0.00010	
[2025-01-03 04:43:04,068][train_val_woOT.py][line: 311][    INFO] Epoch: [19/1000]	Iter: [9761/542000]	Time 0.35 (0.72)	Data 0.00 (0.26)	Loss 13.51332 (12.81906)	LR 0.00010	
[2025-01-03 04:43:46,782][train_val_woOT.py][line: 311][    INFO] Epoch: [19/1000]	Iter: [9841/542000]	Time 0.27 (0.53)	Data 0.00 (0.01)	Loss 12.78029 (12.77066)	LR 0.00010	
[2025-01-03 04:44:28,151][train_val_woOT.py][line: 311][    INFO] Epoch: [19/1000]	Iter: [9921/542000]	Time 0.41 (0.52)	Data 0.02 (0.01)	Loss 12.82308 (12.68485)	LR 0.00010	
[2025-01-03 04:45:12,434][train_val_woOT.py][line: 311][    INFO] Epoch: [19/1000]	Iter: [10001/542000]	Time 0.49 (0.55)	Data 0.00 (0.01)	Loss 12.82781 (12.51737)	LR 0.00010	
[2025-01-03 04:45:55,073][train_val_woOT.py][line: 311][    INFO] Epoch: [19/1000]	Iter: [10081/542000]	Time 0.52 (0.53)	Data 0.00 (0.00)	Loss 11.63229 (12.68485)	LR 0.00010	
[2025-01-03 04:46:36,455][train_val_woOT.py][line: 311][    INFO] Epoch: [19/1000]	Iter: [10161/542000]	Time 0.62 (0.52)	Data 0.00 (0.01)	Loss 13.22123 (12.65473)	LR 0.00010	
[2025-01-03 04:47:19,730][train_val_woOT.py][line: 311][    INFO] Epoch: [19/1000]	Iter: [10241/542000]	Time 0.41 (0.54)	Data 0.00 (0.01)	Loss 13.34735 (12.54716)	LR 0.00010	
[2025-01-03 04:48:05,702][train_val_woOT.py][line: 372][    INFO] Test: [100/2162]	Time 0.161 (0.164)
[2025-01-03 04:48:22,495][train_val_woOT.py][line: 372][    INFO] Test: [200/2162]	Time 0.208 (0.166)
[2025-01-03 04:48:40,214][train_val_woOT.py][line: 372][    INFO] Test: [300/2162]	Time 0.141 (0.170)
[2025-01-03 04:48:55,744][train_val_woOT.py][line: 372][    INFO] Test: [400/2162]	Time 0.197 (0.166)
[2025-01-03 04:49:10,469][train_val_woOT.py][line: 372][    INFO] Test: [500/2162]	Time 0.125 (0.162)
[2025-01-03 04:49:25,484][train_val_woOT.py][line: 372][    INFO] Test: [600/2162]	Time 0.124 (0.160)
[2025-01-03 04:49:41,282][train_val_woOT.py][line: 372][    INFO] Test: [700/2162]	Time 0.152 (0.160)
[2025-01-03 04:49:59,401][train_val_woOT.py][line: 372][    INFO] Test: [800/2162]	Time 0.159 (0.163)
[2025-01-03 04:50:17,966][train_val_woOT.py][line: 372][    INFO] Test: [900/2162]	Time 0.292 (0.165)
[2025-01-03 04:50:37,508][train_val_woOT.py][line: 372][    INFO] Test: [1000/2162]	Time 0.199 (0.168)
[2025-01-03 04:50:54,993][train_val_woOT.py][line: 372][    INFO] Test: [1100/2162]	Time 0.141 (0.169)
[2025-01-03 04:51:14,105][train_val_woOT.py][line: 372][    INFO] Test: [1200/2162]	Time 0.233 (0.171)
[2025-01-03 04:51:32,264][train_val_woOT.py][line: 372][    INFO] Test: [1300/2162]	Time 0.124 (0.172)
[2025-01-03 04:51:50,590][train_val_woOT.py][line: 372][    INFO] Test: [1400/2162]	Time 0.163 (0.172)
[2025-01-03 04:52:08,477][train_val_woOT.py][line: 372][    INFO] Test: [1500/2162]	Time 0.164 (0.173)
[2025-01-03 04:52:24,427][train_val_woOT.py][line: 372][    INFO] Test: [1600/2162]	Time 0.185 (0.172)
[2025-01-03 04:52:39,970][train_val_woOT.py][line: 372][    INFO] Test: [1700/2162]	Time 0.168 (0.171)
[2025-01-03 04:52:54,733][train_val_woOT.py][line: 372][    INFO] Test: [1800/2162]	Time 0.112 (0.170)
[2025-01-03 04:53:09,399][train_val_woOT.py][line: 372][    INFO] Test: [1900/2162]	Time 0.093 (0.168)
[2025-01-03 04:53:24,998][train_val_woOT.py][line: 372][    INFO] Test: [2000/2162]	Time 0.099 (0.168)
[2025-01-03 04:53:41,641][train_val_woOT.py][line: 372][    INFO] Test: [2100/2162]	Time 0.222 (0.168)
[2025-01-03 04:53:52,016][train_val_woOT.py][line: 393][    INFO] Gathering final results ...
[2025-01-03 04:53:52,016][train_val_woOT.py][line: 395][    INFO]  * Loss 10.76383	total_num=2162
