[2025-03-27 06:32:52,743][train_val_withOT_btad.py][line:  90][    INFO] args: Namespace(config='./config_btad_withOT.yaml', evaluate=False, local_rank=None, train_only_four_decoder=False)
[2025-03-27 06:32:52,748][train_val_withOT_btad.py][line:  91][    INFO] config: {'criterion': [{'kwargs': {'weight': 1.0},
                'name': 'FeatureMSELoss',
                'type': 'FeatureMSELoss'}],
 'dataset': {'batch_size': 16,
             'image_reader': {'kwargs': {'color_mode': 'RGB',
                                         'image_dir': '/home/ZZ/anomaly/GLAD-main/hdd/Datasets/BTAD'},
                              'type': 'opencv'},
             'input_size': [224, 224],
             'pixel_mean': [0.485, 0.456, 0.406],
             'pixel_std': [0.229, 0.224, 0.225],
             'test': {'meta_file': '../../data/BTAD/test.json'},
             'train': {'hflip': False,
                       'meta_file': '../../data/BTAD/train.json',
                       'rebalance': False,
                       'rotate': False,
                       'vflip': False},
             'type': 'custom',
             'workers': 4},
 'evaluator': {'eval_dir': './result_eval_temp_BTAD_from0_withOT',
               'key_metric': 'mean_max_auc',
               'metrics': {'auc': [{'name': 'std'},
                                   {'kwargs': {'avgpool_size': [16, 16]},
                                    'name': 'max'},
                                   {'name': 'pixel'}]},
               'save_dir': 'result_eval_temp_BTAD_from0_withOT',
               'vis_compound': {'max_score': None,
                                'min_score': None,
                                'save_dir': 'checkpoints/HVQ_TR_switch_BTAD_from0/vis_compound_HVQ_TR_switch/visual_BTAD_from0_withOT'}},
 'exp_path': '.',
 'frozen_layers': ['backbone'],
 'log_path': './log/',
 'net': [{'frozen': True,
          'kwargs': {'outlayers': [1, 2, 3, 4], 'pretrained': True},
          'name': 'backbone',
          'type': 'models.backbones.efficientnet_b4'},
         {'kwargs': {'outstrides': [16]},
          'name': 'neck',
          'prev': 'backbone',
          'type': 'models.necks.MFCN'},
         {'kwargs': {'activation': 'relu',
                     'dim_feedforward': 1024,
                     'dropout': 0.1,
                     'feature_jitter': {'prob': 1.0, 'scale': 20.0},
                     'hidden_dim': 256,
                     'initializer': {'method': 'xavier_uniform'},
                     'neighbor_mask': {'mask': [True, True, True],
                                       'neighbor_size': [7, 7]},
                     'nhead': 8,
                     'normalize_before': False,
                     'num_decoder_layers': 4,
                     'num_encoder_layers': 4,
                     'pos_embed_type': 'learned',
                     'save_recon': {'save_dir': 'result_recon_BTAD_from0_withOT'}},
          'name': 'reconstruction',
          'prev': 'neck',
          'type': 'models.reconstructions.HVQ_TR_switch_OT'}],
 'port': 11111,
 'random_seed': 1234,
 'save_path': './checkpoints/HVQ_TR_switch_BTAD_from0_withOT',
 'saver': {'always_save': False,
           'auto_resume': False,
           'load_path': 'checkpoints',
           'log_dir': 'log/',
           'resume_model': False,
           'save_dir': 'checkpoints/HVQ_TR_switch_BTAD_from0_withOT'},
 'trainer': {'clip_max_norm': 0.1,
             'lr_scheduler': {'kwargs': {'gamma': 0.1, 'step_size': 800},
                              'type': 'StepLR'},
             'max_epoch': 1000,
             'optimizer': {'kwargs': {'betas': [0.9, 0.999],
                                      'lr': 0.0001,
                                      'weight_decay': 0.0001},
                           'type': 'AdamW'},
             'print_freq_step': 40,
             'tb_freq_step': 1,
             'val_freq_epoch': 10},
 'version': 'v1.0.0'}
[2025-03-27 06:32:53,276][       utils.py][line: 719][    INFO]  not exist, load from https://github.com/lukemelas/EfficientNet-PyTorch/releases/download/1.0/efficientnet-b4-6ed6700e.pth
[2025-03-27 06:32:53,419][       utils.py][line: 740][    INFO] Loaded ImageNet pretrained efficientnet-b4
[2025-03-27 06:32:58,791][train_val_withOT_btad.py][line: 121][    INFO] layers: ['backbone', 'neck', 'reconstruction']
[2025-03-27 06:32:58,792][train_val_withOT_btad.py][line: 122][    INFO] active layers: ['neck', 'reconstruction']
[2025-03-27 06:32:58,796][custom_dataset.py][line:  47][    INFO] building CustomDataset from: ../../data/BTAD/train.json
[2025-03-27 06:32:58,803][custom_dataset.py][line:  47][    INFO] building CustomDataset from: ../../data/BTAD/test.json
[2025-03-27 06:33:00,145][train_val_withOT_btad.py][line: 311][    INFO] Epoch: [1/1000]	Iter: [1/113000]	Time 1.33 (1.33)	Data 0.82 (0.82)	Loss 51.24812 (51.24812)	LR 0.00010	
[2025-03-27 06:33:09,078][train_val_withOT_btad.py][line: 311][    INFO] Epoch: [1/1000]	Iter: [41/113000]	Time 0.27 (0.22)	Data 0.00 (0.00)	Loss 41.10978 (41.82054)	LR 0.00010	
[2025-03-27 06:33:17,646][train_val_withOT_btad.py][line: 311][    INFO] Epoch: [1/1000]	Iter: [81/113000]	Time 0.23 (0.21)	Data 0.00 (0.00)	Loss 40.31498 (38.46876)	LR 0.00010	
[2025-03-27 06:33:27,405][train_val_withOT_btad.py][line: 311][    INFO] Epoch: [2/1000]	Iter: [121/113000]	Time 0.18 (0.29)	Data 0.00 (0.09)	Loss 37.33906 (37.01184)	LR 0.00010	
[2025-03-27 06:33:36,038][train_val_withOT_btad.py][line: 311][    INFO] Epoch: [2/1000]	Iter: [161/113000]	Time 0.22 (0.22)	Data 0.00 (0.00)	Loss 36.59790 (37.18112)	LR 0.00010	
[2025-03-27 06:33:44,364][train_val_withOT_btad.py][line: 311][    INFO] Epoch: [2/1000]	Iter: [201/113000]	Time 0.21 (0.21)	Data 0.00 (0.00)	Loss 36.81230 (37.46218)	LR 0.00010	
[2025-03-27 06:33:54,040][train_val_withOT_btad.py][line: 311][    INFO] Epoch: [3/1000]	Iter: [241/113000]	Time 0.20 (0.28)	Data 0.00 (0.05)	Loss 35.09838 (36.41111)	LR 0.00010	
[2025-03-27 06:34:02,537][train_val_withOT_btad.py][line: 311][    INFO] Epoch: [3/1000]	Iter: [281/113000]	Time 0.24 (0.21)	Data 0.00 (0.00)	Loss 37.90825 (37.32622)	LR 0.00010	
[2025-03-27 06:34:11,152][train_val_withOT_btad.py][line: 311][    INFO] Epoch: [3/1000]	Iter: [321/113000]	Time 0.20 (0.22)	Data 0.00 (0.00)	Loss 37.62841 (36.65460)	LR 0.00010	
[2025-03-27 06:34:20,989][train_val_withOT_btad.py][line: 311][    INFO] Epoch: [4/1000]	Iter: [361/113000]	Time 0.23 (0.26)	Data 0.00 (0.03)	Loss 35.79491 (36.38488)	LR 0.00010	
[2025-03-27 06:34:29,604][train_val_withOT_btad.py][line: 311][    INFO] Epoch: [4/1000]	Iter: [401/113000]	Time 0.23 (0.22)	Data 0.00 (0.00)	Loss 38.99236 (36.76697)	LR 0.00010	
[2025-03-27 06:34:38,549][train_val_withOT_btad.py][line: 311][    INFO] Epoch: [4/1000]	Iter: [441/113000]	Time 0.29 (0.22)	Data 0.00 (0.00)	Loss 35.70472 (36.98740)	LR 0.00010	
[2025-03-27 06:34:48,988][train_val_withOT_btad.py][line: 311][    INFO] Epoch: [5/1000]	Iter: [481/113000]	Time 0.22 (0.27)	Data 0.00 (0.03)	Loss 37.40507 (36.79292)	LR 0.00010	
[2025-03-27 06:34:59,278][train_val_withOT_btad.py][line: 311][    INFO] Epoch: [5/1000]	Iter: [521/113000]	Time 0.28 (0.26)	Data 0.00 (0.00)	Loss 38.01277 (36.88798)	LR 0.00010	
[2025-03-27 06:35:09,266][train_val_withOT_btad.py][line: 311][    INFO] Epoch: [5/1000]	Iter: [561/113000]	Time 0.29 (0.25)	Data 0.00 (0.00)	Loss 36.87599 (36.78987)	LR 0.00010	
[2025-03-27 06:35:20,726][train_val_withOT_btad.py][line: 311][    INFO] Epoch: [6/1000]	Iter: [601/113000]	Time 0.22 (0.29)	Data 0.00 (0.03)	Loss 36.37774 (36.64325)	LR 0.00010	
[2025-03-27 06:35:29,576][train_val_withOT_btad.py][line: 311][    INFO] Epoch: [6/1000]	Iter: [641/113000]	Time 0.20 (0.22)	Data 0.00 (0.00)	Loss 37.02240 (36.72902)	LR 0.00010	
[2025-03-27 06:35:37,611][train_val_withOT_btad.py][line: 311][    INFO] Epoch: [7/1000]	Iter: [681/113000]	Time 0.19 (0.47)	Data 0.00 (0.25)	Loss 36.06950 (35.90125)	LR 0.00010	
[2025-03-27 06:35:46,579][train_val_withOT_btad.py][line: 311][    INFO] Epoch: [7/1000]	Iter: [721/113000]	Time 0.20 (0.22)	Data 0.00 (0.00)	Loss 33.58507 (35.02473)	LR 0.00010	
[2025-03-27 06:35:54,902][train_val_withOT_btad.py][line: 311][    INFO] Epoch: [7/1000]	Iter: [761/113000]	Time 0.22 (0.21)	Data 0.00 (0.00)	Loss 33.02859 (34.02166)	LR 0.00010	
[2025-03-27 06:36:04,189][train_val_withOT_btad.py][line: 311][    INFO] Epoch: [8/1000]	Iter: [801/113000]	Time 0.22 (0.27)	Data 0.00 (0.07)	Loss 34.57970 (33.47636)	LR 0.00010	
[2025-03-27 06:36:13,045][train_val_withOT_btad.py][line: 311][    INFO] Epoch: [8/1000]	Iter: [841/113000]	Time 0.23 (0.22)	Data 0.00 (0.00)	Loss 31.29986 (32.62624)	LR 0.00010	
[2025-03-27 06:36:21,529][train_val_withOT_btad.py][line: 311][    INFO] Epoch: [8/1000]	Iter: [881/113000]	Time 0.23 (0.21)	Data 0.00 (0.00)	Loss 31.64276 (31.66564)	LR 0.00010	
[2025-03-27 06:36:30,757][train_val_withOT_btad.py][line: 311][    INFO] Epoch: [9/1000]	Iter: [921/113000]	Time 0.16 (0.25)	Data 0.00 (0.04)	Loss 33.34737 (31.33743)	LR 0.00010	
[2025-03-27 06:36:39,356][train_val_withOT_btad.py][line: 311][    INFO] Epoch: [9/1000]	Iter: [961/113000]	Time 0.19 (0.21)	Data 0.00 (0.00)	Loss 30.81199 (30.67508)	LR 0.00010	
[2025-03-27 06:36:47,785][train_val_withOT_btad.py][line: 311][    INFO] Epoch: [9/1000]	Iter: [1001/113000]	Time 0.24 (0.21)	Data 0.00 (0.00)	Loss 28.44958 (29.68421)	LR 0.00010	
[2025-03-27 06:36:57,500][train_val_withOT_btad.py][line: 311][    INFO] Epoch: [10/1000]	Iter: [1041/113000]	Time 0.22 (0.26)	Data 0.00 (0.03)	Loss 30.48301 (28.89318)	LR 0.00010	
[2025-03-27 06:37:05,961][train_val_withOT_btad.py][line: 311][    INFO] Epoch: [10/1000]	Iter: [1081/113000]	Time 0.20 (0.21)	Data 0.00 (0.00)	Loss 27.28011 (28.16078)	LR 0.00010	
[2025-03-27 06:37:14,395][train_val_withOT_btad.py][line: 311][    INFO] Epoch: [10/1000]	Iter: [1121/113000]	Time 0.18 (0.21)	Data 0.00 (0.00)	Loss 26.65605 (27.46816)	LR 0.00010	
[2025-03-27 06:37:24,223][train_val_withOT_btad.py][line: 311][    INFO] Epoch: [11/1000]	Iter: [1161/113000]	Time 0.22 (0.25)	Data 0.00 (0.03)	Loss 26.85990 (27.11169)	LR 0.00010	
[2025-03-27 06:37:32,543][train_val_withOT_btad.py][line: 311][    INFO] Epoch: [11/1000]	Iter: [1201/113000]	Time 0.21 (0.21)	Data 0.00 (0.00)	Loss 25.94432 (26.39862)	LR 0.00010	
[2025-03-27 06:37:40,841][train_val_withOT_btad.py][line: 311][    INFO] Epoch: [11/1000]	Iter: [1241/113000]	Time 0.19 (0.21)	Data 0.00 (0.00)	Loss 25.55254 (25.97773)	LR 0.00010	
[2025-03-27 06:37:50,604][train_val_withOT_btad.py][line: 311][    INFO] Epoch: [12/1000]	Iter: [1281/113000]	Time 0.21 (0.24)	Data 0.00 (0.02)	Loss 25.33049 (25.89925)	LR 0.00010	
[2025-03-27 06:37:59,432][train_val_withOT_btad.py][line: 311][    INFO] Epoch: [12/1000]	Iter: [1321/113000]	Time 0.22 (0.22)	Data 0.00 (0.00)	Loss 26.37048 (25.50976)	LR 0.00010	
[2025-03-27 06:38:10,430][train_val_withOT_btad.py][line: 311][    INFO] Epoch: [13/1000]	Iter: [1361/113000]	Time 0.27 (0.45)	Data 0.00 (0.17)	Loss 26.18799 (25.13705)	LR 0.00010	
[2025-03-27 06:38:20,228][train_val_withOT_btad.py][line: 311][    INFO] Epoch: [13/1000]	Iter: [1401/113000]	Time 0.23 (0.24)	Data 0.00 (0.00)	Loss 24.72259 (25.04268)	LR 0.00010	
[2025-03-27 06:38:30,416][train_val_withOT_btad.py][line: 311][    INFO] Epoch: [13/1000]	Iter: [1441/113000]	Time 0.23 (0.25)	Data 0.00 (0.00)	Loss 25.35450 (25.02812)	LR 0.00010	
[2025-03-27 06:38:41,725][train_val_withOT_btad.py][line: 311][    INFO] Epoch: [14/1000]	Iter: [1481/113000]	Time 0.19 (0.33)	Data 0.00 (0.08)	Loss 24.33537 (24.53064)	LR 0.00010	
[2025-03-27 06:38:49,373][train_val_withOT_btad.py][line: 311][    INFO] Epoch: [14/1000]	Iter: [1521/113000]	Time 0.20 (0.19)	Data 0.00 (0.00)	Loss 24.44388 (24.49749)	LR 0.00010	
[2025-03-27 06:38:56,728][train_val_withOT_btad.py][line: 311][    INFO] Epoch: [14/1000]	Iter: [1561/113000]	Time 0.22 (0.18)	Data 0.00 (0.00)	Loss 24.14246 (24.32483)	LR 0.00010	
[2025-03-27 06:39:06,364][train_val_withOT_btad.py][line: 311][    INFO] Epoch: [15/1000]	Iter: [1601/113000]	Time 0.23 (0.26)	Data 0.00 (0.04)	Loss 24.43180 (23.94511)	LR 0.00010	
[2025-03-27 06:39:14,569][train_val_withOT_btad.py][line: 311][    INFO] Epoch: [15/1000]	Iter: [1641/113000]	Time 0.22 (0.20)	Data 0.00 (0.00)	Loss 23.68194 (23.81954)	LR 0.00010	
[2025-03-27 06:39:23,028][train_val_withOT_btad.py][line: 311][    INFO] Epoch: [15/1000]	Iter: [1681/113000]	Time 0.21 (0.21)	Data 0.00 (0.00)	Loss 23.70951 (23.64799)	LR 0.00010	
[2025-03-27 06:39:32,722][train_val_withOT_btad.py][line: 311][    INFO] Epoch: [16/1000]	Iter: [1721/113000]	Time 0.24 (0.26)	Data 0.00 (0.03)	Loss 23.33424 (23.34933)	LR 0.00010	
[2025-03-27 06:39:41,181][train_val_withOT_btad.py][line: 311][    INFO] Epoch: [16/1000]	Iter: [1761/113000]	Time 0.22 (0.21)	Data 0.00 (0.00)	Loss 22.18504 (23.16808)	LR 0.00010	
[2025-03-27 06:39:49,818][train_val_withOT_btad.py][line: 311][    INFO] Epoch: [16/1000]	Iter: [1801/113000]	Time 0.15 (0.22)	Data 0.00 (0.00)	Loss 23.15409 (22.94890)	LR 0.00010	
[2025-03-27 06:39:59,329][train_val_withOT_btad.py][line: 311][    INFO] Epoch: [17/1000]	Iter: [1841/113000]	Time 0.24 (0.25)	Data 0.00 (0.02)	Loss 23.14150 (22.64206)	LR 0.00010	
[2025-03-27 06:40:07,810][train_val_withOT_btad.py][line: 311][    INFO] Epoch: [17/1000]	Iter: [1881/113000]	Time 0.23 (0.21)	Data 0.00 (0.00)	Loss 22.72238 (22.72728)	LR 0.00010	
[2025-03-27 06:40:16,554][train_val_withOT_btad.py][line: 311][    INFO] Epoch: [17/1000]	Iter: [1921/113000]	Time 0.14 (0.22)	Data 0.00 (0.00)	Loss 22.50134 (22.76722)	LR 0.00010	
[2025-03-27 06:40:26,290][train_val_withOT_btad.py][line: 311][    INFO] Epoch: [18/1000]	Iter: [1961/113000]	Time 0.20 (0.24)	Data 0.00 (0.02)	Loss 22.54287 (22.31912)	LR 0.00010	
[2025-03-27 06:40:34,694][train_val_withOT_btad.py][line: 311][    INFO] Epoch: [18/1000]	Iter: [2001/113000]	Time 0.19 (0.21)	Data 0.00 (0.00)	Loss 21.43723 (22.36611)	LR 0.00010	
[2025-03-27 06:40:44,142][train_val_withOT_btad.py][line: 311][    INFO] Epoch: [19/1000]	Iter: [2041/113000]	Time 0.22 (0.31)	Data 0.00 (0.09)	Loss 22.22839 (22.38172)	LR 0.00010	
[2025-03-27 06:40:52,756][train_val_withOT_btad.py][line: 311][    INFO] Epoch: [19/1000]	Iter: [2081/113000]	Time 0.23 (0.22)	Data 0.00 (0.00)	Loss 21.44331 (21.86393)	LR 0.00010	
[2025-03-27 06:41:01,256][train_val_withOT_btad.py][line: 311][    INFO] Epoch: [19/1000]	Iter: [2121/113000]	Time 0.26 (0.21)	Data 0.00 (0.00)	Loss 21.73221 (21.65514)	LR 0.00010	
[2025-03-27 06:41:10,906][train_val_withOT_btad.py][line: 311][    INFO] Epoch: [20/1000]	Iter: [2161/113000]	Time 0.22 (0.28)	Data 0.00 (0.05)	Loss 21.90194 (21.85108)	LR 0.00010	
[2025-03-27 06:41:20,096][train_val_withOT_btad.py][line: 311][    INFO] Epoch: [20/1000]	Iter: [2201/113000]	Time 0.31 (0.23)	Data 0.00 (0.00)	Loss 21.31218 (21.45229)	LR 0.00010	
[2025-03-27 06:41:30,201][train_val_withOT_btad.py][line: 311][    INFO] Epoch: [20/1000]	Iter: [2241/113000]	Time 0.27 (0.25)	Data 0.00 (0.00)	Loss 20.60562 (21.44911)	LR 0.00010	
[2025-03-27 06:41:41,054][train_val_withOT_btad.py][line: 311][    INFO] Epoch: [21/1000]	Iter: [2281/113000]	Time 0.22 (0.29)	Data 0.00 (0.04)	Loss 21.47799 (21.36948)	LR 0.00010	
[2025-03-27 06:41:50,602][train_val_withOT_btad.py][line: 311][    INFO] Epoch: [21/1000]	Iter: [2321/113000]	Time 0.19 (0.24)	Data 0.00 (0.00)	Loss 20.79002 (21.11073)	LR 0.00010	
[2025-03-27 06:42:00,596][train_val_withOT_btad.py][line: 311][    INFO] Epoch: [21/1000]	Iter: [2361/113000]	Time 0.32 (0.25)	Data 0.00 (0.00)	Loss 20.85073 (21.02805)	LR 0.00010	
[2025-03-27 06:42:09,615][train_val_withOT_btad.py][line: 311][    INFO] Epoch: [22/1000]	Iter: [2401/113000]	Time 0.17 (0.21)	Data 0.00 (0.03)	Loss 21.96972 (20.85581)	LR 0.00010	
[2025-03-27 06:42:16,999][train_val_withOT_btad.py][line: 311][    INFO] Epoch: [22/1000]	Iter: [2441/113000]	Time 0.20 (0.18)	Data 0.00 (0.00)	Loss 20.45568 (20.71587)	LR 0.00010	
[2025-03-27 06:42:25,816][train_val_withOT_btad.py][line: 311][    INFO] Epoch: [22/1000]	Iter: [2481/113000]	Time 0.24 (0.22)	Data 0.00 (0.00)	Loss 20.33986 (20.65314)	LR 0.00010	
[2025-03-27 06:42:35,181][train_val_withOT_btad.py][line: 311][    INFO] Epoch: [23/1000]	Iter: [2521/113000]	Time 0.21 (0.24)	Data 0.00 (0.02)	Loss 20.13143 (20.40366)	LR 0.00010	
[2025-03-27 06:42:43,375][train_val_withOT_btad.py][line: 311][    INFO] Epoch: [23/1000]	Iter: [2561/113000]	Time 0.17 (0.20)	Data 0.00 (0.00)	Loss 20.07391 (20.17743)	LR 0.00010	
[2025-03-27 06:42:53,164][train_val_withOT_btad.py][line: 311][    INFO] Epoch: [24/1000]	Iter: [2601/113000]	Time 0.19 (0.62)	Data 0.00 (0.41)	Loss 19.82277 (19.88343)	LR 0.00010	
[2025-03-27 06:43:01,339][train_val_withOT_btad.py][line: 311][    INFO] Epoch: [24/1000]	Iter: [2641/113000]	Time 0.22 (0.20)	Data 0.00 (0.00)	Loss 20.34355 (19.88526)	LR 0.00010	
[2025-03-27 06:43:10,079][train_val_withOT_btad.py][line: 311][    INFO] Epoch: [24/1000]	Iter: [2681/113000]	Time 0.16 (0.22)	Data 0.00 (0.00)	Loss 20.21696 (19.62470)	LR 0.00010	
[2025-03-27 06:43:19,502][train_val_withOT_btad.py][line: 311][    INFO] Epoch: [25/1000]	Iter: [2721/113000]	Time 0.22 (0.30)	Data 0.00 (0.08)	Loss 19.21433 (19.46031)	LR 0.00010	
[2025-03-27 06:43:28,066][train_val_withOT_btad.py][line: 311][    INFO] Epoch: [25/1000]	Iter: [2761/113000]	Time 0.23 (0.21)	Data 0.00 (0.00)	Loss 20.11468 (19.30669)	LR 0.00010	
[2025-03-27 06:43:37,149][train_val_withOT_btad.py][line: 311][    INFO] Epoch: [25/1000]	Iter: [2801/113000]	Time 0.20 (0.23)	Data 0.00 (0.00)	Loss 19.45842 (19.22812)	LR 0.00010	
[2025-03-27 06:43:45,743][train_val_withOT_btad.py][line: 311][    INFO] Epoch: [26/1000]	Iter: [2841/113000]	Time 0.22 (0.26)	Data 0.00 (0.04)	Loss 18.01261 (19.24663)	LR 0.00010	
[2025-03-27 06:43:54,049][train_val_withOT_btad.py][line: 311][    INFO] Epoch: [26/1000]	Iter: [2881/113000]	Time 0.21 (0.21)	Data 0.00 (0.00)	Loss 18.26012 (18.69723)	LR 0.00010	
[2025-03-27 06:44:02,682][train_val_withOT_btad.py][line: 311][    INFO] Epoch: [26/1000]	Iter: [2921/113000]	Time 0.22 (0.22)	Data 0.00 (0.00)	Loss 21.01962 (18.72984)	LR 0.00010	
[2025-03-27 06:44:11,933][train_val_withOT_btad.py][line: 311][    INFO] Epoch: [27/1000]	Iter: [2961/113000]	Time 0.23 (0.25)	Data 0.00 (0.03)	Loss 18.08856 (18.34281)	LR 0.00010	
[2025-03-27 06:44:20,168][train_val_withOT_btad.py][line: 311][    INFO] Epoch: [27/1000]	Iter: [3001/113000]	Time 0.20 (0.21)	Data 0.00 (0.00)	Loss 18.71363 (18.36095)	LR 0.00010	
[2025-03-27 06:44:28,694][train_val_withOT_btad.py][line: 311][    INFO] Epoch: [27/1000]	Iter: [3041/113000]	Time 0.20 (0.21)	Data 0.00 (0.00)	Loss 18.37845 (18.25831)	LR 0.00010	
[2025-03-27 06:44:38,483][train_val_withOT_btad.py][line: 311][    INFO] Epoch: [28/1000]	Iter: [3081/113000]	Time 0.22 (0.25)	Data 0.00 (0.03)	Loss 17.72069 (18.19783)	LR 0.00010	
[2025-03-27 06:44:48,547][train_val_withOT_btad.py][line: 311][    INFO] Epoch: [28/1000]	Iter: [3121/113000]	Time 0.27 (0.25)	Data 0.00 (0.00)	Loss 17.88902 (17.96832)	LR 0.00010	
[2025-03-27 06:44:58,165][train_val_withOT_btad.py][line: 311][    INFO] Epoch: [28/1000]	Iter: [3161/113000]	Time 0.21 (0.24)	Data 0.00 (0.00)	Loss 18.31211 (17.78696)	LR 0.00010	
[2025-03-27 06:45:08,854][train_val_withOT_btad.py][line: 311][    INFO] Epoch: [29/1000]	Iter: [3201/113000]	Time 0.22 (0.26)	Data 0.00 (0.03)	Loss 17.24286 (17.52300)	LR 0.00010	
[2025-03-27 06:45:18,838][train_val_withOT_btad.py][line: 311][    INFO] Epoch: [29/1000]	Iter: [3241/113000]	Time 0.22 (0.25)	Data 0.00 (0.00)	Loss 16.86236 (17.55976)	LR 0.00010	
[2025-03-27 06:45:38,526][train_val_withOT_btad.py][line: 372][    INFO] Test: [100/741]	Time 0.089 (0.112)
[2025-03-27 06:45:50,629][train_val_withOT_btad.py][line: 372][    INFO] Test: [200/741]	Time 0.138 (0.116)
[2025-03-27 06:46:02,361][train_val_withOT_btad.py][line: 372][    INFO] Test: [300/741]	Time 0.118 (0.117)
[2025-03-27 06:46:14,345][train_val_withOT_btad.py][line: 372][    INFO] Test: [400/741]	Time 0.128 (0.117)
[2025-03-27 06:46:26,689][train_val_withOT_btad.py][line: 372][    INFO] Test: [500/741]	Time 0.112 (0.119)
[2025-03-27 06:46:38,908][train_val_withOT_btad.py][line: 372][    INFO] Test: [600/741]	Time 0.131 (0.119)
[2025-03-27 06:46:50,749][train_val_withOT_btad.py][line: 372][    INFO] Test: [700/741]	Time 0.120 (0.119)
[2025-03-27 06:46:55,773][train_val_withOT_btad.py][line: 393][    INFO] Gathering final results ...
[2025-03-27 06:46:55,777][train_val_withOT_btad.py][line: 395][    INFO]  * Loss 45.41299	total_num=741
[2025-03-27 06:47:09,728][ eval_helper.py][line: 228][    INFO] 
|  clsname  |  pixel   |   max    |   std    |
|:---------:|:--------:|:--------:|:--------:|
|    02     | 0.883792 | 0.707894 | 0.798995 |
|    01     | 0.679232 | 0.724976 | 0.750243 |
|    03     | 0.777106 | 0.811094 | 0.518489 |
|   mean    | 0.780043 | 0.747988 | 0.689242 |
[2025-03-27 06:47:13,381][train_val_withOT_btad.py][line: 311][    INFO] Epoch: [30/1000]	Iter: [3281/113000]	Time 0.22 (0.46)	Data 0.00 (0.21)	Loss 18.07094 (17.67073)	LR 0.00010	
[2025-03-27 06:47:22,148][train_val_withOT_btad.py][line: 311][    INFO] Epoch: [30/1000]	Iter: [3321/113000]	Time 0.22 (0.22)	Data 0.00 (0.00)	Loss 17.65706 (17.32046)	LR 0.00010	
[2025-03-27 06:47:30,608][train_val_withOT_btad.py][line: 311][    INFO] Epoch: [30/1000]	Iter: [3361/113000]	Time 0.24 (0.21)	Data 0.00 (0.00)	Loss 16.63369 (17.25955)	LR 0.00010	
[2025-03-27 06:47:40,382][train_val_withOT_btad.py][line: 311][    INFO] Epoch: [31/1000]	Iter: [3401/113000]	Time 0.22 (0.30)	Data 0.00 (0.07)	Loss 16.99743 (16.78777)	LR 0.00010	
[2025-03-27 06:47:48,891][train_val_withOT_btad.py][line: 311][    INFO] Epoch: [31/1000]	Iter: [3441/113000]	Time 0.24 (0.21)	Data 0.00 (0.00)	Loss 16.55685 (16.82400)	LR 0.00010	
