[2024-12-28 16:26:51,656][   train_val.py][line:  74][    INFO] args: Namespace(config='./config.yaml', evaluate=False, local_rank=None, train_only_four_decoder=False)
[2024-12-28 16:26:51,658][   train_val.py][line:  75][    INFO] config: {'criterion': [{'kwargs': {'weight': 1.0},
                'name': 'FeatureMSELoss',
                'type': 'FeatureMSELoss'}],
 'dataset': {'batch_size': 16,
             'image_reader': {'kwargs': {'color_mode': 'RGB',
                                         'image_dir': '/home/customer/Desktop/ZZ/anomaly/GLAD-main/hdd/Datasets/MVTec-AD'},
                              'type': 'opencv'},
             'input_size': [224, 224],
             'pixel_mean': [0.485, 0.456, 0.406],
             'pixel_std': [0.229, 0.224, 0.225],
             'test': {'meta_file': '../../data/MVTec-AD/test.json'},
             'train': {'hflip': False,
                       'meta_file': '../../data/MVTec-AD/train.json',
                       'rebalance': False,
                       'rotate': False,
                       'vflip': False},
             'type': 'custom',
             'workers': 4},
 'evaluator': {'eval_dir': './result_eval_temp',
               'key_metric': 'mean_max_auc',
               'metrics': {'auc': [{'name': 'std'},
                                   {'kwargs': {'avgpool_size': [16, 16]},
                                    'name': 'max'},
                                   {'name': 'pixel'}]},
               'save_dir': 'result_eval_temp',
               'vis_compound': {'max_score': None,
                                'min_score': None,
                                'save_dir': 'checkpoints/HVQ_TR_switch/vis_compound_HVQ_TR_switch/visual'}},
 'exp_path': '.',
 'frozen_layers': ['backbone'],
 'log_path': './log/',
 'net': [{'frozen': True,
          'kwargs': {'outlayers': [1, 2, 3, 4], 'pretrained': True},
          'name': 'backbone',
          'type': 'models.backbones.efficientnet_b4'},
         {'kwargs': {'outstrides': [16]},
          'name': 'neck',
          'prev': 'backbone',
          'type': 'models.necks.MFCN'},
         {'kwargs': {'activation': 'relu',
                     'dim_feedforward': 1024,
                     'dropout': 0.1,
                     'feature_jitter': {'prob': 1.0, 'scale': 20.0},
                     'hidden_dim': 256,
                     'initializer': {'method': 'xavier_uniform'},
                     'neighbor_mask': {'mask': [True, True, True],
                                       'neighbor_size': [7, 7]},
                     'nhead': 8,
                     'normalize_before': False,
                     'num_decoder_layers': 4,
                     'num_encoder_layers': 4,
                     'pos_embed_type': 'learned',
                     'save_recon': {'save_dir': 'result_recon'}},
          'name': 'reconstruction',
          'prev': 'neck',
          'type': 'models.reconstructions.HVQ_TR_switch'}],
 'port': 11111,
 'random_seed': 133,
 'save_path': './checkpoints/HVQ_TR_switch',
 'saver': {'always_save': False,
           'auto_resume': False,
           'load_path': 'checkpoints',
           'log_dir': 'log/',
           'resume_model': '/home/customer/Desktop/ZZ/anomaly/HVQ-Trans-master/checkpoints/HVQ_TR_switch/best_/ckpt_best.pth.tar',
           'save_dir': 'checkpoints/HVQ_TR_switch'},
 'trainer': {'clip_max_norm': 0.1,
             'lr_scheduler': {'kwargs': {'gamma': 0.1, 'step_size': 800},
                              'type': 'StepLR'},
             'max_epoch': 1000,
             'optimizer': {'kwargs': {'betas': [0.9, 0.999],
                                      'lr': 0.0001,
                                      'weight_decay': 0.0001},
                           'type': 'AdamW'},
             'print_freq_step': 80,
             'tb_freq_step': 1,
             'val_freq_epoch': 10},
 'version': 'v1.0.0'}
[2024-12-28 16:27:09,183][       utils.py][line: 719][    INFO]  not exist, load from https://github.com/lukemelas/EfficientNet-PyTorch/releases/download/1.0/efficientnet-b4-6ed6700e.pth
[2024-12-28 16:27:10,819][       utils.py][line: 740][    INFO] Loaded ImageNet pretrained efficientnet-b4
[2024-12-28 16:27:18,877][   train_val.py][line: 105][    INFO] layers: ['backbone', 'neck', 'reconstruction']
[2024-12-28 16:27:18,877][   train_val.py][line: 106][    INFO] active layers: ['reconstruction', 'neck']
[2024-12-28 16:27:18,883][custom_dataset.py][line:  38][    INFO] building CustomDataset from: ../../data/MVTec-AD/train.json
[2024-12-28 16:27:18,895][custom_dataset.py][line:  38][    INFO] building CustomDataset from: ../../data/MVTec-AD/test.json
[2024-12-28 16:27:21,112][   train_val.py][line: 290][    INFO] Epoch: [1/1000]	Iter: [1/227000]	Time 2.21 (2.21)	Data 1.12 (1.12)	Loss 52.10057 (52.10057)	LR 0.00010	
[2024-12-28 16:27:42,090][   train_val.py][line: 290][    INFO] Epoch: [1/1000]	Iter: [81/227000]	Time 0.49 (0.26)	Data 0.00 (0.00)	Loss 31.79209 (36.20716)	LR 0.00010	
[2024-12-28 16:28:02,631][   train_val.py][line: 290][    INFO] Epoch: [1/1000]	Iter: [161/227000]	Time 0.23 (0.26)	Data 0.00 (0.00)	Loss 31.91469 (32.29840)	LR 0.00010	
[2024-12-28 16:28:36,098][   train_val.py][line: 351][    INFO] Test: [100/1725]	Time 0.140 (0.163)
[2024-12-28 16:28:51,106][   train_val.py][line: 351][    INFO] Test: [200/1725]	Time 0.127 (0.157)
[2024-12-28 16:29:06,501][   train_val.py][line: 351][    INFO] Test: [300/1725]	Time 0.124 (0.156)
[2024-12-28 16:29:20,399][   train_val.py][line: 351][    INFO] Test: [400/1725]	Time 0.089 (0.151)
[2024-12-28 16:29:34,404][   train_val.py][line: 351][    INFO] Test: [500/1725]	Time 0.269 (0.149)
[2024-12-28 16:29:47,840][   train_val.py][line: 351][    INFO] Test: [600/1725]	Time 0.127 (0.147)
[2024-12-28 16:30:01,375][   train_val.py][line: 351][    INFO] Test: [700/1725]	Time 0.150 (0.145)
[2024-12-28 16:30:15,834][   train_val.py][line: 351][    INFO] Test: [800/1725]	Time 0.168 (0.145)
[2024-12-28 16:30:31,025][   train_val.py][line: 351][    INFO] Test: [900/1725]	Time 0.114 (0.146)
[2024-12-28 16:30:45,209][   train_val.py][line: 351][    INFO] Test: [1000/1725]	Time 0.118 (0.145)
[2024-12-28 16:31:00,092][   train_val.py][line: 351][    INFO] Test: [1100/1725]	Time 0.143 (0.146)
[2024-12-28 16:31:14,978][   train_val.py][line: 351][    INFO] Test: [1200/1725]	Time 0.147 (0.146)
[2024-12-28 16:31:29,410][   train_val.py][line: 351][    INFO] Test: [1300/1725]	Time 0.134 (0.146)
[2024-12-28 16:31:44,550][   train_val.py][line: 351][    INFO] Test: [1400/1725]	Time 0.202 (0.146)
[2024-12-28 16:31:58,355][   train_val.py][line: 351][    INFO] Test: [1500/1725]	Time 0.111 (0.146)
[2024-12-28 16:32:12,671][   train_val.py][line: 351][    INFO] Test: [1600/1725]	Time 0.167 (0.146)
[2024-12-28 16:32:26,338][   train_val.py][line: 351][    INFO] Test: [1700/1725]	Time 0.143 (0.145)
[2024-12-28 16:32:29,580][   train_val.py][line: 372][    INFO] Gathering final results ...
[2024-12-28 16:32:29,581][   train_val.py][line: 374][    INFO]  * Loss 28.39146	total_num=1725
