[2025-03-28 22:18:30,050][train_val_withOT_mpdd.py][line:  90][    INFO] args: Namespace(config='./config_mpdd_withOT.yaml', evaluate=True, local_rank=None, train_only_four_decoder=False)
[2025-03-28 22:18:30,052][train_val_withOT_mpdd.py][line:  91][    INFO] config: {'criterion': [{'kwargs': {'weight': 1.0},
                'name': 'FeatureMSELoss',
                'type': 'FeatureMSELoss'}],
 'dataset': {'batch_size': 16,
             'image_reader': {'kwargs': {'color_mode': 'RGB',
                                         'image_dir': '/home/ZZ/anomaly/GLAD-main/hdd/Datasets/MPDD'},
                              'type': 'opencv'},
             'input_size': [224, 224],
             'pixel_mean': [0.485, 0.456, 0.406],
             'pixel_std': [0.229, 0.224, 0.225],
             'test': {'meta_file': '../../data/MPDD/test.json'},
             'train': {'hflip': False,
                       'meta_file': '../../data/MPDD/train.json',
                       'rebalance': False,
                       'rotate': False,
                       'vflip': False},
             'type': 'custom',
             'workers': 4},
 'evaluator': {'eval_dir': './result_eval_temp_MPDD_from0_withOT',
               'key_metric': 'mean_max_auc',
               'metrics': {'auc': [{'name': 'std'},
                                   {'kwargs': {'avgpool_size': [16, 16]},
                                    'name': 'max'},
                                   {'name': 'pixel'},
                                   {'name': 'top250'},
                                   {'name': 'IImageap'},
                                   {'name': 'IImagef1max'},
                                   {'name': 'IImageauroc'},
                                   {'name': 'PPixelap'},
                                   {'name': 'PPixelf1max'},
                                   {'name': 'PPixelpro'},
                                   {'name': 'PPixelauroc'}]},
               'save_dir': 'result_eval_temp_MPDD_from0_withOT',
               'vis_compound': {'max_score': None,
                                'min_score': None,
                                'save_dir': 'checkpoints/HVQ_TR_switch_MPDD_from0/vis_compound_HVQ_TR_switch/visual_MPDD_from0_withOT'}},
 'exp_path': '.',
 'frozen_layers': ['backbone'],
 'log_path': './log/',
 'net': [{'frozen': True,
          'kwargs': {'outlayers': [1, 2, 3, 4], 'pretrained': True},
          'name': 'backbone',
          'type': 'models.backbones.efficientnet_b4'},
         {'kwargs': {'outstrides': [16]},
          'name': 'neck',
          'prev': 'backbone',
          'type': 'models.necks.MFCN'},
         {'kwargs': {'activation': 'relu',
                     'dim_feedforward': 1024,
                     'dropout': 0.1,
                     'feature_jitter': {'prob': 1.0, 'scale': 20.0},
                     'hidden_dim': 256,
                     'initializer': {'method': 'xavier_uniform'},
                     'neighbor_mask': {'mask': [True, True, True],
                                       'neighbor_size': [7, 7]},
                     'nhead': 8,
                     'normalize_before': False,
                     'num_decoder_layers': 4,
                     'num_encoder_layers': 4,
                     'pos_embed_type': 'learned',
                     'save_recon': {'save_dir': 'result_recon_MPDD_from0_withOT'}},
          'name': 'reconstruction',
          'prev': 'neck',
          'type': 'models.reconstructions.HVQ_TR_switch_OT'}],
 'port': 11111,
 'random_seed': 1234,
 'save_path': './checkpoints/HVQ_TR_switch_MPDD_from0_withOT',
 'saver': {'always_save': False,
           'auto_resume': False,
           'load_path': 'checkpoints',
           'log_dir': 'log/',
           'resume_model': '/home/ZZ/anomaly/HVQ-Trans-master/experiments/MVTec-AD/checkpoints/HVQ_TR_switch_MPDD_from0_withOT/ckpt_best.pth.tar',
           'save_dir': 'checkpoints/HVQ_TR_switch_MPDD_from0_withOT'},
 'trainer': {'clip_max_norm': 0.1,
             'lr_scheduler': {'kwargs': {'gamma': 0.1, 'step_size': 800},
                              'type': 'StepLR'},
             'max_epoch': 1000,
             'optimizer': {'kwargs': {'betas': [0.9, 0.999],
                                      'lr': 0.0001,
                                      'weight_decay': 0.0001},
                           'type': 'AdamW'},
             'print_freq_step': 50,
             'tb_freq_step': 1,
             'val_freq_epoch': 10},
 'version': 'v1.0.0'}
[2025-03-28 22:18:30,355][       utils.py][line: 719][    INFO]  not exist, load from https://github.com/lukemelas/EfficientNet-PyTorch/releases/download/1.0/efficientnet-b4-6ed6700e.pth
[2025-03-28 22:18:30,455][       utils.py][line: 740][    INFO] Loaded ImageNet pretrained efficientnet-b4
[2025-03-28 22:18:38,558][train_val_withOT_mpdd.py][line: 121][    INFO] layers: ['backbone', 'neck', 'reconstruction']
[2025-03-28 22:18:38,558][train_val_withOT_mpdd.py][line: 122][    INFO] active layers: ['neck', 'reconstruction']
[2025-03-28 22:18:46,278][custom_dataset.py][line:  47][    INFO] building CustomDataset from: ../../data/MPDD/train.json
[2025-03-28 22:18:46,280][custom_dataset.py][line:  47][    INFO] building CustomDataset from: ../../data/MPDD/test.json
[2025-03-28 22:19:01,676][train_val_withOT_mpdd.py][line: 372][    INFO] Test: [100/458]	Time 0.107 (0.131)
[2025-03-28 22:19:13,754][train_val_withOT_mpdd.py][line: 372][    INFO] Test: [200/458]	Time 0.121 (0.126)
[2025-03-28 22:19:25,973][train_val_withOT_mpdd.py][line: 372][    INFO] Test: [300/458]	Time 0.138 (0.125)
[2025-03-28 22:19:39,080][train_val_withOT_mpdd.py][line: 372][    INFO] Test: [400/458]	Time 0.393 (0.126)
[2025-03-28 22:19:46,107][train_val_withOT_mpdd.py][line: 393][    INFO] Gathering final results ...
[2025-03-28 22:19:46,108][train_val_withOT_mpdd.py][line: 395][    INFO]  * Loss 10.92649	total_num=458
[2025-03-28 22:21:53,266][eval_helper1.py][line: 445][    INFO] 
|    clsname    |   std    |  IImageap  |  pixel   |  PPixelap  |  PPixelauroc  |  IImageauroc  |   max    |  PPixelpro  |  top250  |  IImagef1max  |  PPixelf1max  |
|:-------------:|:--------:|:----------:|:--------:|:----------:|:-------------:|:-------------:|:--------:|:-----------:|:--------:|:-------------:|:-------------:|
|   connector   | 0.607143 |  0.692553  | 0.97523  |  0.165812  |    0.97523    |   0.892857    | 0.895238 |   0.91125   | 0.892857 |    0.8125     |   0.271282    |
| bracket_brown | 0.567119 |  0.934319  | 0.982738 |  0.313971  |    0.98274    |   0.893665    | 0.892911 |  0.885743   | 0.893665 |   0.902655    |   0.366497    |
| bracket_black | 0.683511 |  0.955712  | 0.970147 | 0.0146384  |   0.970147    |   0.927527    | 0.930186 |  0.901192   | 0.927527 |   0.897959    |   0.0353013   |
|     tubes     | 0.808424 |  0.872642  | 0.96685  |  0.343333  |   0.966856    |   0.706975    | 0.703351 |  0.874935   | 0.706975 |   0.816568    |   0.384074    |
| bracket_white | 0.527778 |  0.826194  | 0.951638 | 0.0069806  |   0.951638    |   0.792222    | 0.787778 |  0.842089   | 0.792222 |   0.746667    |   0.0263158   |
|  metal_plate  | 0.990791 |  0.990836  | 0.966049 |  0.736443  |   0.966056    |   0.975623    | 0.982665 |  0.866263   | 0.975623 |   0.957746    |   0.743879    |
|     mean      | 0.697461 |  0.878709  | 0.968775 |  0.26353   |   0.968778    |   0.864811    | 0.865355 |  0.880245   | 0.864811 |   0.855683    |   0.304558    |
