[2025-03-27 06:07:19,725][train_val_withOT_btad.py][line:  90][    INFO] args: Namespace(config='./config_btad_withOT.yaml', evaluate=False, local_rank=None, train_only_four_decoder=False)
[2025-03-27 06:07:19,727][train_val_withOT_btad.py][line:  91][    INFO] config: {'criterion': [{'kwargs': {'weight': 1.0},
                'name': 'FeatureMSELoss',
                'type': 'FeatureMSELoss'}],
 'dataset': {'batch_size': 16,
             'image_reader': {'kwargs': {'color_mode': 'RGB',
                                         'image_dir': '/home/ZZ/anomaly/GLAD-main/hdd/Datasets/BTAD'},
                              'type': 'opencv'},
             'input_size': [224, 224],
             'pixel_mean': [0.485, 0.456, 0.406],
             'pixel_std': [0.229, 0.224, 0.225],
             'test': {'meta_file': '../../data/BTAD/test.json'},
             'train': {'hflip': False,
                       'meta_file': '../../data/BTAD/train.json',
                       'rebalance': False,
                       'rotate': False,
                       'vflip': False},
             'type': 'custom',
             'workers': 4},
 'evaluator': {'eval_dir': './result_eval_temp_BTAD_from0_withOT',
               'key_metric': 'mean_max_auc',
               'metrics': {'auc': [{'name': 'std'},
                                   {'kwargs': {'avgpool_size': [16, 16]},
                                    'name': 'max'},
                                   {'name': 'pixel'}]},
               'save_dir': 'result_eval_temp_BTAD_from0_withOT',
               'vis_compound': {'max_score': None,
                                'min_score': None,
                                'save_dir': 'checkpoints/HVQ_TR_switch_BTAD_from0/vis_compound_HVQ_TR_switch/visual_BTAD_from0_withOT'}},
 'exp_path': '.',
 'frozen_layers': ['backbone'],
 'log_path': './log/',
 'net': [{'frozen': True,
          'kwargs': {'outlayers': [1, 2, 3, 4], 'pretrained': True},
          'name': 'backbone',
          'type': 'models.backbones.efficientnet_b4'},
         {'kwargs': {'outstrides': [16]},
          'name': 'neck',
          'prev': 'backbone',
          'type': 'models.necks.MFCN'},
         {'kwargs': {'activation': 'relu',
                     'dim_feedforward': 1024,
                     'dropout': 0.1,
                     'feature_jitter': {'prob': 1.0, 'scale': 20.0},
                     'hidden_dim': 256,
                     'initializer': {'method': 'xavier_uniform'},
                     'neighbor_mask': {'mask': [True, True, True],
                                       'neighbor_size': [7, 7]},
                     'nhead': 8,
                     'normalize_before': False,
                     'num_decoder_layers': 4,
                     'num_encoder_layers': 4,
                     'pos_embed_type': 'learned',
                     'save_recon': {'save_dir': 'result_recon_BTAD_from0_withOT'}},
          'name': 'reconstruction',
          'prev': 'neck',
          'type': 'models.reconstructions.HVQ_TR_switch_OT'}],
 'port': 11111,
 'random_seed': 1234,
 'save_path': './checkpoints/HVQ_TR_switch_BTAD_from0_withOT',
 'saver': {'always_save': False,
           'auto_resume': False,
           'load_path': 'checkpoints',
           'log_dir': 'log/',
           'resume_model': False,
           'save_dir': 'checkpoints/HVQ_TR_switch_BTAD_from0_withOT'},
 'trainer': {'clip_max_norm': 0.1,
             'lr_scheduler': {'kwargs': {'gamma': 0.1, 'step_size': 800},
                              'type': 'StepLR'},
             'max_epoch': 1000,
             'optimizer': {'kwargs': {'betas': [0.9, 0.999],
                                      'lr': 0.0001,
                                      'weight_decay': 0.0001},
                           'type': 'AdamW'},
             'print_freq_step': 40,
             'tb_freq_step': 1,
             'val_freq_epoch': 10},
 'version': 'v1.0.0'}
[2025-03-27 06:07:20,099][       utils.py][line: 719][    INFO]  not exist, load from https://github.com/lukemelas/EfficientNet-PyTorch/releases/download/1.0/efficientnet-b4-6ed6700e.pth
[2025-03-27 06:07:20,247][       utils.py][line: 740][    INFO] Loaded ImageNet pretrained efficientnet-b4
[2025-03-27 06:07:25,106][train_val_withOT_btad.py][line: 121][    INFO] layers: ['backbone', 'neck', 'reconstruction']
[2025-03-27 06:07:25,107][train_val_withOT_btad.py][line: 122][    INFO] active layers: ['neck', 'reconstruction']
[2025-03-27 06:07:25,111][custom_dataset.py][line:  47][    INFO] building CustomDataset from: ../../data/BTAD/train.json
[2025-03-27 06:07:25,117][custom_dataset.py][line:  47][    INFO] building CustomDataset from: ../../data/BTAD/test.json
[2025-03-27 06:07:26,691][train_val_withOT_btad.py][line: 311][    INFO] Epoch: [1/1000]	Iter: [1/113000]	Time 1.57 (1.57)	Data 0.87 (0.87)	Loss 51.29879 (51.29879)	LR 0.00010	
[2025-03-27 06:07:35,195][train_val_withOT_btad.py][line: 311][    INFO] Epoch: [1/1000]	Iter: [41/113000]	Time 0.21 (0.21)	Data 0.00 (0.00)	Loss 41.10976 (41.82051)	LR 0.00010	
[2025-03-27 06:07:44,060][train_val_withOT_btad.py][line: 311][    INFO] Epoch: [1/1000]	Iter: [81/113000]	Time 0.21 (0.22)	Data 0.00 (0.00)	Loss 40.31486 (38.46870)	LR 0.00010	
[2025-03-27 06:07:53,750][train_val_withOT_btad.py][line: 311][    INFO] Epoch: [2/1000]	Iter: [121/113000]	Time 0.23 (0.33)	Data 0.00 (0.11)	Loss 37.33896 (37.01190)	LR 0.00010	
[2025-03-27 06:08:02,321][train_val_withOT_btad.py][line: 311][    INFO] Epoch: [2/1000]	Iter: [161/113000]	Time 0.24 (0.21)	Data 0.00 (0.00)	Loss 36.59782 (37.18110)	LR 0.00010	
[2025-03-27 06:08:11,084][train_val_withOT_btad.py][line: 311][    INFO] Epoch: [2/1000]	Iter: [201/113000]	Time 0.22 (0.22)	Data 0.00 (0.00)	Loss 36.81241 (37.46211)	LR 0.00010	
[2025-03-27 06:08:20,348][train_val_withOT_btad.py][line: 311][    INFO] Epoch: [3/1000]	Iter: [241/113000]	Time 0.22 (0.27)	Data 0.00 (0.05)	Loss 35.09886 (36.41105)	LR 0.00010	
[2025-03-27 06:08:28,754][train_val_withOT_btad.py][line: 311][    INFO] Epoch: [3/1000]	Iter: [281/113000]	Time 0.17 (0.21)	Data 0.00 (0.00)	Loss 37.90816 (37.32625)	LR 0.00010	
[2025-03-27 06:08:37,529][train_val_withOT_btad.py][line: 311][    INFO] Epoch: [3/1000]	Iter: [321/113000]	Time 0.21 (0.22)	Data 0.00 (0.00)	Loss 37.62818 (36.65461)	LR 0.00010	
[2025-03-27 06:08:46,993][train_val_withOT_btad.py][line: 311][    INFO] Epoch: [4/1000]	Iter: [361/113000]	Time 0.22 (0.25)	Data 0.00 (0.03)	Loss 35.79499 (36.38500)	LR 0.00010	
[2025-03-27 06:08:55,421][train_val_withOT_btad.py][line: 311][    INFO] Epoch: [4/1000]	Iter: [401/113000]	Time 0.16 (0.21)	Data 0.00 (0.00)	Loss 38.99220 (36.76702)	LR 0.00010	
[2025-03-27 06:09:04,193][train_val_withOT_btad.py][line: 311][    INFO] Epoch: [4/1000]	Iter: [441/113000]	Time 0.25 (0.22)	Data 0.00 (0.00)	Loss 35.70491 (36.98773)	LR 0.00010	
[2025-03-27 06:09:13,529][train_val_withOT_btad.py][line: 311][    INFO] Epoch: [5/1000]	Iter: [481/113000]	Time 0.21 (0.24)	Data 0.00 (0.03)	Loss 37.40559 (36.79326)	LR 0.00010	
[2025-03-27 06:09:22,090][train_val_withOT_btad.py][line: 311][    INFO] Epoch: [5/1000]	Iter: [521/113000]	Time 0.18 (0.21)	Data 0.00 (0.00)	Loss 38.01289 (36.88809)	LR 0.00010	
[2025-03-27 06:09:30,986][train_val_withOT_btad.py][line: 311][    INFO] Epoch: [5/1000]	Iter: [561/113000]	Time 0.21 (0.22)	Data 0.00 (0.00)	Loss 36.87615 (36.78989)	LR 0.00010	
[2025-03-27 06:09:41,140][train_val_withOT_btad.py][line: 311][    INFO] Epoch: [6/1000]	Iter: [601/113000]	Time 0.27 (0.26)	Data 0.00 (0.02)	Loss 36.37780 (36.64331)	LR 0.00010	
[2025-03-27 06:09:52,056][train_val_withOT_btad.py][line: 311][    INFO] Epoch: [6/1000]	Iter: [641/113000]	Time 0.27 (0.27)	Data 0.00 (0.00)	Loss 37.02323 (36.72919)	LR 0.00010	
[2025-03-27 06:10:03,433][train_val_withOT_btad.py][line: 311][    INFO] Epoch: [7/1000]	Iter: [681/113000]	Time 0.22 (0.66)	Data 0.00 (0.39)	Loss 36.21885 (36.01547)	LR 0.00010	
[2025-03-27 06:10:13,908][train_val_withOT_btad.py][line: 311][    INFO] Epoch: [7/1000]	Iter: [721/113000]	Time 0.29 (0.26)	Data 0.00 (0.00)	Loss 32.96075 (34.82269)	LR 0.00010	
[2025-03-27 06:10:24,662][train_val_withOT_btad.py][line: 311][    INFO] Epoch: [7/1000]	Iter: [761/113000]	Time 0.25 (0.27)	Data 0.00 (0.00)	Loss 32.41431 (33.54407)	LR 0.00010	
[2025-03-27 06:10:32,499][train_val_withOT_btad.py][line: 311][    INFO] Epoch: [8/1000]	Iter: [801/113000]	Time 0.17 (0.26)	Data 0.00 (0.08)	Loss 34.03369 (33.08343)	LR 0.00010	
[2025-03-27 06:10:40,924][train_val_withOT_btad.py][line: 311][    INFO] Epoch: [8/1000]	Iter: [841/113000]	Time 0.24 (0.21)	Data 0.00 (0.00)	Loss 30.94339 (32.31591)	LR 0.00010	
[2025-03-27 06:10:49,282][train_val_withOT_btad.py][line: 311][    INFO] Epoch: [8/1000]	Iter: [881/113000]	Time 0.23 (0.21)	Data 0.00 (0.00)	Loss 31.06221 (31.24341)	LR 0.00010	
[2025-03-27 06:10:59,053][train_val_withOT_btad.py][line: 311][    INFO] Epoch: [9/1000]	Iter: [921/113000]	Time 0.22 (0.27)	Data 0.00 (0.05)	Loss 32.38477 (30.59197)	LR 0.00010	
[2025-03-27 06:11:07,606][train_val_withOT_btad.py][line: 311][    INFO] Epoch: [9/1000]	Iter: [961/113000]	Time 0.22 (0.21)	Data 0.00 (0.00)	Loss 30.28994 (30.00376)	LR 0.00010	
[2025-03-27 06:11:15,844][train_val_withOT_btad.py][line: 311][    INFO] Epoch: [9/1000]	Iter: [1001/113000]	Time 0.22 (0.21)	Data 0.00 (0.00)	Loss 28.34314 (29.47661)	LR 0.00010	
[2025-03-27 06:11:25,572][train_val_withOT_btad.py][line: 311][    INFO] Epoch: [10/1000]	Iter: [1041/113000]	Time 0.23 (0.26)	Data 0.00 (0.04)	Loss 30.46981 (28.86292)	LR 0.00010	
[2025-03-27 06:11:33,747][train_val_withOT_btad.py][line: 311][    INFO] Epoch: [10/1000]	Iter: [1081/113000]	Time 0.23 (0.20)	Data 0.00 (0.00)	Loss 27.30099 (28.15461)	LR 0.00010	
[2025-03-27 06:11:42,007][train_val_withOT_btad.py][line: 311][    INFO] Epoch: [10/1000]	Iter: [1121/113000]	Time 0.19 (0.21)	Data 0.00 (0.00)	Loss 26.78847 (27.52773)	LR 0.00010	
[2025-03-27 06:11:51,682][train_val_withOT_btad.py][line: 311][    INFO] Epoch: [11/1000]	Iter: [1161/113000]	Time 0.23 (0.25)	Data 0.00 (0.03)	Loss 26.92247 (27.24191)	LR 0.00010	
[2025-03-27 06:12:00,137][train_val_withOT_btad.py][line: 311][    INFO] Epoch: [11/1000]	Iter: [1201/113000]	Time 0.23 (0.21)	Data 0.00 (0.00)	Loss 26.01705 (26.56359)	LR 0.00010	
[2025-03-27 06:12:08,473][train_val_withOT_btad.py][line: 311][    INFO] Epoch: [11/1000]	Iter: [1241/113000]	Time 0.17 (0.21)	Data 0.00 (0.00)	Loss 25.71449 (26.15783)	LR 0.00010	
[2025-03-27 06:12:18,266][train_val_withOT_btad.py][line: 311][    INFO] Epoch: [12/1000]	Iter: [1281/113000]	Time 0.24 (0.24)	Data 0.00 (0.02)	Loss 25.45322 (26.05188)	LR 0.00010	
[2025-03-27 06:12:26,540][train_val_withOT_btad.py][line: 311][    INFO] Epoch: [12/1000]	Iter: [1321/113000]	Time 0.21 (0.21)	Data 0.00 (0.00)	Loss 26.49830 (25.61798)	LR 0.00010	
[2025-03-27 06:12:35,818][train_val_withOT_btad.py][line: 311][    INFO] Epoch: [13/1000]	Iter: [1361/113000]	Time 0.18 (0.33)	Data 0.00 (0.15)	Loss 26.51217 (25.32657)	LR 0.00010	
[2025-03-27 06:12:44,525][train_val_withOT_btad.py][line: 311][    INFO] Epoch: [13/1000]	Iter: [1401/113000]	Time 0.21 (0.22)	Data 0.00 (0.00)	Loss 24.86814 (25.25023)	LR 0.00010	
[2025-03-27 06:12:53,798][train_val_withOT_btad.py][line: 311][    INFO] Epoch: [13/1000]	Iter: [1441/113000]	Time 0.24 (0.23)	Data 0.00 (0.00)	Loss 25.56182 (25.25718)	LR 0.00010	
[2025-03-27 06:13:04,970][train_val_withOT_btad.py][line: 311][    INFO] Epoch: [14/1000]	Iter: [1481/113000]	Time 0.21 (0.36)	Data 0.00 (0.10)	Loss 24.61544 (24.79071)	LR 0.00010	
[2025-03-27 06:13:14,753][train_val_withOT_btad.py][line: 311][    INFO] Epoch: [14/1000]	Iter: [1521/113000]	Time 0.28 (0.24)	Data 0.01 (0.00)	Loss 24.67934 (24.72052)	LR 0.00010	
[2025-03-27 06:13:25,676][train_val_withOT_btad.py][line: 311][    INFO] Epoch: [14/1000]	Iter: [1561/113000]	Time 0.20 (0.27)	Data 0.00 (0.00)	Loss 24.35932 (24.54093)	LR 0.00010	
[2025-03-27 06:13:37,144][train_val_withOT_btad.py][line: 311][    INFO] Epoch: [15/1000]	Iter: [1601/113000]	Time 0.31 (0.32)	Data 0.00 (0.06)	Loss 24.69885 (24.19845)	LR 0.00010	
[2025-03-27 06:13:44,847][train_val_withOT_btad.py][line: 311][    INFO] Epoch: [15/1000]	Iter: [1641/113000]	Time 0.18 (0.19)	Data 0.00 (0.00)	Loss 23.87310 (24.08919)	LR 0.00010	
[2025-03-27 06:13:52,386][train_val_withOT_btad.py][line: 311][    INFO] Epoch: [15/1000]	Iter: [1681/113000]	Time 0.26 (0.19)	Data 0.00 (0.00)	Loss 23.91880 (23.91026)	LR 0.00010	
[2025-03-27 06:14:01,764][train_val_withOT_btad.py][line: 311][    INFO] Epoch: [16/1000]	Iter: [1721/113000]	Time 0.17 (0.24)	Data 0.00 (0.03)	Loss 23.65056 (23.62549)	LR 0.00010	
[2025-03-27 06:14:10,513][train_val_withOT_btad.py][line: 311][    INFO] Epoch: [16/1000]	Iter: [1761/113000]	Time 0.22 (0.22)	Data 0.00 (0.00)	Loss 22.46877 (23.45225)	LR 0.00010	
[2025-03-27 06:14:19,018][train_val_withOT_btad.py][line: 311][    INFO] Epoch: [16/1000]	Iter: [1801/113000]	Time 0.24 (0.21)	Data 0.00 (0.00)	Loss 23.42889 (23.30494)	LR 0.00010	
[2025-03-27 06:14:28,600][train_val_withOT_btad.py][line: 311][    INFO] Epoch: [17/1000]	Iter: [1841/113000]	Time 0.16 (0.24)	Data 0.00 (0.02)	Loss 23.40205 (22.87687)	LR 0.00010	
[2025-03-27 06:14:37,252][train_val_withOT_btad.py][line: 311][    INFO] Epoch: [17/1000]	Iter: [1881/113000]	Time 0.24 (0.22)	Data 0.00 (0.00)	Loss 23.07385 (22.99354)	LR 0.00010	
[2025-03-27 06:14:45,727][train_val_withOT_btad.py][line: 311][    INFO] Epoch: [17/1000]	Iter: [1921/113000]	Time 0.16 (0.21)	Data 0.00 (0.00)	Loss 22.74952 (22.98310)	LR 0.00010	
[2025-03-27 06:14:55,856][train_val_withOT_btad.py][line: 311][    INFO] Epoch: [18/1000]	Iter: [1961/113000]	Time 0.21 (0.25)	Data 0.00 (0.03)	Loss 22.85402 (22.61942)	LR 0.00010	
[2025-03-27 06:15:04,408][train_val_withOT_btad.py][line: 311][    INFO] Epoch: [18/1000]	Iter: [2001/113000]	Time 0.23 (0.21)	Data 0.00 (0.00)	Loss 21.78277 (22.65814)	LR 0.00010	
[2025-03-27 06:15:13,691][train_val_withOT_btad.py][line: 311][    INFO] Epoch: [19/1000]	Iter: [2041/113000]	Time 0.24 (0.34)	Data 0.00 (0.10)	Loss 22.34365 (22.58098)	LR 0.00010	
[2025-03-27 06:15:22,296][train_val_withOT_btad.py][line: 311][    INFO] Epoch: [19/1000]	Iter: [2081/113000]	Time 0.19 (0.21)	Data 0.00 (0.00)	Loss 21.64511 (22.07421)	LR 0.00010	
[2025-03-27 06:15:30,579][train_val_withOT_btad.py][line: 311][    INFO] Epoch: [19/1000]	Iter: [2121/113000]	Time 0.19 (0.21)	Data 0.00 (0.00)	Loss 21.97975 (21.87316)	LR 0.00010	
[2025-03-27 06:15:39,959][train_val_withOT_btad.py][line: 311][    INFO] Epoch: [20/1000]	Iter: [2161/113000]	Time 0.20 (0.27)	Data 0.00 (0.05)	Loss 22.13572 (22.07186)	LR 0.00010	
[2025-03-27 06:15:48,552][train_val_withOT_btad.py][line: 311][    INFO] Epoch: [20/1000]	Iter: [2201/113000]	Time 0.23 (0.21)	Data 0.00 (0.00)	Loss 21.68109 (21.71062)	LR 0.00010	
[2025-03-27 06:15:56,918][train_val_withOT_btad.py][line: 311][    INFO] Epoch: [20/1000]	Iter: [2241/113000]	Time 0.23 (0.21)	Data 0.00 (0.00)	Loss 20.81952 (21.66503)	LR 0.00010	
[2025-03-27 06:16:06,747][train_val_withOT_btad.py][line: 311][    INFO] Epoch: [21/1000]	Iter: [2281/113000]	Time 0.33 (0.27)	Data 0.00 (0.04)	Loss 21.75194 (21.59399)	LR 0.00010	
[2025-03-27 06:16:17,613][train_val_withOT_btad.py][line: 311][    INFO] Epoch: [21/1000]	Iter: [2321/113000]	Time 0.24 (0.27)	Data 0.00 (0.00)	Loss 20.91903 (21.29193)	LR 0.00010	
[2025-03-27 06:16:28,330][train_val_withOT_btad.py][line: 311][    INFO] Epoch: [21/1000]	Iter: [2361/113000]	Time 0.25 (0.27)	Data 0.00 (0.00)	Loss 21.07053 (21.20324)	LR 0.00010	
[2025-03-27 06:16:39,880][train_val_withOT_btad.py][line: 311][    INFO] Epoch: [22/1000]	Iter: [2401/113000]	Time 0.25 (0.30)	Data 0.02 (0.03)	Loss 21.99080 (21.02569)	LR 0.00010	
[2025-03-27 06:16:50,546][train_val_withOT_btad.py][line: 311][    INFO] Epoch: [22/1000]	Iter: [2441/113000]	Time 0.26 (0.27)	Data 0.00 (0.00)	Loss 20.59472 (20.86160)	LR 0.00010	
[2025-03-27 06:16:58,310][train_val_withOT_btad.py][line: 311][    INFO] Epoch: [22/1000]	Iter: [2481/113000]	Time 0.17 (0.19)	Data 0.00 (0.00)	Loss 20.56411 (20.82404)	LR 0.00010	
[2025-03-27 06:17:06,846][train_val_withOT_btad.py][line: 311][    INFO] Epoch: [23/1000]	Iter: [2521/113000]	Time 0.23 (0.22)	Data 0.00 (0.02)	Loss 20.32810 (20.60301)	LR 0.00010	
[2025-03-27 06:17:15,602][train_val_withOT_btad.py][line: 311][    INFO] Epoch: [23/1000]	Iter: [2561/113000]	Time 0.21 (0.22)	Data 0.00 (0.00)	Loss 20.20883 (20.40593)	LR 0.00010	
[2025-03-27 06:17:25,042][train_val_withOT_btad.py][line: 311][    INFO] Epoch: [24/1000]	Iter: [2601/113000]	Time 0.21 (0.66)	Data 0.00 (0.43)	Loss 20.11293 (20.13929)	LR 0.00010	
[2025-03-27 06:17:33,653][train_val_withOT_btad.py][line: 311][    INFO] Epoch: [24/1000]	Iter: [2641/113000]	Time 0.23 (0.22)	Data 0.00 (0.00)	Loss 20.67483 (20.19055)	LR 0.00010	
[2025-03-27 06:17:42,438][train_val_withOT_btad.py][line: 311][    INFO] Epoch: [24/1000]	Iter: [2681/113000]	Time 0.23 (0.22)	Data 0.00 (0.00)	Loss 20.56646 (20.02944)	LR 0.00010	
[2025-03-27 06:17:52,088][train_val_withOT_btad.py][line: 311][    INFO] Epoch: [25/1000]	Iter: [2721/113000]	Time 0.22 (0.32)	Data 0.00 (0.09)	Loss 19.47902 (19.84769)	LR 0.00010	
[2025-03-27 06:18:00,527][train_val_withOT_btad.py][line: 311][    INFO] Epoch: [25/1000]	Iter: [2761/113000]	Time 0.21 (0.21)	Data 0.00 (0.00)	Loss 20.43041 (19.63502)	LR 0.00010	
[2025-03-27 06:18:09,170][train_val_withOT_btad.py][line: 311][    INFO] Epoch: [25/1000]	Iter: [2801/113000]	Time 0.19 (0.22)	Data 0.00 (0.00)	Loss 19.87489 (19.58189)	LR 0.00010	
[2025-03-27 06:18:18,595][train_val_withOT_btad.py][line: 311][    INFO] Epoch: [26/1000]	Iter: [2841/113000]	Time 0.22 (0.28)	Data 0.00 (0.05)	Loss 18.37905 (19.58788)	LR 0.00010	
[2025-03-27 06:18:27,166][train_val_withOT_btad.py][line: 311][    INFO] Epoch: [26/1000]	Iter: [2881/113000]	Time 0.23 (0.21)	Data 0.00 (0.00)	Loss 18.56961 (19.04138)	LR 0.00010	
[2025-03-27 06:18:35,949][train_val_withOT_btad.py][line: 311][    INFO] Epoch: [26/1000]	Iter: [2921/113000]	Time 0.22 (0.22)	Data 0.00 (0.00)	Loss 21.05685 (19.04759)	LR 0.00010	
[2025-03-27 06:18:45,278][train_val_withOT_btad.py][line: 311][    INFO] Epoch: [27/1000]	Iter: [2961/113000]	Time 0.21 (0.25)	Data 0.00 (0.03)	Loss 18.32707 (18.60349)	LR 0.00010	
[2025-03-27 06:18:53,716][train_val_withOT_btad.py][line: 311][    INFO] Epoch: [27/1000]	Iter: [3001/113000]	Time 0.19 (0.21)	Data 0.00 (0.00)	Loss 18.78444 (18.58885)	LR 0.00010	
[2025-03-27 06:19:02,545][train_val_withOT_btad.py][line: 311][    INFO] Epoch: [27/1000]	Iter: [3041/113000]	Time 0.22 (0.22)	Data 0.00 (0.00)	Loss 18.57656 (18.43205)	LR 0.00010	
[2025-03-27 06:19:11,667][train_val_withOT_btad.py][line: 311][    INFO] Epoch: [28/1000]	Iter: [3081/113000]	Time 0.22 (0.23)	Data 0.00 (0.02)	Loss 17.77337 (18.33772)	LR 0.00010	
[2025-03-27 06:19:20,064][train_val_withOT_btad.py][line: 311][    INFO] Epoch: [28/1000]	Iter: [3121/113000]	Time 0.15 (0.21)	Data 0.00 (0.00)	Loss 17.92510 (18.08473)	LR 0.00010	
[2025-03-27 06:19:30,452][train_val_withOT_btad.py][line: 311][    INFO] Epoch: [28/1000]	Iter: [3161/113000]	Time 0.20 (0.26)	Data 0.00 (0.00)	Loss 18.44996 (17.87094)	LR 0.00010	
[2025-03-27 06:19:43,007][train_val_withOT_btad.py][line: 311][    INFO] Epoch: [29/1000]	Iter: [3201/113000]	Time 0.26 (0.31)	Data 0.01 (0.04)	Loss 17.09785 (17.49972)	LR 0.00010	
[2025-03-27 06:19:53,494][train_val_withOT_btad.py][line: 311][    INFO] Epoch: [29/1000]	Iter: [3241/113000]	Time 0.25 (0.26)	Data 0.00 (0.00)	Loss 16.81361 (17.51821)	LR 0.00010	
[2025-03-27 06:20:17,132][train_val_withOT_btad.py][line: 372][    INFO] Test: [100/741]	Time 0.090 (0.138)
[2025-03-27 06:20:28,767][train_val_withOT_btad.py][line: 372][    INFO] Test: [200/741]	Time 0.134 (0.127)
[2025-03-27 06:20:40,530][train_val_withOT_btad.py][line: 372][    INFO] Test: [300/741]	Time 0.174 (0.124)
[2025-03-27 06:20:52,771][train_val_withOT_btad.py][line: 372][    INFO] Test: [400/741]	Time 0.123 (0.124)
[2025-03-27 06:21:05,303][train_val_withOT_btad.py][line: 372][    INFO] Test: [500/741]	Time 0.174 (0.124)
[2025-03-27 06:21:17,446][train_val_withOT_btad.py][line: 372][    INFO] Test: [600/741]	Time 0.117 (0.124)
[2025-03-27 06:21:29,490][train_val_withOT_btad.py][line: 372][    INFO] Test: [700/741]	Time 0.132 (0.123)
[2025-03-27 06:21:34,524][train_val_withOT_btad.py][line: 393][    INFO] Gathering final results ...
[2025-03-27 06:21:34,524][train_val_withOT_btad.py][line: 395][    INFO]  * Loss 46.30744	total_num=741
[2025-03-27 06:21:50,193][ eval_helper.py][line: 228][    INFO] 
|  clsname  |   max    |  pixel   |   std    |
|:---------:|:--------:|:--------:|:--------:|
|    03     | 0.773407 | 0.805628 | 0.559638 |
|    02     | 0.717458 | 0.885843 | 0.805479 |
|    01     | 0.812439 | 0.675913 | 0.671526 |
|   mean    | 0.767768 | 0.789128 | 0.678881 |
[2025-03-27 06:21:52,858][train_val_withOT_btad.py][line: 311][    INFO] Epoch: [30/1000]	Iter: [3281/113000]	Time 0.14 (0.46)	Data 0.00 (0.27)	Loss 17.96297 (17.65927)	LR 0.00010	
[2025-03-27 06:22:01,042][train_val_withOT_btad.py][line: 311][    INFO] Epoch: [30/1000]	Iter: [3321/113000]	Time 0.21 (0.20)	Data 0.00 (0.00)	Loss 17.70951 (17.20408)	LR 0.00010	
[2025-03-27 06:22:09,037][train_val_withOT_btad.py][line: 311][    INFO] Epoch: [30/1000]	Iter: [3361/113000]	Time 0.20 (0.20)	Data 0.00 (0.00)	Loss 16.65576 (17.10479)	LR 0.00010	
[2025-03-27 06:22:18,509][train_val_withOT_btad.py][line: 311][    INFO] Epoch: [31/1000]	Iter: [3401/113000]	Time 0.19 (0.29)	Data 0.00 (0.09)	Loss 16.76790 (16.63612)	LR 0.00010	
[2025-03-27 06:22:26,686][train_val_withOT_btad.py][line: 311][    INFO] Epoch: [31/1000]	Iter: [3441/113000]	Time 0.22 (0.20)	Data 0.00 (0.00)	Loss 16.39629 (16.65644)	LR 0.00010	
[2025-03-27 06:22:34,969][train_val_withOT_btad.py][line: 311][    INFO] Epoch: [31/1000]	Iter: [3481/113000]	Time 0.20 (0.21)	Data 0.00 (0.00)	Loss 15.93423 (16.55638)	LR 0.00010	
[2025-03-27 06:22:44,555][train_val_withOT_btad.py][line: 311][    INFO] Epoch: [32/1000]	Iter: [3521/113000]	Time 0.20 (0.27)	Data 0.00 (0.05)	Loss 16.56983 (16.92785)	LR 0.00010	
[2025-03-27 06:22:54,193][train_val_withOT_btad.py][line: 311][    INFO] Epoch: [32/1000]	Iter: [3561/113000]	Time 0.33 (0.24)	Data 0.00 (0.00)	Loss 17.19643 (16.45676)	LR 0.00010	
[2025-03-27 06:23:05,130][train_val_withOT_btad.py][line: 311][    INFO] Epoch: [32/1000]	Iter: [3601/113000]	Time 0.22 (0.27)	Data 0.00 (0.00)	Loss 15.58885 (16.33218)	LR 0.00010	
[2025-03-27 06:23:17,165][train_val_withOT_btad.py][line: 311][    INFO] Epoch: [33/1000]	Iter: [3641/113000]	Time 0.30 (0.32)	Data 0.00 (0.05)	Loss 15.36661 (16.32467)	LR 0.00010	
[2025-03-27 06:23:27,612][train_val_withOT_btad.py][line: 311][    INFO] Epoch: [33/1000]	Iter: [3681/113000]	Time 0.27 (0.26)	Data 0.00 (0.00)	Loss 16.94473 (16.25815)	LR 0.00010	
[2025-03-27 06:23:38,767][train_val_withOT_btad.py][line: 311][    INFO] Epoch: [33/1000]	Iter: [3721/113000]	Time 0.20 (0.28)	Data 0.00 (0.00)	Loss 15.29124 (16.18092)	LR 0.00010	
[2025-03-27 06:23:47,133][train_val_withOT_btad.py][line: 311][    INFO] Epoch: [34/1000]	Iter: [3761/113000]	Time 0.15 (0.20)	Data 0.00 (0.03)	Loss 16.93955 (15.86391)	LR 0.00010	
[2025-03-27 06:23:54,922][train_val_withOT_btad.py][line: 311][    INFO] Epoch: [34/1000]	Iter: [3801/113000]	Time 0.23 (0.19)	Data 0.00 (0.00)	Loss 15.46510 (15.79055)	LR 0.00010	
[2025-03-27 06:24:03,534][train_val_withOT_btad.py][line: 311][    INFO] Epoch: [34/1000]	Iter: [3841/113000]	Time 0.14 (0.22)	Data 0.00 (0.00)	Loss 15.40944 (16.02167)	LR 0.00010	
