[2024-12-29 19:18:41,168][   train_val.py][line:  88][    INFO] args: Namespace(config='./config.yaml', evaluate=True, local_rank=None, train_only_four_decoder=False)
[2024-12-29 19:18:41,170][   train_val.py][line:  89][    INFO] config: {'criterion': [{'kwargs': {'weight': 1.0},
                'name': 'FeatureMSELoss',
                'type': 'FeatureMSELoss'}],
 'dataset': {'batch_size': 16,
             'image_reader': {'kwargs': {'color_mode': 'RGB',
                                         'image_dir': '/home/customer/Desktop/ZZ/anomaly/GLAD-main/hdd/Datasets/MVTec-AD'},
                              'type': 'opencv'},
             'input_size': [224, 224],
             'pixel_mean': [0.485, 0.456, 0.406],
             'pixel_std': [0.229, 0.224, 0.225],
             'test': {'meta_file': '../../data/MVTec-AD/test.json'},
             'train': {'hflip': False,
                       'meta_file': '../../data/MVTec-AD/train.json',
                       'rebalance': False,
                       'rotate': False,
                       'vflip': False},
             'type': 'custom',
             'workers': 4},
 'evaluator': {'eval_dir': './result_eval_temp_mevtec_HVQOT',
               'key_metric': 'mean_max_auc',
               'metrics': {'auc': [{'name': 'std'},
                                   {'kwargs': {'avgpool_size': [16, 16]},
                                    'name': 'max'},
                                   {'name': 'pixel'}]},
               'save_dir': 'result_eval_temp_mevtec_HVQOT',
               'vis_compound': {'max_score': None,
                                'min_score': None,
                                'save_dir': 'checkpoints/HVQ_TR_switch/vis_compound_HVQ_TR_switch/visual'}},
 'exp_path': '.',
 'frozen_layers': ['backbone'],
 'log_path': './log/',
 'net': [{'frozen': True,
          'kwargs': {'outlayers': [1, 2, 3, 4], 'pretrained': True},
          'name': 'backbone',
          'type': 'models.backbones.efficientnet_b4'},
         {'kwargs': {'outstrides': [16]},
          'name': 'neck',
          'prev': 'backbone',
          'type': 'models.necks.MFCN'},
         {'kwargs': {'activation': 'relu',
                     'dim_feedforward': 1024,
                     'dropout': 0.1,
                     'feature_jitter': {'prob': 1.0, 'scale': 20.0},
                     'hidden_dim': 256,
                     'initializer': {'method': 'xavier_uniform'},
                     'neighbor_mask': {'mask': [True, True, True],
                                       'neighbor_size': [7, 7]},
                     'nhead': 8,
                     'normalize_before': False,
                     'num_decoder_layers': 4,
                     'num_encoder_layers': 4,
                     'pos_embed_type': 'learned',
                     'save_recon': {'save_dir': 'result_recon'}},
          'name': 'reconstruction',
          'prev': 'neck',
          'type': 'models.reconstructions.HVQ_TR_switch'}],
 'port': 11111,
 'random_seed': 133,
 'save_path': './checkpoints/HVQ_TR_switch',
 'saver': {'always_save': False,
           'auto_resume': False,
           'load_path': 'checkpoints',
           'log_dir': 'log/',
           'resume_model': '/home/customer/Desktop/ZZ/anomaly/HVQ-Trans-master/experiments/MVTec-AD/checkpoints/HVQ_TR_switch/ckpt_best.pth.tar',
           'save_dir': 'checkpoints/HVQ_TR_switch'},
 'trainer': {'clip_max_norm': 0.1,
             'lr_scheduler': {'kwargs': {'gamma': 0.1, 'step_size': 800},
                              'type': 'StepLR'},
             'max_epoch': 1000,
             'optimizer': {'kwargs': {'betas': [0.9, 0.999],
                                      'lr': 0.0001,
                                      'weight_decay': 0.0001},
                           'type': 'AdamW'},
             'print_freq_step': 80,
             'tb_freq_step': 1,
             'val_freq_epoch': 10},
 'version': 'v1.0.0'}
[2024-12-29 19:18:55,044][       utils.py][line: 719][    INFO]  not exist, load from https://github.com/lukemelas/EfficientNet-PyTorch/releases/download/1.0/efficientnet-b4-6ed6700e.pth
[2024-12-29 19:18:56,455][       utils.py][line: 740][    INFO] Loaded ImageNet pretrained efficientnet-b4
[2024-12-29 19:19:06,303][   train_val.py][line: 119][    INFO] layers: ['backbone', 'neck', 'reconstruction']
[2024-12-29 19:19:06,303][   train_val.py][line: 120][    INFO] active layers: ['reconstruction', 'neck']
[2024-12-29 19:19:06,306][custom_dataset.py][line:  41][    INFO] building CustomDataset from: ../../data/MVTec-AD/train.json
[2024-12-29 19:19:06,319][custom_dataset.py][line:  41][    INFO] building CustomDataset from: ../../data/MVTec-AD/test.json
[2024-12-29 19:19:26,625][   train_val.py][line: 367][    INFO] Test: [100/1725]	Time 0.146 (0.192)
[2024-12-29 19:19:44,561][   train_val.py][line: 367][    INFO] Test: [200/1725]	Time 0.200 (0.186)
[2024-12-29 19:20:02,251][   train_val.py][line: 367][    INFO] Test: [300/1725]	Time 0.177 (0.183)
[2024-12-29 19:20:19,455][   train_val.py][line: 367][    INFO] Test: [400/1725]	Time 0.177 (0.180)
[2024-12-29 19:20:37,951][   train_val.py][line: 367][    INFO] Test: [500/1725]	Time 0.185 (0.181)
[2024-12-29 19:20:56,212][   train_val.py][line: 367][    INFO] Test: [600/1725]	Time 0.118 (0.181)
[2024-12-29 19:21:14,377][   train_val.py][line: 367][    INFO] Test: [700/1725]	Time 0.150 (0.181)
[2024-12-29 19:21:32,263][   train_val.py][line: 367][    INFO] Test: [800/1725]	Time 0.195 (0.181)
[2024-12-29 19:21:50,232][   train_val.py][line: 367][    INFO] Test: [900/1725]	Time 0.190 (0.181)
[2024-12-29 19:22:08,269][   train_val.py][line: 367][    INFO] Test: [1000/1725]	Time 0.148 (0.181)
[2024-12-29 19:22:26,727][   train_val.py][line: 367][    INFO] Test: [1100/1725]	Time 0.169 (0.181)
[2024-12-29 19:22:45,159][   train_val.py][line: 367][    INFO] Test: [1200/1725]	Time 0.218 (0.181)
[2024-12-29 19:23:04,040][   train_val.py][line: 367][    INFO] Test: [1300/1725]	Time 0.181 (0.182)
[2024-12-29 19:23:22,269][   train_val.py][line: 367][    INFO] Test: [1400/1725]	Time 0.143 (0.182)
[2024-12-29 19:23:40,498][   train_val.py][line: 367][    INFO] Test: [1500/1725]	Time 0.205 (0.182)
[2024-12-29 19:23:58,687][   train_val.py][line: 367][    INFO] Test: [1600/1725]	Time 0.143 (0.182)
[2024-12-29 19:24:16,782][   train_val.py][line: 367][    INFO] Test: [1700/1725]	Time 0.197 (0.182)
[2024-12-29 19:24:21,464][   train_val.py][line: 388][    INFO] Gathering final results ...
[2024-12-29 19:24:21,465][   train_val.py][line: 390][    INFO]  * Loss 8.29103	total_num=1725
[2024-12-29 19:24:54,658][ eval_helper.py][line: 228][    INFO] 
|  clsname   |   max    |   std    |  pixel   |
|:----------:|:--------:|:--------:|:--------:|
|    grid    | 0.973266 | 0.934002 | 0.970509 |
|  capsule   | 0.955724 | 0.92142  | 0.985814 |
|   screw    | 0.957368 | 0.952654 | 0.983804 |
|   cable    | 0.995315 | 0.984633 | 0.981287 |
| metal_nut  | 0.999511 | 0.99609  | 0.96087  |
|    wood    | 0.972807 | 0.982456 | 0.927215 |
|   zipper   | 0.982931 | 0.981618 | 0.975229 |
|    tile    | 0.99062  |    1     | 0.926631 |
|   carpet   | 0.999197 | 0.998796 | 0.986779 |
|   bottle   |    1     |    1     | 0.983712 |
| toothbrush | 0.913889 |  0.975   | 0.984306 |
|  leather   |    1     |    1     | 0.988224 |
|    pill    | 0.965085 |  0.9018  | 0.971309 |
| transistor | 0.999583 | 0.996667 | 0.982947 |
|  hazelnut  | 0.999286 | 0.999643 | 0.987901 |
|    mean    | 0.980306 | 0.974985 | 0.973102 |
