[2025-01-02 01:12:25,753][   train_val.py][line:  88][    INFO] args: Namespace(config='./config_visa.yaml', evaluate=False, local_rank=None, train_only_four_decoder=False)
[2025-01-02 01:12:25,755][   train_val.py][line:  89][    INFO] config: {'criterion': [{'kwargs': {'weight': 1.0},
                'name': 'FeatureMSELoss',
                'type': 'FeatureMSELoss'}],
 'dataset': {'batch_size': 16,
             'image_reader': {'kwargs': {'color_mode': 'RGB',
                                         'image_dir': '/home/customer/Desktop/ZZ/anomaly/GLAD-main/hdd/Datasets/VisA_pytorch'},
                              'type': 'opencv'},
             'input_size': [224, 224],
             'pixel_mean': [0.485, 0.456, 0.406],
             'pixel_std': [0.229, 0.224, 0.225],
             'test': {'meta_file': '../../data/VISA/test.json'},
             'train': {'hflip': False,
                       'meta_file': '../../data/VISA/train.json',
                       'rebalance': False,
                       'rotate': False,
                       'vflip': False},
             'type': 'custom',
             'workers': 4},
 'evaluator': {'eval_dir': './result_eval_temp',
               'key_metric': 'mean_max_auc',
               'metrics': {'auc': [{'name': 'std'},
                                   {'kwargs': {'avgpool_size': [16, 16]},
                                    'name': 'max'},
                                   {'name': 'pixel'}]},
               'save_dir': 'result_eval_temp',
               'vis_compound': {'max_score': None,
                                'min_score': None,
                                'save_dir': 'checkpoints/HVQ_TR_switch_OT/vis_compound_HVQ_TR_switch_OT/visual_VisA'}},
 'exp_path': '.',
 'frozen_layers': ['backbone'],
 'log_path': './log/',
 'net': [{'frozen': True,
          'kwargs': {'outlayers': [1, 2, 3, 4], 'pretrained': True},
          'name': 'backbone',
          'type': 'models.backbones.efficientnet_b4'},
         {'kwargs': {'outstrides': [16]},
          'name': 'neck',
          'prev': 'backbone',
          'type': 'models.necks.MFCN'},
         {'kwargs': {'activation': 'relu',
                     'dim_feedforward': 1024,
                     'dropout': 0.1,
                     'feature_jitter': {'prob': 1.0, 'scale': 20.0},
                     'hidden_dim': 256,
                     'initializer': {'method': 'xavier_uniform'},
                     'neighbor_mask': {'mask': [True, True, True],
                                       'neighbor_size': [7, 7]},
                     'nhead': 8,
                     'normalize_before': False,
                     'num_decoder_layers': 4,
                     'num_encoder_layers': 4,
                     'pos_embed_type': 'learned',
                     'save_recon': {'save_dir': 'result_recon'}},
          'name': 'reconstruction',
          'prev': 'neck',
          'type': 'models.reconstructions.HVQ_TR_switch_OT'}],
 'port': 11111,
 'random_seed': 1234,
 'save_path': './checkpoints/HVQ_TR_switch_OT_VisA',
 'saver': {'always_save': False,
           'auto_resume': False,
           'load_path': 'checkpoints',
           'log_dir': 'log/',
           'resume_model': '/home/customer/Desktop/ZZ/anomaly/HVQ-Trans-master/experiments/MVTec-AD/checkpoints/HVQ_TR_switch_OT_VisA/ckpt_best.pth.tar',
           'save_dir': 'checkpoints/HVQ_TR_switch_OT_VisA'},
 'trainer': {'clip_max_norm': 0.1,
             'lr_scheduler': {'kwargs': {'gamma': 0.1, 'step_size': 800},
                              'type': 'StepLR'},
             'max_epoch': 1000,
             'optimizer': {'kwargs': {'betas': [0.9, 0.999],
                                      'lr': 0.0001,
                                      'weight_decay': 0.0001},
                           'type': 'AdamW'},
             'print_freq_step': 80,
             'tb_freq_step': 1,
             'val_freq_epoch': 10},
 'version': 'v1.0.0'}
[2025-01-02 01:12:41,688][       utils.py][line: 719][    INFO]  not exist, load from https://github.com/lukemelas/EfficientNet-PyTorch/releases/download/1.0/efficientnet-b4-6ed6700e.pth
[2025-01-02 01:12:43,137][       utils.py][line: 740][    INFO] Loaded ImageNet pretrained efficientnet-b4
[2025-01-02 01:12:49,535][   train_val.py][line: 119][    INFO] layers: ['backbone', 'neck', 'reconstruction']
[2025-01-02 01:12:49,535][   train_val.py][line: 120][    INFO] active layers: ['neck', 'reconstruction']
[2025-01-02 01:13:11,898][custom_dataset.py][line:  41][    INFO] building CustomDataset from: ../../data/VISA/train.json
[2025-01-02 01:13:12,131][custom_dataset.py][line:  41][    INFO] building CustomDataset from: ../../data/VISA/test.json
[2025-01-02 01:13:35,409][   train_val.py][line: 306][    INFO] Epoch: [600/1000]	Iter: [324721/542000]	Time 0.19 (0.37)	Data 0.00 (0.12)	Loss 10.46894 (10.03666)	LR 0.00010	
[2025-01-02 01:14:40,121][   train_val.py][line: 306][    INFO] Epoch: [600/1000]	Iter: [324801/542000]	Time 0.22 (0.81)	Data 0.00 (0.56)	Loss 9.98148 (10.07109)	LR 0.00010	
[2025-01-02 01:15:17,630][   train_val.py][line: 306][    INFO] Epoch: [600/1000]	Iter: [324881/542000]	Time 0.25 (0.47)	Data 0.00 (0.20)	Loss 9.14531 (9.98245)	LR 0.00010	
[2025-01-02 01:15:48,809][   train_val.py][line: 306][    INFO] Epoch: [600/1000]	Iter: [324961/542000]	Time 0.27 (0.39)	Data 0.00 (0.10)	Loss 9.72568 (9.89371)	LR 0.00010	
[2025-01-02 01:16:15,382][   train_val.py][line: 306][    INFO] Epoch: [600/1000]	Iter: [325041/542000]	Time 0.53 (0.33)	Data 0.13 (0.01)	Loss 10.55337 (10.02458)	LR 0.00010	
[2025-01-02 01:16:42,042][   train_val.py][line: 306][    INFO] Epoch: [600/1000]	Iter: [325121/542000]	Time 0.24 (0.33)	Data 0.00 (0.01)	Loss 10.24756 (9.91621)	LR 0.00010	
[2025-01-02 01:17:09,865][   train_val.py][line: 306][    INFO] Epoch: [601/1000]	Iter: [325201/542000]	Time 1.46 (1.46)	Data 0.97 (0.97)	Loss 8.96335 (8.96335)	LR 0.00010	
[2025-01-02 01:17:29,570][   train_val.py][line: 306][    INFO] Epoch: [601/1000]	Iter: [325281/542000]	Time 0.31 (0.25)	Data 0.00 (0.00)	Loss 8.89977 (9.93284)	LR 0.00010	
[2025-01-02 01:17:49,602][   train_val.py][line: 306][    INFO] Epoch: [601/1000]	Iter: [325361/542000]	Time 0.21 (0.25)	Data 0.00 (0.00)	Loss 9.40439 (9.95073)	LR 0.00010	
[2025-01-02 01:18:09,621][   train_val.py][line: 306][    INFO] Epoch: [601/1000]	Iter: [325441/542000]	Time 0.22 (0.25)	Data 0.00 (0.00)	Loss 9.51106 (9.83813)	LR 0.00010	
[2025-01-02 01:18:29,568][   train_val.py][line: 306][    INFO] Epoch: [601/1000]	Iter: [325521/542000]	Time 0.27 (0.25)	Data 0.00 (0.00)	Loss 10.47187 (10.18302)	LR 0.00010	
[2025-01-02 01:18:49,684][   train_val.py][line: 306][    INFO] Epoch: [601/1000]	Iter: [325601/542000]	Time 0.30 (0.25)	Data 0.00 (0.00)	Loss 10.65758 (10.01445)	LR 0.00010	
[2025-01-02 01:19:09,831][   train_val.py][line: 306][    INFO] Epoch: [601/1000]	Iter: [325681/542000]	Time 0.22 (0.25)	Data 0.00 (0.00)	Loss 10.93509 (10.06997)	LR 0.00010	
[2025-01-02 01:19:33,012][   train_val.py][line: 306][    INFO] Epoch: [602/1000]	Iter: [325761/542000]	Time 0.20 (0.29)	Data 0.00 (0.04)	Loss 10.72769 (10.18378)	LR 0.00010	
[2025-01-02 01:19:51,509][   train_val.py][line: 306][    INFO] Epoch: [602/1000]	Iter: [325841/542000]	Time 0.23 (0.23)	Data 0.00 (0.00)	Loss 9.59895 (9.93319)	LR 0.00010	
[2025-01-02 01:20:11,203][   train_val.py][line: 306][    INFO] Epoch: [602/1000]	Iter: [325921/542000]	Time 0.32 (0.25)	Data 0.00 (0.00)	Loss 9.81134 (9.96911)	LR 0.00010	
[2025-01-02 01:20:29,900][   train_val.py][line: 306][    INFO] Epoch: [602/1000]	Iter: [326001/542000]	Time 0.20 (0.23)	Data 0.00 (0.00)	Loss 9.90469 (10.00730)	LR 0.00010	
[2025-01-02 01:20:48,424][   train_val.py][line: 306][    INFO] Epoch: [602/1000]	Iter: [326081/542000]	Time 0.24 (0.23)	Data 0.00 (0.00)	Loss 12.13486 (10.04616)	LR 0.00010	
[2025-01-02 01:21:07,476][   train_val.py][line: 306][    INFO] Epoch: [602/1000]	Iter: [326161/542000]	Time 0.20 (0.24)	Data 0.00 (0.00)	Loss 9.54986 (10.04713)	LR 0.00010	
[2025-01-02 01:21:26,777][   train_val.py][line: 306][    INFO] Epoch: [602/1000]	Iter: [326241/542000]	Time 0.22 (0.24)	Data 0.00 (0.00)	Loss 10.53545 (9.90160)	LR 0.00010	
[2025-01-02 01:21:47,177][   train_val.py][line: 306][    INFO] Epoch: [603/1000]	Iter: [326321/542000]	Time 0.25 (0.27)	Data 0.00 (0.02)	Loss 9.26606 (9.90119)	LR 0.00010	
