[2025-01-15 01:58:40,289][train_val_woOT.py][line:  90][    INFO] args: Namespace(config='./config_visa_woOT.yaml', evaluate=True, local_rank=None, train_only_four_decoder=False)
[2025-01-15 01:58:40,290][train_val_woOT.py][line:  91][    INFO] config: {'criterion': [{'kwargs': {'weight': 1.0},
                'name': 'FeatureMSELoss',
                'type': 'FeatureMSELoss'}],
 'dataset': {'batch_size': 16,
             'image_reader': {'kwargs': {'color_mode': 'RGB',
                                         'image_dir': '/home/customer/Desktop/ZZ/anomaly/GLAD-main/hdd/Datasets/VisA_pytorch'},
                              'type': 'opencv'},
             'input_size': [224, 224],
             'pixel_mean': [0.485, 0.456, 0.406],
             'pixel_std': [0.229, 0.224, 0.225],
             'test': {'meta_file': '../../data/VISA/test.json'},
             'train': {'hflip': False,
                       'meta_file': '../../data/VISA/train.json',
                       'rebalance': False,
                       'rotate': False,
                       'vflip': False},
             'type': 'custom',
             'workers': 4},
 'evaluator': {'eval_dir': './result_eval_temp_VisA_from0',
               'key_metric': 'mean_max_auc',
               'metrics': {'auc': [{'name': 'std'},
                                   {'kwargs': {'avgpool_size': [16, 16]},
                                    'name': 'max'},
                                   {'name': 'pixel'},
                                   {'name': 'top250'},
                                   {'name': 'IImageap'},
                                   {'name': 'IImagef1max'},
                                   {'name': 'IImageauroc'},
                                   {'name': 'PPixelap'},
                                   {'name': 'PPixelf1max'},
                                   {'name': 'PPixelpro'},
                                   {'name': 'PPixelauroc'}]},
               'save_dir': 'result_eval_temp_VisA_from0',
               'vis_compound': {'max_score': None,
                                'min_score': None,
                                'save_dir': 'checkpoints/HVQ_TR_switch_VisA_from0/vis_compound_HVQ_TR_switch/visual_VisA_from0_woOT'}},
 'exp_path': '.',
 'frozen_layers': ['backbone'],
 'log_path': './log/',
 'net': [{'frozen': True,
          'kwargs': {'outlayers': [1, 2, 3, 4], 'pretrained': True},
          'name': 'backbone',
          'type': 'models.backbones.efficientnet_b4'},
         {'kwargs': {'outstrides': [16]},
          'name': 'neck',
          'prev': 'backbone',
          'type': 'models.necks.MFCN'},
         {'kwargs': {'activation': 'relu',
                     'dim_feedforward': 1024,
                     'dropout': 0.1,
                     'feature_jitter': {'prob': 1.0, 'scale': 20.0},
                     'hidden_dim': 256,
                     'initializer': {'method': 'xavier_uniform'},
                     'neighbor_mask': {'mask': [True, True, True],
                                       'neighbor_size': [7, 7]},
                     'nhead': 8,
                     'normalize_before': False,
                     'num_decoder_layers': 4,
                     'num_encoder_layers': 4,
                     'pos_embed_type': 'learned',
                     'save_recon': {'save_dir': 'result_recon_VisA_from0'}},
          'name': 'reconstruction',
          'prev': 'neck',
          'type': 'models.reconstructions.HVQ_TR_switch'}],
 'port': 11111,
 'random_seed': 1234,
 'save_path': './checkpoints/HVQ_TR_switch_VisA_from0_woOT',
 'saver': {'always_save': False,
           'auto_resume': False,
           'load_path': 'checkpoints',
           'log_dir': 'log/',
           'resume_model': '/home/customer/Desktop/ZZ/anomaly/HVQ-Trans-master/experiments/MVTec-AD/checkpoints/HVQ_TR_switch_VisA_from0_woOT/ckpt_best.pth.tar',
           'save_dir': 'checkpoints/HVQ_TR_switch_VisA_from0_woOT'},
 'trainer': {'clip_max_norm': 0.1,
             'lr_scheduler': {'kwargs': {'gamma': 0.1, 'step_size': 800},
                              'type': 'StepLR'},
             'max_epoch': 1000,
             'optimizer': {'kwargs': {'betas': [0.9, 0.999],
                                      'lr': 0.0001,
                                      'weight_decay': 0.0001},
                           'type': 'AdamW'},
             'print_freq_step': 80,
             'tb_freq_step': 1,
             'val_freq_epoch': 10},
 'version': 'v1.0.0'}
[2025-01-15 01:58:51,909][       utils.py][line: 719][    INFO]  not exist, load from https://github.com/lukemelas/EfficientNet-PyTorch/releases/download/1.0/efficientnet-b4-6ed6700e.pth
[2025-01-15 01:58:52,905][       utils.py][line: 740][    INFO] Loaded ImageNet pretrained efficientnet-b4
[2025-01-15 01:58:59,296][train_val_woOT.py][line: 121][    INFO] layers: ['backbone', 'neck', 'reconstruction']
[2025-01-15 01:58:59,296][train_val_woOT.py][line: 122][    INFO] active layers: ['reconstruction', 'neck']
[2025-01-15 01:59:06,805][custom_dataset.py][line:  41][    INFO] building CustomDataset from: ../../data/VISA/train.json
[2025-01-15 01:59:06,842][custom_dataset.py][line:  41][    INFO] building CustomDataset from: ../../data/VISA/test.json
[2025-01-15 01:59:14,075][train_val_woOT.py][line: 372][    INFO] Test: [100/2162]	Time 0.056 (0.065)
[2025-01-15 01:59:19,427][train_val_woOT.py][line: 372][    INFO] Test: [200/2162]	Time 0.049 (0.059)
[2025-01-15 01:59:24,894][train_val_woOT.py][line: 372][    INFO] Test: [300/2162]	Time 0.042 (0.058)
[2025-01-15 01:59:30,204][train_val_woOT.py][line: 372][    INFO] Test: [400/2162]	Time 0.051 (0.057)
[2025-01-15 01:59:35,556][train_val_woOT.py][line: 372][    INFO] Test: [500/2162]	Time 0.057 (0.056)
[2025-01-15 01:59:40,961][train_val_woOT.py][line: 372][    INFO] Test: [600/2162]	Time 0.063 (0.056)
[2025-01-15 01:59:46,358][train_val_woOT.py][line: 372][    INFO] Test: [700/2162]	Time 0.052 (0.055)
[2025-01-15 01:59:51,569][train_val_woOT.py][line: 372][    INFO] Test: [800/2162]	Time 0.052 (0.055)
[2025-01-15 01:59:57,153][train_val_woOT.py][line: 372][    INFO] Test: [900/2162]	Time 0.059 (0.055)
[2025-01-15 02:00:02,859][train_val_woOT.py][line: 372][    INFO] Test: [1000/2162]	Time 0.045 (0.055)
[2025-01-15 02:00:08,157][train_val_woOT.py][line: 372][    INFO] Test: [1100/2162]	Time 0.046 (0.055)
[2025-01-15 02:00:13,934][train_val_woOT.py][line: 372][    INFO] Test: [1200/2162]	Time 0.055 (0.055)
[2025-01-15 02:00:19,359][train_val_woOT.py][line: 372][    INFO] Test: [1300/2162]	Time 0.062 (0.055)
[2025-01-15 02:00:24,763][train_val_woOT.py][line: 372][    INFO] Test: [1400/2162]	Time 0.050 (0.055)
[2025-01-15 02:00:29,850][train_val_woOT.py][line: 372][    INFO] Test: [1500/2162]	Time 0.059 (0.055)
[2025-01-15 02:00:35,286][train_val_woOT.py][line: 372][    INFO] Test: [1600/2162]	Time 0.052 (0.055)
[2025-01-15 02:00:40,377][train_val_woOT.py][line: 372][    INFO] Test: [1700/2162]	Time 0.067 (0.055)
[2025-01-15 02:00:45,819][train_val_woOT.py][line: 372][    INFO] Test: [1800/2162]	Time 0.058 (0.055)
[2025-01-15 02:00:51,343][train_val_woOT.py][line: 372][    INFO] Test: [1900/2162]	Time 0.056 (0.055)
[2025-01-15 02:00:56,446][train_val_woOT.py][line: 372][    INFO] Test: [2000/2162]	Time 0.043 (0.054)
[2025-01-15 02:01:01,632][train_val_woOT.py][line: 372][    INFO] Test: [2100/2162]	Time 0.050 (0.054)
[2025-01-15 02:01:05,087][train_val_woOT.py][line: 393][    INFO] Gathering final results ...
[2025-01-15 02:01:05,087][train_val_woOT.py][line: 395][    INFO]  * Loss 5.35062	total_num=2162
[2025-01-15 02:14:16,247][eval_helper1.py][line: 428][    INFO] 
|  clsname   |  PPixelf1max  |   max    |  IImageap  |  PPixelpro  |   std    |  PPixelap  |  pixel   |  PPixelauroc  |  IImageauroc  |  IImagef1max  |  top250  |
|:----------:|:-------------:|:--------:|:----------:|:-----------:|:--------:|:----------:|:--------:|:-------------:|:-------------:|:-------------:|:--------:|
|    pcb3    |   0.227491    | 0.88495  |  0.894015  |  0.799295   | 0.798713 |  0.179736  | 0.982194 |   0.982194    |   0.890099    |    0.81106    | 0.890099 |
|    pcb2    |   0.164911    |  0.9342  |  0.941525  |  0.841002   |  0.8764  | 0.0952295  | 0.980912 |   0.980912    |    0.9326     |   0.887701    |  0.9326  |
| macaroni1  |   0.198684    |  0.8867  |  0.891172  |  0.938812   |  0.8451  | 0.0973214  | 0.990867 |   0.990867    |    0.8943     |   0.861244    |  0.8943  |
| macaroni2  |   0.105378    |  0.8459  |  0.833269  |  0.919225   |  0.6958  | 0.0401646  | 0.981085 |   0.981085    |    0.8461     |   0.791111    |  0.8461  |
|   fryum    |   0.559779    |  0.8712  |  0.943434  |  0.842305   |  0.8394  |  0.510033  | 0.976859 |   0.976859    |    0.8762     |   0.858447    |  0.8762  |
|    pcb4    |   0.360435    | 0.993069 |  0.991769  |  0.848048   | 0.994653 |  0.31943   | 0.980879 |   0.980879    |   0.993168    |   0.969697    | 0.993168 |
|    pcb1    |   0.636648    |  0.9513  |  0.944718  |  0.903903   |  0.9287  |  0.716394  | 0.995263 |   0.995263    |    0.9523     |   0.916256    |  0.9523  |
|  capsules  |   0.540435    | 0.748167 |  0.865924  |   0.73187   |  0.6595  |  0.497769  | 0.984382 |   0.984382    |   0.759667    |   0.779661    | 0.759667 |
|   candle   |   0.285596    |  0.9556  |  0.951527  |  0.945345   |  0.9574  |  0.185869  | 0.99053  |    0.99053    |    0.9542     |   0.885572    |  0.9542  |
| chewinggum |   0.416046    |  0.9906  |  0.995157  |  0.777335   |  0.9034  |  0.409145  | 0.98778  |    0.98778    |    0.9882     |     0.97      |  0.9882  |
|   cashew   |   0.609683    |  0.9218  |  0.964449  |  0.887844   |  0.8936  |  0.585968  | 0.992205 |   0.992205    |    0.9234     |   0.910891    |  0.9234  |
| pipe_fryum |   0.645819    |  0.9754  |  0.986174  |  0.937466   |  0.9102  |  0.619133  | 0.993599 |   0.993599    |     0.971     |   0.934673    |  0.971   |
|    mean    |   0.395909    | 0.913241 |  0.933594  |  0.864371   | 0.858572 |  0.354683  | 0.98638  |    0.98638    |   0.915103    |   0.881359    | 0.915103 |
